{"C:\\Users\\dogwa\\Documents\\Assignments\\SoftwareDesign\\SOFTWARE_DESIGN_COSC_4353\\server\\middleware\\auth.js": {"path":"C:\\Users\\dogwa\\Documents\\Assignments\\SoftwareDesign\\SOFTWARE_DESIGN_COSC_4353\\server\\middleware\\auth.js","statementMap":{"0":{"start":{"line":1,"column":12},"end":{"line":1,"column":35}},"1":{"start":{"line":3,"column":0},"end":{"line":29,"column":2}},"2":{"start":{"line":4,"column":21},"end":{"line":4,"column":49}},"3":{"start":{"line":7,"column":2},"end":{"line":9,"column":3}},"4":{"start":{"line":8,"column":4},"end":{"line":8,"column":66}},"5":{"start":{"line":11,"column":16},"end":{"line":11,"column":40}},"6":{"start":{"line":12,"column":2},"end":{"line":14,"column":3}},"7":{"start":{"line":13,"column":4},"end":{"line":13,"column":66}},"8":{"start":{"line":16,"column":2},"end":{"line":28,"column":3}},"9":{"start":{"line":17,"column":17},"end":{"line":17,"column":58}},"10":{"start":{"line":18,"column":4},"end":{"line":18,"column":20}},"11":{"start":{"line":19,"column":4},"end":{"line":19,"column":11}},"12":{"start":{"line":21,"column":4},"end":{"line":23,"column":5}},"13":{"start":{"line":22,"column":6},"end":{"line":22,"column":64}},"14":{"start":{"line":24,"column":4},"end":{"line":26,"column":5}},"15":{"start":{"line":25,"column":6},"end":{"line":25,"column":64}},"16":{"start":{"line":27,"column":4},"end":{"line":27,"column":61}}},"fnMap":{"0":{"name":"(anonymous_0)","decl":{"start":{"line":3,"column":17},"end":{"line":3,"column":18}},"loc":{"start":{"line":3,"column":43},"end":{"line":29,"column":1}},"line":3}},"branchMap":{"0":{"loc":{"start":{"line":7,"column":2},"end":{"line":9,"column":3}},"type":"if","locations":[{"start":{"line":7,"column":2},"end":{"line":9,"column":3}},{"start":{},"end":{}}],"line":7},"1":{"loc":{"start":{"line":7,"column":6},"end":{"line":7,"column":54}},"type":"binary-expr","locations":[{"start":{"line":7,"column":6},"end":{"line":7,"column":17}},{"start":{"line":7,"column":21},"end":{"line":7,"column":54}}],"line":7},"2":{"loc":{"start":{"line":12,"column":2},"end":{"line":14,"column":3}},"type":"if","locations":[{"start":{"line":12,"column":2},"end":{"line":14,"column":3}},{"start":{},"end":{}}],"line":12},"3":{"loc":{"start":{"line":21,"column":4},"end":{"line":23,"column":5}},"type":"if","locations":[{"start":{"line":21,"column":4},"end":{"line":23,"column":5}},{"start":{},"end":{}}],"line":21},"4":{"loc":{"start":{"line":24,"column":4},"end":{"line":26,"column":5}},"type":"if","locations":[{"start":{"line":24,"column":4},"end":{"line":26,"column":5}},{"start":{},"end":{}}],"line":24}},"s":{"0":1,"1":1,"2":9,"3":9,"4":3,"5":6,"6":6,"7":0,"8":6,"9":6,"10":3,"11":3,"12":3,"13":2,"14":1,"15":1,"16":0},"f":{"0":9},"b":{"0":[3,6],"1":[9,7],"2":[0,6],"3":[2,1],"4":[1,0]},"_coverageSchema":"1a1c01bbd47fc00a2c39e90264f33305004495a9","hash":"f4fec5b53b53d79cde6f3084b0421a2d25355a27"}
,"C:\\Users\\dogwa\\Documents\\Assignments\\SoftwareDesign\\SOFTWARE_DESIGN_COSC_4353\\server\\middleware\\role.js": {"path":"C:\\Users\\dogwa\\Documents\\Assignments\\SoftwareDesign\\SOFTWARE_DESIGN_COSC_4353\\server\\middleware\\role.js","statementMap":{"0":{"start":{"line":1,"column":0},"end":{"line":8,"column":2}},"1":{"start":{"line":2,"column":2},"end":{"line":7,"column":4}},"2":{"start":{"line":3,"column":4},"end":{"line":5,"column":5}},"3":{"start":{"line":4,"column":6},"end":{"line":4,"column":84}},"4":{"start":{"line":6,"column":4},"end":{"line":6,"column":11}}},"fnMap":{"0":{"name":"restrictTo","decl":{"start":{"line":1,"column":26},"end":{"line":1,"column":36}},"loc":{"start":{"line":1,"column":47},"end":{"line":8,"column":1}},"line":1},"1":{"name":"(anonymous_1)","decl":{"start":{"line":2,"column":9},"end":{"line":2,"column":10}},"loc":{"start":{"line":2,"column":29},"end":{"line":7,"column":3}},"line":2}},"branchMap":{"0":{"loc":{"start":{"line":3,"column":4},"end":{"line":5,"column":5}},"type":"if","locations":[{"start":{"line":3,"column":4},"end":{"line":5,"column":5}},{"start":{},"end":{}}],"line":3},"1":{"loc":{"start":{"line":3,"column":8},"end":{"line":3,"column":69}},"type":"binary-expr","locations":[{"start":{"line":3,"column":8},"end":{"line":3,"column":17}},{"start":{"line":3,"column":21},"end":{"line":3,"column":35}},{"start":{"line":3,"column":39},"end":{"line":3,"column":69}}],"line":3}},"s":{"0":8,"1":30,"2":9,"3":6,"4":3},"f":{"0":30,"1":9},"b":{"0":[6,3],"1":[9,8,7]},"_coverageSchema":"1a1c01bbd47fc00a2c39e90264f33305004495a9","hash":"85ae646061aaa853bf154f25acfe768104d6c869"}
,"C:\\Users\\dogwa\\Documents\\Assignments\\SoftwareDesign\\SOFTWARE_DESIGN_COSC_4353\\server\\routes\\adoption.js": {"path":"C:\\Users\\dogwa\\Documents\\Assignments\\SoftwareDesign\\SOFTWARE_DESIGN_COSC_4353\\server\\routes\\adoption.js","statementMap":{"0":{"start":{"line":1,"column":16},"end":{"line":1,"column":34}},"1":{"start":{"line":2,"column":15},"end":{"line":2,"column":31}},"2":{"start":{"line":3,"column":13},"end":{"line":3,"column":29}},"3":{"start":{"line":4,"column":13},"end":{"line":4,"column":42}},"4":{"start":{"line":7,"column":0},"end":{"line":18,"column":3}},"5":{"start":{"line":8,"column":97},"end":{"line":8,"column":105}},"6":{"start":{"line":9,"column":2},"end":{"line":17,"column":3}},"7":{"start":{"line":10,"column":21},"end":{"line":13,"column":5}},"8":{"start":{"line":14,"column":4},"end":{"line":14,"column":68}},"9":{"start":{"line":16,"column":4},"end":{"line":16,"column":74}},"10":{"start":{"line":21,"column":0},"end":{"line":29,"column":3}},"11":{"start":{"line":22,"column":2},"end":{"line":22,"column":89}},"12":{"start":{"line":22,"column":35},"end":{"line":22,"column":89}},"13":{"start":{"line":23,"column":2},"end":{"line":28,"column":3}},"14":{"start":{"line":24,"column":23},"end":{"line":24,"column":74}},"15":{"start":{"line":25,"column":4},"end":{"line":25,"column":23}},"16":{"start":{"line":27,"column":4},"end":{"line":27,"column":74}},"17":{"start":{"line":32,"column":0},"end":{"line":41,"column":3}},"18":{"start":{"line":33,"column":2},"end":{"line":33,"column":89}},"19":{"start":{"line":33,"column":35},"end":{"line":33,"column":89}},"20":{"start":{"line":34,"column":36},"end":{"line":34,"column":44}},"21":{"start":{"line":35,"column":2},"end":{"line":40,"column":3}},"22":{"start":{"line":36,"column":4},"end":{"line":36,"column":130}},"23":{"start":{"line":37,"column":4},"end":{"line":37,"column":54}},"24":{"start":{"line":39,"column":4},"end":{"line":39,"column":74}},"25":{"start":{"line":44,"column":0},"end":{"line":51,"column":3}},"26":{"start":{"line":45,"column":2},"end":{"line":50,"column":3}},"27":{"start":{"line":46,"column":23},"end":{"line":46,"column":117}},"28":{"start":{"line":47,"column":4},"end":{"line":47,"column":23}},"29":{"start":{"line":49,"column":4},"end":{"line":49,"column":74}},"30":{"start":{"line":53,"column":0},"end":{"line":53,"column":24}}},"fnMap":{"0":{"name":"(anonymous_0)","decl":{"start":{"line":7,"column":23},"end":{"line":7,"column":24}},"loc":{"start":{"line":7,"column":43},"end":{"line":18,"column":1}},"line":7},"1":{"name":"(anonymous_1)","decl":{"start":{"line":21,"column":22},"end":{"line":21,"column":23}},"loc":{"start":{"line":21,"column":42},"end":{"line":29,"column":1}},"line":21},"2":{"name":"(anonymous_2)","decl":{"start":{"line":32,"column":25},"end":{"line":32,"column":26}},"loc":{"start":{"line":32,"column":45},"end":{"line":41,"column":1}},"line":32},"3":{"name":"(anonymous_3)","decl":{"start":{"line":44,"column":34},"end":{"line":44,"column":35}},"loc":{"start":{"line":44,"column":54},"end":{"line":51,"column":1}},"line":44}},"branchMap":{"0":{"loc":{"start":{"line":22,"column":2},"end":{"line":22,"column":89}},"type":"if","locations":[{"start":{"line":22,"column":2},"end":{"line":22,"column":89}},{"start":{},"end":{}}],"line":22},"1":{"loc":{"start":{"line":33,"column":2},"end":{"line":33,"column":89}},"type":"if","locations":[{"start":{"line":33,"column":2},"end":{"line":33,"column":89}},{"start":{},"end":{}}],"line":33}},"s":{"0":8,"1":8,"2":8,"3":8,"4":8,"5":2,"6":2,"7":2,"8":1,"9":1,"10":8,"11":2,"12":1,"13":1,"14":1,"15":1,"16":0,"17":8,"18":2,"19":1,"20":1,"21":1,"22":1,"23":1,"24":0,"25":8,"26":2,"27":2,"28":1,"29":1,"30":8},"f":{"0":2,"1":2,"2":2,"3":2},"b":{"0":[1,1],"1":[1,1]},"_coverageSchema":"1a1c01bbd47fc00a2c39e90264f33305004495a9","hash":"073703a8c48f17711b83f376a2b06613691cc1c0"}
,"C:\\Users\\dogwa\\Documents\\Assignments\\SoftwareDesign\\SOFTWARE_DESIGN_COSC_4353\\server\\routes\\animals.js": {"path":"C:\\Users\\dogwa\\Documents\\Assignments\\SoftwareDesign\\SOFTWARE_DESIGN_COSC_4353\\server\\routes\\animals.js","statementMap":{"0":{"start":{"line":1,"column":16},"end":{"line":1,"column":34}},"1":{"start":{"line":2,"column":15},"end":{"line":2,"column":31}},"2":{"start":{"line":3,"column":13},"end":{"line":3,"column":29}},"3":{"start":{"line":4,"column":13},"end":{"line":4,"column":42}},"4":{"start":{"line":7,"column":0},"end":{"line":14,"column":3}},"5":{"start":{"line":8,"column":2},"end":{"line":13,"column":3}},"6":{"start":{"line":9,"column":22},"end":{"line":9,"column":63}},"7":{"start":{"line":10,"column":4},"end":{"line":10,"column":22}},"8":{"start":{"line":12,"column":4},"end":{"line":12,"column":74}},"9":{"start":{"line":17,"column":0},"end":{"line":25,"column":3}},"10":{"start":{"line":18,"column":2},"end":{"line":24,"column":3}},"11":{"start":{"line":19,"column":22},"end":{"line":19,"column":100}},"12":{"start":{"line":20,"column":4},"end":{"line":20,"column":91}},"13":{"start":{"line":20,"column":30},"end":{"line":20,"column":91}},"14":{"start":{"line":21,"column":4},"end":{"line":21,"column":25}},"15":{"start":{"line":23,"column":4},"end":{"line":23,"column":74}},"16":{"start":{"line":28,"column":0},"end":{"line":39,"column":3}},"17":{"start":{"line":29,"column":225},"end":{"line":29,"column":233}},"18":{"start":{"line":30,"column":2},"end":{"line":38,"column":3}},"19":{"start":{"line":31,"column":21},"end":{"line":34,"column":5}},"20":{"start":{"line":35,"column":4},"end":{"line":35,"column":77}},"21":{"start":{"line":37,"column":4},"end":{"line":37,"column":74}},"22":{"start":{"line":42,"column":0},"end":{"line":53,"column":3}},"23":{"start":{"line":43,"column":98},"end":{"line":43,"column":106}},"24":{"start":{"line":44,"column":2},"end":{"line":52,"column":3}},"25":{"start":{"line":45,"column":21},"end":{"line":48,"column":5}},"26":{"start":{"line":49,"column":4},"end":{"line":49,"column":44}},"27":{"start":{"line":51,"column":4},"end":{"line":51,"column":74}},"28":{"start":{"line":56,"column":0},"end":{"line":63,"column":3}},"29":{"start":{"line":57,"column":2},"end":{"line":62,"column":3}},"30":{"start":{"line":58,"column":4},"end":{"line":58,"column":81}},"31":{"start":{"line":59,"column":4},"end":{"line":59,"column":44}},"32":{"start":{"line":61,"column":4},"end":{"line":61,"column":74}},"33":{"start":{"line":65,"column":0},"end":{"line":65,"column":24}}},"fnMap":{"0":{"name":"(anonymous_0)","decl":{"start":{"line":7,"column":16},"end":{"line":7,"column":17}},"loc":{"start":{"line":7,"column":36},"end":{"line":14,"column":1}},"line":7},"1":{"name":"(anonymous_1)","decl":{"start":{"line":17,"column":19},"end":{"line":17,"column":20}},"loc":{"start":{"line":17,"column":39},"end":{"line":25,"column":1}},"line":17},"2":{"name":"(anonymous_2)","decl":{"start":{"line":28,"column":23},"end":{"line":28,"column":24}},"loc":{"start":{"line":28,"column":43},"end":{"line":39,"column":1}},"line":28},"3":{"name":"(anonymous_3)","decl":{"start":{"line":42,"column":25},"end":{"line":42,"column":26}},"loc":{"start":{"line":42,"column":45},"end":{"line":53,"column":1}},"line":42},"4":{"name":"(anonymous_4)","decl":{"start":{"line":56,"column":28},"end":{"line":56,"column":29}},"loc":{"start":{"line":56,"column":48},"end":{"line":63,"column":1}},"line":56}},"branchMap":{"0":{"loc":{"start":{"line":20,"column":4},"end":{"line":20,"column":91}},"type":"if","locations":[{"start":{"line":20,"column":4},"end":{"line":20,"column":91}},{"start":{},"end":{}}],"line":20}},"s":{"0":8,"1":8,"2":8,"3":8,"4":8,"5":2,"6":2,"7":1,"8":1,"9":8,"10":2,"11":2,"12":2,"13":1,"14":1,"15":0,"16":8,"17":2,"18":2,"19":2,"20":1,"21":1,"22":8,"23":2,"24":2,"25":2,"26":1,"27":1,"28":8,"29":2,"30":2,"31":1,"32":1,"33":8},"f":{"0":2,"1":2,"2":2,"3":2,"4":2},"b":{"0":[1,1]},"_coverageSchema":"1a1c01bbd47fc00a2c39e90264f33305004495a9","hash":"6ae3efd3353ca818a5490587c4aae49dcf655a31"}
,"C:\\Users\\dogwa\\Documents\\Assignments\\SoftwareDesign\\SOFTWARE_DESIGN_COSC_4353\\server\\routes\\donations.js": {"path":"C:\\Users\\dogwa\\Documents\\Assignments\\SoftwareDesign\\SOFTWARE_DESIGN_COSC_4353\\server\\routes\\donations.js","statementMap":{"0":{"start":{"line":1,"column":16},"end":{"line":1,"column":34}},"1":{"start":{"line":2,"column":15},"end":{"line":2,"column":31}},"2":{"start":{"line":3,"column":13},"end":{"line":3,"column":29}},"3":{"start":{"line":4,"column":13},"end":{"line":4,"column":42}},"4":{"start":{"line":7,"column":0},"end":{"line":20,"column":3}},"5":{"start":{"line":8,"column":51},"end":{"line":8,"column":59}},"6":{"start":{"line":9,"column":2},"end":{"line":19,"column":3}},"7":{"start":{"line":10,"column":21},"end":{"line":13,"column":5}},"8":{"start":{"line":15,"column":4},"end":{"line":15,"column":132}},"9":{"start":{"line":16,"column":4},"end":{"line":16,"column":76}},"10":{"start":{"line":18,"column":4},"end":{"line":18,"column":74}},"11":{"start":{"line":23,"column":0},"end":{"line":33,"column":3}},"12":{"start":{"line":24,"column":2},"end":{"line":32,"column":3}},"13":{"start":{"line":25,"column":24},"end":{"line":28,"column":5}},"14":{"start":{"line":29,"column":4},"end":{"line":29,"column":24}},"15":{"start":{"line":31,"column":4},"end":{"line":31,"column":74}},"16":{"start":{"line":36,"column":0},"end":{"line":44,"column":3}},"17":{"start":{"line":37,"column":2},"end":{"line":37,"column":89}},"18":{"start":{"line":37,"column":35},"end":{"line":37,"column":89}},"19":{"start":{"line":38,"column":2},"end":{"line":43,"column":3}},"20":{"start":{"line":39,"column":24},"end":{"line":39,"column":67}},"21":{"start":{"line":40,"column":4},"end":{"line":40,"column":24}},"22":{"start":{"line":42,"column":4},"end":{"line":42,"column":74}},"23":{"start":{"line":46,"column":0},"end":{"line":46,"column":24}}},"fnMap":{"0":{"name":"(anonymous_0)","decl":{"start":{"line":7,"column":23},"end":{"line":7,"column":24}},"loc":{"start":{"line":7,"column":43},"end":{"line":20,"column":1}},"line":7},"1":{"name":"(anonymous_1)","decl":{"start":{"line":23,"column":24},"end":{"line":23,"column":25}},"loc":{"start":{"line":23,"column":44},"end":{"line":33,"column":1}},"line":23},"2":{"name":"(anonymous_2)","decl":{"start":{"line":36,"column":22},"end":{"line":36,"column":23}},"loc":{"start":{"line":36,"column":42},"end":{"line":44,"column":1}},"line":36}},"branchMap":{"0":{"loc":{"start":{"line":37,"column":2},"end":{"line":37,"column":89}},"type":"if","locations":[{"start":{"line":37,"column":2},"end":{"line":37,"column":89}},{"start":{},"end":{}}],"line":37}},"s":{"0":8,"1":8,"2":8,"3":8,"4":8,"5":2,"6":2,"7":2,"8":1,"9":1,"10":1,"11":8,"12":2,"13":2,"14":1,"15":1,"16":8,"17":3,"18":1,"19":2,"20":2,"21":1,"22":1,"23":8},"f":{"0":2,"1":2,"2":3},"b":{"0":[1,2]},"_coverageSchema":"1a1c01bbd47fc00a2c39e90264f33305004495a9","hash":"74abcf61fd3b0f1f1751234ceea0238b2390e0af"}
,"C:\\Users\\dogwa\\Documents\\Assignments\\SoftwareDesign\\SOFTWARE_DESIGN_COSC_4353\\server\\routes\\events.js": {"path":"C:\\Users\\dogwa\\Documents\\Assignments\\SoftwareDesign\\SOFTWARE_DESIGN_COSC_4353\\server\\routes\\events.js","statementMap":{"0":{"start":{"line":1,"column":16},"end":{"line":1,"column":34}},"1":{"start":{"line":2,"column":15},"end":{"line":2,"column":31}},"2":{"start":{"line":3,"column":13},"end":{"line":3,"column":29}},"3":{"start":{"line":4,"column":13},"end":{"line":4,"column":42}},"4":{"start":{"line":7,"column":26},"end":{"line":35,"column":1}},"5":{"start":{"line":8,"column":17},"end":{"line":8,"column":19}},"6":{"start":{"line":10,"column":2},"end":{"line":12,"column":3}},"7":{"start":{"line":11,"column":4},"end":{"line":11,"column":76}},"8":{"start":{"line":14,"column":2},"end":{"line":16,"column":3}},"9":{"start":{"line":15,"column":4},"end":{"line":15,"column":82}},"10":{"start":{"line":18,"column":2},"end":{"line":20,"column":3}},"11":{"start":{"line":19,"column":4},"end":{"line":19,"column":48}},"12":{"start":{"line":22,"column":2},"end":{"line":24,"column":3}},"13":{"start":{"line":23,"column":4},"end":{"line":23,"column":79}},"14":{"start":{"line":26,"column":2},"end":{"line":28,"column":3}},"15":{"start":{"line":27,"column":4},"end":{"line":27,"column":66}},"16":{"start":{"line":30,"column":2},"end":{"line":32,"column":3}},"17":{"start":{"line":31,"column":4},"end":{"line":31,"column":52}},"18":{"start":{"line":34,"column":2},"end":{"line":34,"column":16}},"19":{"start":{"line":38,"column":0},"end":{"line":60,"column":3}},"20":{"start":{"line":39,"column":2},"end":{"line":59,"column":3}},"21":{"start":{"line":40,"column":21},"end":{"line":47,"column":6}},"22":{"start":{"line":50,"column":29},"end":{"line":53,"column":7}},"23":{"start":{"line":50,"column":50},"end":{"line":53,"column":5}},"24":{"start":{"line":55,"column":4},"end":{"line":55,"column":31}},"25":{"start":{"line":57,"column":4},"end":{"line":57,"column":49}},"26":{"start":{"line":58,"column":4},"end":{"line":58,"column":74}},"27":{"start":{"line":63,"column":0},"end":{"line":88,"column":3}},"28":{"start":{"line":64,"column":2},"end":{"line":87,"column":3}},"29":{"start":{"line":65,"column":21},"end":{"line":74,"column":23}},"30":{"start":{"line":76,"column":4},"end":{"line":78,"column":5}},"31":{"start":{"line":77,"column":6},"end":{"line":77,"column":66}},"32":{"start":{"line":80,"column":18},"end":{"line":80,"column":27}},"33":{"start":{"line":81,"column":4},"end":{"line":81,"column":106}},"34":{"start":{"line":83,"column":4},"end":{"line":83,"column":20}},"35":{"start":{"line":85,"column":4},"end":{"line":85,"column":48}},"36":{"start":{"line":86,"column":4},"end":{"line":86,"column":74}},"37":{"start":{"line":91,"column":0},"end":{"line":130,"column":3}},"38":{"start":{"line":92,"column":2},"end":{"line":94,"column":3}},"39":{"start":{"line":93,"column":4},"end":{"line":93,"column":80}},"40":{"start":{"line":96,"column":97},"end":{"line":96,"column":105}},"41":{"start":{"line":99,"column":17},"end":{"line":99,"column":100}},"42":{"start":{"line":100,"column":2},"end":{"line":102,"column":3}},"43":{"start":{"line":101,"column":4},"end":{"line":101,"column":74}},"44":{"start":{"line":104,"column":2},"end":{"line":129,"column":3}},"45":{"start":{"line":106,"column":21},"end":{"line":109,"column":5}},"46":{"start":{"line":111,"column":20},"end":{"line":111,"column":35}},"47":{"start":{"line":114,"column":4},"end":{"line":121,"column":5}},"48":{"start":{"line":115,"column":6},"end":{"line":120,"column":7}},"49":{"start":{"line":116,"column":8},"end":{"line":119,"column":10}},"50":{"start":{"line":123,"column":4},"end":{"line":126,"column":7}},"51":{"start":{"line":128,"column":4},"end":{"line":128,"column":74}},"52":{"start":{"line":133,"column":0},"end":{"line":168,"column":3}},"53":{"start":{"line":134,"column":2},"end":{"line":136,"column":3}},"54":{"start":{"line":135,"column":4},"end":{"line":135,"column":80}},"55":{"start":{"line":138,"column":97},"end":{"line":138,"column":105}},"56":{"start":{"line":141,"column":17},"end":{"line":141,"column":100}},"57":{"start":{"line":142,"column":2},"end":{"line":144,"column":3}},"58":{"start":{"line":143,"column":4},"end":{"line":143,"column":74}},"59":{"start":{"line":146,"column":2},"end":{"line":167,"column":3}},"60":{"start":{"line":148,"column":4},"end":{"line":151,"column":6}},"61":{"start":{"line":154,"column":4},"end":{"line":162,"column":5}},"62":{"start":{"line":155,"column":6},"end":{"line":155,"column":87}},"63":{"start":{"line":156,"column":6},"end":{"line":161,"column":7}},"64":{"start":{"line":157,"column":8},"end":{"line":160,"column":10}},"65":{"start":{"line":164,"column":4},"end":{"line":164,"column":56}},"66":{"start":{"line":166,"column":4},"end":{"line":166,"column":74}},"67":{"start":{"line":171,"column":0},"end":{"line":192,"column":3}},"68":{"start":{"line":172,"column":2},"end":{"line":174,"column":3}},"69":{"start":{"line":173,"column":4},"end":{"line":173,"column":80}},"70":{"start":{"line":176,"column":2},"end":{"line":191,"column":3}},"71":{"start":{"line":178,"column":20},"end":{"line":178,"column":91}},"72":{"start":{"line":179,"column":4},"end":{"line":181,"column":5}},"73":{"start":{"line":180,"column":6},"end":{"line":180,"column":66}},"74":{"start":{"line":183,"column":4},"end":{"line":183,"column":85}},"75":{"start":{"line":184,"column":4},"end":{"line":184,"column":92}},"76":{"start":{"line":185,"column":4},"end":{"line":185,"column":73}},"77":{"start":{"line":187,"column":4},"end":{"line":187,"column":56}},"78":{"start":{"line":189,"column":4},"end":{"line":189,"column":48}},"79":{"start":{"line":190,"column":4},"end":{"line":190,"column":74}},"80":{"start":{"line":195,"column":0},"end":{"line":227,"column":3}},"81":{"start":{"line":196,"column":2},"end":{"line":226,"column":3}},"82":{"start":{"line":198,"column":23},"end":{"line":201,"column":5}},"83":{"start":{"line":203,"column":4},"end":{"line":205,"column":5}},"84":{"start":{"line":204,"column":6},"end":{"line":204,"column":84}},"85":{"start":{"line":208,"column":20},"end":{"line":211,"column":5}},"86":{"start":{"line":213,"column":4},"end":{"line":215,"column":5}},"87":{"start":{"line":214,"column":6},"end":{"line":214,"column":64}},"88":{"start":{"line":218,"column":4},"end":{"line":221,"column":6}},"89":{"start":{"line":223,"column":4},"end":{"line":223,"column":63}},"90":{"start":{"line":225,"column":4},"end":{"line":225,"column":74}},"91":{"start":{"line":230,"column":0},"end":{"line":241,"column":3}},"92":{"start":{"line":231,"column":2},"end":{"line":240,"column":3}},"93":{"start":{"line":232,"column":4},"end":{"line":235,"column":6}},"94":{"start":{"line":237,"column":4},"end":{"line":237,"column":66}},"95":{"start":{"line":239,"column":4},"end":{"line":239,"column":74}},"96":{"start":{"line":243,"column":0},"end":{"line":243,"column":24}}},"fnMap":{"0":{"name":"(anonymous_0)","decl":{"start":{"line":7,"column":26},"end":{"line":7,"column":27}},"loc":{"start":{"line":7,"column":36},"end":{"line":35,"column":1}},"line":7},"1":{"name":"(anonymous_1)","decl":{"start":{"line":38,"column":16},"end":{"line":38,"column":17}},"loc":{"start":{"line":38,"column":36},"end":{"line":60,"column":1}},"line":38},"2":{"name":"(anonymous_2)","decl":{"start":{"line":50,"column":40},"end":{"line":50,"column":41}},"loc":{"start":{"line":50,"column":50},"end":{"line":53,"column":5}},"line":50},"3":{"name":"(anonymous_3)","decl":{"start":{"line":63,"column":19},"end":{"line":63,"column":20}},"loc":{"start":{"line":63,"column":39},"end":{"line":88,"column":1}},"line":63},"4":{"name":"(anonymous_4)","decl":{"start":{"line":91,"column":23},"end":{"line":91,"column":24}},"loc":{"start":{"line":91,"column":43},"end":{"line":130,"column":1}},"line":91},"5":{"name":"(anonymous_5)","decl":{"start":{"line":133,"column":25},"end":{"line":133,"column":26}},"loc":{"start":{"line":133,"column":45},"end":{"line":168,"column":1}},"line":133},"6":{"name":"(anonymous_6)","decl":{"start":{"line":171,"column":28},"end":{"line":171,"column":29}},"loc":{"start":{"line":171,"column":48},"end":{"line":192,"column":1}},"line":171},"7":{"name":"(anonymous_7)","decl":{"start":{"line":195,"column":35},"end":{"line":195,"column":36}},"loc":{"start":{"line":195,"column":55},"end":{"line":227,"column":1}},"line":195},"8":{"name":"(anonymous_8)","decl":{"start":{"line":230,"column":37},"end":{"line":230,"column":38}},"loc":{"start":{"line":230,"column":57},"end":{"line":241,"column":1}},"line":230}},"branchMap":{"0":{"loc":{"start":{"line":10,"column":2},"end":{"line":12,"column":3}},"type":"if","locations":[{"start":{"line":10,"column":2},"end":{"line":12,"column":3}},{"start":{},"end":{}}],"line":10},"1":{"loc":{"start":{"line":10,"column":6},"end":{"line":10,"column":44}},"type":"binary-expr","locations":[{"start":{"line":10,"column":6},"end":{"line":10,"column":17}},{"start":{"line":10,"column":21},"end":{"line":10,"column":44}}],"line":10},"2":{"loc":{"start":{"line":14,"column":2},"end":{"line":16,"column":3}},"type":"if","locations":[{"start":{"line":14,"column":2},"end":{"line":16,"column":3}},{"start":{},"end":{}}],"line":14},"3":{"loc":{"start":{"line":14,"column":6},"end":{"line":14,"column":56}},"type":"binary-expr","locations":[{"start":{"line":14,"column":6},"end":{"line":14,"column":23}},{"start":{"line":14,"column":27},"end":{"line":14,"column":56}}],"line":14},"4":{"loc":{"start":{"line":18,"column":2},"end":{"line":20,"column":3}},"type":"if","locations":[{"start":{"line":18,"column":2},"end":{"line":20,"column":3}},{"start":{},"end":{}}],"line":18},"5":{"loc":{"start":{"line":18,"column":6},"end":{"line":18,"column":42}},"type":"binary-expr","locations":[{"start":{"line":18,"column":6},"end":{"line":18,"column":16}},{"start":{"line":18,"column":20},"end":{"line":18,"column":42}}],"line":18},"6":{"loc":{"start":{"line":22,"column":2},"end":{"line":24,"column":3}},"type":"if","locations":[{"start":{"line":22,"column":2},"end":{"line":24,"column":3}},{"start":{},"end":{}}],"line":22},"7":{"loc":{"start":{"line":22,"column":6},"end":{"line":22,"column":50}},"type":"binary-expr","locations":[{"start":{"line":22,"column":6},"end":{"line":22,"column":20}},{"start":{"line":22,"column":24},"end":{"line":22,"column":50}}],"line":22},"8":{"loc":{"start":{"line":26,"column":2},"end":{"line":28,"column":3}},"type":"if","locations":[{"start":{"line":26,"column":2},"end":{"line":28,"column":3}},{"start":{},"end":{}}],"line":26},"9":{"loc":{"start":{"line":26,"column":6},"end":{"line":26,"column":84}},"type":"binary-expr","locations":[{"start":{"line":26,"column":6},"end":{"line":26,"column":19}},{"start":{"line":26,"column":23},"end":{"line":26,"column":84}}],"line":26},"10":{"loc":{"start":{"line":30,"column":2},"end":{"line":32,"column":3}},"type":"if","locations":[{"start":{"line":30,"column":2},"end":{"line":32,"column":3}},{"start":{},"end":{}}],"line":30},"11":{"loc":{"start":{"line":30,"column":6},"end":{"line":30,"column":66}},"type":"binary-expr","locations":[{"start":{"line":30,"column":6},"end":{"line":30,"column":26}},{"start":{"line":30,"column":30},"end":{"line":30,"column":66}}],"line":30},"12":{"loc":{"start":{"line":52,"column":23},"end":{"line":52,"column":100}},"type":"cond-expr","locations":[{"start":{"line":52,"column":47},"end":{"line":52,"column":95}},{"start":{"line":52,"column":98},"end":{"line":52,"column":100}}],"line":52},"13":{"loc":{"start":{"line":76,"column":4},"end":{"line":78,"column":5}},"type":"if","locations":[{"start":{"line":76,"column":4},"end":{"line":78,"column":5}},{"start":{},"end":{}}],"line":76},"14":{"loc":{"start":{"line":81,"column":28},"end":{"line":81,"column":105}},"type":"cond-expr","locations":[{"start":{"line":81,"column":52},"end":{"line":81,"column":100}},{"start":{"line":81,"column":103},"end":{"line":81,"column":105}}],"line":81},"15":{"loc":{"start":{"line":92,"column":2},"end":{"line":94,"column":3}},"type":"if","locations":[{"start":{"line":92,"column":2},"end":{"line":94,"column":3}},{"start":{},"end":{}}],"line":92},"16":{"loc":{"start":{"line":100,"column":2},"end":{"line":102,"column":3}},"type":"if","locations":[{"start":{"line":100,"column":2},"end":{"line":102,"column":3}},{"start":{},"end":{}}],"line":100},"17":{"loc":{"start":{"line":114,"column":4},"end":{"line":121,"column":5}},"type":"if","locations":[{"start":{"line":114,"column":4},"end":{"line":121,"column":5}},{"start":{},"end":{}}],"line":114},"18":{"loc":{"start":{"line":114,"column":8},"end":{"line":114,"column":57}},"type":"binary-expr","locations":[{"start":{"line":114,"column":8},"end":{"line":114,"column":23}},{"start":{"line":114,"column":27},"end":{"line":114,"column":57}}],"line":114},"19":{"loc":{"start":{"line":134,"column":2},"end":{"line":136,"column":3}},"type":"if","locations":[{"start":{"line":134,"column":2},"end":{"line":136,"column":3}},{"start":{},"end":{}}],"line":134},"20":{"loc":{"start":{"line":142,"column":2},"end":{"line":144,"column":3}},"type":"if","locations":[{"start":{"line":142,"column":2},"end":{"line":144,"column":3}},{"start":{},"end":{}}],"line":142},"21":{"loc":{"start":{"line":154,"column":4},"end":{"line":162,"column":5}},"type":"if","locations":[{"start":{"line":154,"column":4},"end":{"line":162,"column":5}},{"start":{},"end":{}}],"line":154},"22":{"loc":{"start":{"line":154,"column":8},"end":{"line":154,"column":57}},"type":"binary-expr","locations":[{"start":{"line":154,"column":8},"end":{"line":154,"column":23}},{"start":{"line":154,"column":27},"end":{"line":154,"column":57}}],"line":154},"23":{"loc":{"start":{"line":172,"column":2},"end":{"line":174,"column":3}},"type":"if","locations":[{"start":{"line":172,"column":2},"end":{"line":174,"column":3}},{"start":{},"end":{}}],"line":172},"24":{"loc":{"start":{"line":179,"column":4},"end":{"line":181,"column":5}},"type":"if","locations":[{"start":{"line":179,"column":4},"end":{"line":181,"column":5}},{"start":{},"end":{}}],"line":179},"25":{"loc":{"start":{"line":203,"column":4},"end":{"line":205,"column":5}},"type":"if","locations":[{"start":{"line":203,"column":4},"end":{"line":205,"column":5}},{"start":{},"end":{}}],"line":203},"26":{"loc":{"start":{"line":213,"column":4},"end":{"line":215,"column":5}},"type":"if","locations":[{"start":{"line":213,"column":4},"end":{"line":215,"column":5}},{"start":{},"end":{}}],"line":213}},"s":{"0":8,"1":8,"2":8,"3":8,"4":8,"5":3,"6":3,"7":0,"8":3,"9":1,"10":3,"11":1,"12":3,"13":1,"14":3,"15":1,"16":3,"17":0,"18":3,"19":8,"20":2,"21":2,"22":1,"23":1,"24":1,"25":1,"26":1,"27":8,"28":2,"29":2,"30":2,"31":1,"32":1,"33":1,"34":1,"35":0,"36":0,"37":8,"38":3,"39":1,"40":2,"41":2,"42":2,"43":1,"44":1,"45":1,"46":1,"47":1,"48":1,"49":1,"50":1,"51":0,"52":8,"53":2,"54":1,"55":1,"56":1,"57":1,"58":0,"59":1,"60":1,"61":1,"62":1,"63":1,"64":2,"65":1,"66":0,"67":8,"68":3,"69":1,"70":2,"71":2,"72":2,"73":1,"74":1,"75":1,"76":1,"77":1,"78":0,"79":0,"80":8,"81":3,"82":3,"83":3,"84":1,"85":2,"86":2,"87":1,"88":1,"89":1,"90":0,"91":8,"92":0,"93":0,"94":0,"95":0,"96":8},"f":{"0":3,"1":2,"2":1,"3":2,"4":3,"5":2,"6":3,"7":3,"8":0},"b":{"0":[0,3],"1":[3,3],"2":[1,2],"3":[3,2],"4":[1,2],"5":[3,2],"6":[1,2],"7":[3,2],"8":[1,2],"9":[3,2],"10":[0,3],"11":[3,2],"12":[0,1],"13":[1,1],"14":[0,1],"15":[1,2],"16":[1,1],"17":[1,0],"18":[1,1],"19":[1,1],"20":[0,1],"21":[1,0],"22":[1,1],"23":[1,2],"24":[1,1],"25":[1,2],"26":[1,1]},"_coverageSchema":"1a1c01bbd47fc00a2c39e90264f33305004495a9","hash":"5d32da9e64b4368b62c83f8b0bde9826b8f5c5cf"}
,"C:\\Users\\dogwa\\Documents\\Assignments\\SoftwareDesign\\SOFTWARE_DESIGN_COSC_4353\\server\\routes\\notifications.js": {"path":"C:\\Users\\dogwa\\Documents\\Assignments\\SoftwareDesign\\SOFTWARE_DESIGN_COSC_4353\\server\\routes\\notifications.js","statementMap":{"0":{"start":{"line":1,"column":16},"end":{"line":1,"column":34}},"1":{"start":{"line":2,"column":15},"end":{"line":2,"column":31}},"2":{"start":{"line":3,"column":13},"end":{"line":3,"column":29}},"3":{"start":{"line":4,"column":13},"end":{"line":4,"column":42}},"4":{"start":{"line":7,"column":0},"end":{"line":18,"column":3}},"5":{"start":{"line":8,"column":2},"end":{"line":17,"column":3}},"6":{"start":{"line":9,"column":28},"end":{"line":13,"column":26}},"7":{"start":{"line":14,"column":4},"end":{"line":14,"column":28}},"8":{"start":{"line":16,"column":4},"end":{"line":16,"column":74}},"9":{"start":{"line":21,"column":0},"end":{"line":28,"column":3}},"10":{"start":{"line":22,"column":2},"end":{"line":27,"column":3}},"11":{"start":{"line":23,"column":4},"end":{"line":23,"column":140}},"12":{"start":{"line":24,"column":4},"end":{"line":24,"column":57}},"13":{"start":{"line":26,"column":4},"end":{"line":26,"column":74}},"14":{"start":{"line":31,"column":0},"end":{"line":38,"column":3}},"15":{"start":{"line":32,"column":2},"end":{"line":37,"column":3}},"16":{"start":{"line":33,"column":4},"end":{"line":33,"column":100}},"17":{"start":{"line":34,"column":4},"end":{"line":34,"column":62}},"18":{"start":{"line":36,"column":4},"end":{"line":36,"column":74}},"19":{"start":{"line":41,"column":25},"end":{"line":52,"column":1}},"20":{"start":{"line":42,"column":2},"end":{"line":51,"column":3}},"21":{"start":{"line":43,"column":4},"end":{"line":46,"column":6}},"22":{"start":{"line":47,"column":4},"end":{"line":47,"column":16}},"23":{"start":{"line":49,"column":4},"end":{"line":49,"column":55}},"24":{"start":{"line":50,"column":4},"end":{"line":50,"column":17}},"25":{"start":{"line":55,"column":0},"end":{"line":74,"column":3}},"26":{"start":{"line":56,"column":2},"end":{"line":58,"column":3}},"27":{"start":{"line":57,"column":4},"end":{"line":57,"column":85}},"28":{"start":{"line":60,"column":42},"end":{"line":60,"column":50}},"29":{"start":{"line":62,"column":2},"end":{"line":73,"column":3}},"30":{"start":{"line":63,"column":20},"end":{"line":63,"column":68}},"31":{"start":{"line":64,"column":20},"end":{"line":64,"column":79}},"32":{"start":{"line":66,"column":4},"end":{"line":70,"column":5}},"33":{"start":{"line":67,"column":6},"end":{"line":67,"column":66}},"34":{"start":{"line":69,"column":6},"end":{"line":69,"column":71}},"35":{"start":{"line":72,"column":4},"end":{"line":72,"column":74}},"36":{"start":{"line":77,"column":0},"end":{"line":116,"column":3}},"37":{"start":{"line":78,"column":2},"end":{"line":80,"column":3}},"38":{"start":{"line":79,"column":4},"end":{"line":79,"column":81}},"39":{"start":{"line":82,"column":2},"end":{"line":115,"column":3}},"40":{"start":{"line":83,"column":20},"end":{"line":83,"column":38}},"41":{"start":{"line":86,"column":21},"end":{"line":86,"column":101}},"42":{"start":{"line":87,"column":4},"end":{"line":89,"column":5}},"43":{"start":{"line":88,"column":6},"end":{"line":88,"column":66}},"44":{"start":{"line":91,"column":18},"end":{"line":91,"column":27}},"45":{"start":{"line":94,"column":25},"end":{"line":99,"column":17}},"46":{"start":{"line":102,"column":20},"end":{"line":102,"column":21}},"47":{"start":{"line":103,"column":4},"end":{"line":107,"column":5}},"48":{"start":{"line":104,"column":22},"end":{"line":104,"column":118}},"49":{"start":{"line":105,"column":6},"end":{"line":105,"column":75}},"50":{"start":{"line":106,"column":6},"end":{"line":106,"column":18}},"51":{"start":{"line":109,"column":4},"end":{"line":112,"column":7}},"52":{"start":{"line":114,"column":4},"end":{"line":114,"column":74}},"53":{"start":{"line":119,"column":0},"end":{"line":160,"column":3}},"54":{"start":{"line":120,"column":2},"end":{"line":122,"column":3}},"55":{"start":{"line":121,"column":4},"end":{"line":121,"column":79}},"56":{"start":{"line":124,"column":28},"end":{"line":124,"column":36}},"57":{"start":{"line":126,"column":2},"end":{"line":159,"column":3}},"58":{"start":{"line":127,"column":20},"end":{"line":127,"column":38}},"59":{"start":{"line":130,"column":21},"end":{"line":130,"column":89}},"60":{"start":{"line":131,"column":4},"end":{"line":133,"column":5}},"61":{"start":{"line":132,"column":6},"end":{"line":132,"column":66}},"62":{"start":{"line":135,"column":23},"end":{"line":135,"column":38}},"63":{"start":{"line":138,"column":25},"end":{"line":143,"column":17}},"64":{"start":{"line":146,"column":20},"end":{"line":146,"column":21}},"65":{"start":{"line":147,"column":4},"end":{"line":151,"column":5}},"66":{"start":{"line":148,"column":22},"end":{"line":148,"column":72}},"67":{"start":{"line":149,"column":6},"end":{"line":149,"column":73}},"68":{"start":{"line":150,"column":6},"end":{"line":150,"column":18}},"69":{"start":{"line":153,"column":4},"end":{"line":156,"column":7}},"70":{"start":{"line":158,"column":4},"end":{"line":158,"column":74}},"71":{"start":{"line":163,"column":0},"end":{"line":173,"column":3}},"72":{"start":{"line":164,"column":2},"end":{"line":172,"column":3}},"73":{"start":{"line":165,"column":21},"end":{"line":168,"column":5}},"74":{"start":{"line":169,"column":4},"end":{"line":169,"column":48}},"75":{"start":{"line":171,"column":4},"end":{"line":171,"column":74}},"76":{"start":{"line":176,"column":0},"end":{"line":186,"column":3}},"77":{"start":{"line":177,"column":2},"end":{"line":185,"column":3}},"78":{"start":{"line":178,"column":4},"end":{"line":181,"column":6}},"79":{"start":{"line":182,"column":4},"end":{"line":182,"column":50}},"80":{"start":{"line":184,"column":4},"end":{"line":184,"column":74}},"81":{"start":{"line":188,"column":0},"end":{"line":188,"column":24}}},"fnMap":{"0":{"name":"(anonymous_0)","decl":{"start":{"line":7,"column":22},"end":{"line":7,"column":23}},"loc":{"start":{"line":7,"column":42},"end":{"line":18,"column":1}},"line":7},"1":{"name":"(anonymous_1)","decl":{"start":{"line":21,"column":30},"end":{"line":21,"column":31}},"loc":{"start":{"line":21,"column":50},"end":{"line":28,"column":1}},"line":21},"2":{"name":"(anonymous_2)","decl":{"start":{"line":31,"column":30},"end":{"line":31,"column":31}},"loc":{"start":{"line":31,"column":50},"end":{"line":38,"column":1}},"line":31},"3":{"name":"(anonymous_3)","decl":{"start":{"line":41,"column":25},"end":{"line":41,"column":26}},"loc":{"start":{"line":41,"column":70},"end":{"line":52,"column":1}},"line":41},"4":{"name":"(anonymous_4)","decl":{"start":{"line":55,"column":39},"end":{"line":55,"column":40}},"loc":{"start":{"line":55,"column":59},"end":{"line":74,"column":1}},"line":55},"5":{"name":"(anonymous_5)","decl":{"start":{"line":77,"column":46},"end":{"line":77,"column":47}},"loc":{"start":{"line":77,"column":66},"end":{"line":116,"column":1}},"line":77},"6":{"name":"(anonymous_6)","decl":{"start":{"line":119,"column":44},"end":{"line":119,"column":45}},"loc":{"start":{"line":119,"column":64},"end":{"line":160,"column":1}},"line":119},"7":{"name":"(anonymous_7)","decl":{"start":{"line":163,"column":34},"end":{"line":163,"column":35}},"loc":{"start":{"line":163,"column":54},"end":{"line":173,"column":1}},"line":163},"8":{"name":"(anonymous_8)","decl":{"start":{"line":176,"column":28},"end":{"line":176,"column":29}},"loc":{"start":{"line":176,"column":48},"end":{"line":186,"column":1}},"line":176}},"branchMap":{"0":{"loc":{"start":{"line":41,"column":49},"end":{"line":41,"column":65}},"type":"default-arg","locations":[{"start":{"line":41,"column":56},"end":{"line":41,"column":65}}],"line":41},"1":{"loc":{"start":{"line":56,"column":2},"end":{"line":58,"column":3}},"type":"if","locations":[{"start":{"line":56,"column":2},"end":{"line":58,"column":3}},{"start":{},"end":{}}],"line":56},"2":{"loc":{"start":{"line":66,"column":4},"end":{"line":70,"column":5}},"type":"if","locations":[{"start":{"line":66,"column":4},"end":{"line":70,"column":5}},{"start":{"line":68,"column":11},"end":{"line":70,"column":5}}],"line":66},"3":{"loc":{"start":{"line":78,"column":2},"end":{"line":80,"column":3}},"type":"if","locations":[{"start":{"line":78,"column":2},"end":{"line":80,"column":3}},{"start":{},"end":{}}],"line":78},"4":{"loc":{"start":{"line":87,"column":4},"end":{"line":89,"column":5}},"type":"if","locations":[{"start":{"line":87,"column":4},"end":{"line":89,"column":5}},{"start":{},"end":{}}],"line":87},"5":{"loc":{"start":{"line":120,"column":2},"end":{"line":122,"column":3}},"type":"if","locations":[{"start":{"line":120,"column":2},"end":{"line":122,"column":3}},{"start":{},"end":{}}],"line":120},"6":{"loc":{"start":{"line":131,"column":4},"end":{"line":133,"column":5}},"type":"if","locations":[{"start":{"line":131,"column":4},"end":{"line":133,"column":5}},{"start":{},"end":{}}],"line":131}},"s":{"0":8,"1":8,"2":8,"3":8,"4":8,"5":2,"6":2,"7":1,"8":1,"9":8,"10":2,"11":2,"12":1,"13":1,"14":8,"15":2,"16":2,"17":1,"18":1,"19":8,"20":6,"21":6,"22":5,"23":1,"24":1,"25":8,"26":3,"27":1,"28":2,"29":2,"30":2,"31":2,"32":2,"33":1,"34":1,"35":0,"36":8,"37":4,"38":1,"39":3,"40":3,"41":3,"42":2,"43":1,"44":1,"45":1,"46":1,"47":1,"48":2,"49":2,"50":2,"51":1,"52":1,"53":8,"54":4,"55":1,"56":3,"57":3,"58":3,"59":3,"60":2,"61":1,"62":1,"63":1,"64":1,"65":1,"66":2,"67":2,"68":2,"69":1,"70":1,"71":8,"72":2,"73":2,"74":1,"75":1,"76":8,"77":2,"78":2,"79":1,"80":1,"81":8},"f":{"0":2,"1":2,"2":2,"3":6,"4":3,"5":4,"6":4,"7":2,"8":2},"b":{"0":[0],"1":[1,2],"2":[1,1],"3":[1,3],"4":[1,1],"5":[1,3],"6":[1,1]},"_coverageSchema":"1a1c01bbd47fc00a2c39e90264f33305004495a9","hash":"481b7a86fd2608ff884b1f65b478e07995239d15"}
,"C:\\Users\\dogwa\\Documents\\Assignments\\SoftwareDesign\\SOFTWARE_DESIGN_COSC_4353\\server\\routes\\users.js": {"path":"C:\\Users\\dogwa\\Documents\\Assignments\\SoftwareDesign\\SOFTWARE_DESIGN_COSC_4353\\server\\routes\\users.js","statementMap":{"0":{"start":{"line":1,"column":13},"end":{"line":1,"column":42}},"1":{"start":{"line":2,"column":16},"end":{"line":2,"column":34}},"2":{"start":{"line":3,"column":15},"end":{"line":3,"column":31}},"3":{"start":{"line":4,"column":13},"end":{"line":4,"column":29}},"4":{"start":{"line":5,"column":15},"end":{"line":5,"column":32}},"5":{"start":{"line":6,"column":12},"end":{"line":6,"column":35}},"6":{"start":{"line":9,"column":0},"end":{"line":28,"column":3}},"7":{"start":{"line":10,"column":85},"end":{"line":10,"column":93}},"8":{"start":{"line":11,"column":2},"end":{"line":13,"column":3}},"9":{"start":{"line":12,"column":4},"end":{"line":12,"column":72}},"10":{"start":{"line":14,"column":2},"end":{"line":27,"column":3}},"11":{"start":{"line":15,"column":23},"end":{"line":15,"column":87}},"12":{"start":{"line":16,"column":4},"end":{"line":18,"column":5}},"13":{"start":{"line":17,"column":6},"end":{"line":17,"column":75}},"14":{"start":{"line":19,"column":17},"end":{"line":19,"column":48}},"15":{"start":{"line":20,"column":21},"end":{"line":23,"column":5}},"16":{"start":{"line":24,"column":4},"end":{"line":24,"column":57}},"17":{"start":{"line":26,"column":4},"end":{"line":26,"column":74}},"18":{"start":{"line":31,"column":0},"end":{"line":51,"column":3}},"19":{"start":{"line":32,"column":30},"end":{"line":32,"column":38}},"20":{"start":{"line":33,"column":2},"end":{"line":35,"column":3}},"21":{"start":{"line":34,"column":4},"end":{"line":34,"column":74}},"22":{"start":{"line":36,"column":2},"end":{"line":50,"column":3}},"23":{"start":{"line":37,"column":20},"end":{"line":37,"column":84}},"24":{"start":{"line":38,"column":4},"end":{"line":40,"column":5}},"25":{"start":{"line":39,"column":6},"end":{"line":39,"column":70}},"26":{"start":{"line":41,"column":17},"end":{"line":41,"column":25}},"27":{"start":{"line":42,"column":18},"end":{"line":42,"column":68}},"28":{"start":{"line":43,"column":4},"end":{"line":45,"column":5}},"29":{"start":{"line":44,"column":6},"end":{"line":44,"column":70}},"30":{"start":{"line":46,"column":18},"end":{"line":46,"column":115}},"31":{"start":{"line":47,"column":4},"end":{"line":47,"column":110}},"32":{"start":{"line":49,"column":4},"end":{"line":49,"column":74}},"33":{"start":{"line":54,"column":25},"end":{"line":74,"column":1}},"34":{"start":{"line":55,"column":17},"end":{"line":55,"column":19}},"35":{"start":{"line":57,"column":2},"end":{"line":59,"column":3}},"36":{"start":{"line":58,"column":4},"end":{"line":58,"column":68}},"37":{"start":{"line":61,"column":2},"end":{"line":63,"column":3}},"38":{"start":{"line":62,"column":4},"end":{"line":62,"column":43}},"39":{"start":{"line":65,"column":2},"end":{"line":67,"column":3}},"40":{"start":{"line":66,"column":4},"end":{"line":66,"column":43}},"41":{"start":{"line":69,"column":2},"end":{"line":71,"column":3}},"42":{"start":{"line":70,"column":4},"end":{"line":70,"column":43}},"43":{"start":{"line":73,"column":2},"end":{"line":73,"column":16}},"44":{"start":{"line":77,"column":0},"end":{"line":103,"column":3}},"45":{"start":{"line":78,"column":2},"end":{"line":102,"column":3}},"46":{"start":{"line":79,"column":20},"end":{"line":87,"column":26}},"47":{"start":{"line":89,"column":4},"end":{"line":91,"column":5}},"48":{"start":{"line":90,"column":6},"end":{"line":90,"column":65}},"49":{"start":{"line":94,"column":21},"end":{"line":94,"column":104}},"50":{"start":{"line":96,"column":17},"end":{"line":96,"column":25}},"51":{"start":{"line":97,"column":4},"end":{"line":97,"column":48}},"52":{"start":{"line":97,"column":34},"end":{"line":97,"column":46}},"53":{"start":{"line":99,"column":4},"end":{"line":99,"column":19}},"54":{"start":{"line":101,"column":4},"end":{"line":101,"column":74}},"55":{"start":{"line":106,"column":0},"end":{"line":143,"column":3}},"56":{"start":{"line":107,"column":68},"end":{"line":107,"column":76}},"57":{"start":{"line":110,"column":17},"end":{"line":110,"column":65}},"58":{"start":{"line":111,"column":2},"end":{"line":113,"column":3}},"59":{"start":{"line":112,"column":4},"end":{"line":112,"column":74}},"60":{"start":{"line":115,"column":2},"end":{"line":142,"column":3}},"61":{"start":{"line":117,"column":4},"end":{"line":120,"column":6}},"62":{"start":{"line":123,"column":4},"end":{"line":129,"column":5}},"63":{"start":{"line":124,"column":6},"end":{"line":124,"column":88}},"64":{"start":{"line":125,"column":6},"end":{"line":128,"column":7}},"65":{"start":{"line":126,"column":8},"end":{"line":127,"column":37}},"66":{"start":{"line":132,"column":4},"end":{"line":137,"column":5}},"67":{"start":{"line":133,"column":6},"end":{"line":136,"column":8}},"68":{"start":{"line":139,"column":4},"end":{"line":139,"column":58}},"69":{"start":{"line":141,"column":4},"end":{"line":141,"column":74}},"70":{"start":{"line":146,"column":0},"end":{"line":156,"column":3}},"71":{"start":{"line":147,"column":2},"end":{"line":155,"column":3}},"72":{"start":{"line":148,"column":27},"end":{"line":151,"column":5}},"73":{"start":{"line":152,"column":4},"end":{"line":152,"column":27}},"74":{"start":{"line":154,"column":4},"end":{"line":154,"column":74}},"75":{"start":{"line":159,"column":0},"end":{"line":182,"column":3}},"76":{"start":{"line":160,"column":27},"end":{"line":160,"column":35}},"77":{"start":{"line":162,"column":2},"end":{"line":164,"column":3}},"78":{"start":{"line":163,"column":4},"end":{"line":163,"column":78}},"79":{"start":{"line":166,"column":2},"end":{"line":181,"column":3}},"80":{"start":{"line":168,"column":4},"end":{"line":168,"column":92}},"81":{"start":{"line":171,"column":4},"end":{"line":176,"column":5}},"82":{"start":{"line":172,"column":6},"end":{"line":175,"column":8}},"83":{"start":{"line":178,"column":4},"end":{"line":178,"column":50}},"84":{"start":{"line":180,"column":4},"end":{"line":180,"column":74}},"85":{"start":{"line":184,"column":0},"end":{"line":184,"column":24}}},"fnMap":{"0":{"name":"(anonymous_0)","decl":{"start":{"line":9,"column":25},"end":{"line":9,"column":26}},"loc":{"start":{"line":9,"column":45},"end":{"line":28,"column":1}},"line":9},"1":{"name":"(anonymous_1)","decl":{"start":{"line":31,"column":22},"end":{"line":31,"column":23}},"loc":{"start":{"line":31,"column":42},"end":{"line":51,"column":1}},"line":31},"2":{"name":"(anonymous_2)","decl":{"start":{"line":54,"column":25},"end":{"line":54,"column":26}},"loc":{"start":{"line":54,"column":35},"end":{"line":74,"column":1}},"line":54},"3":{"name":"(anonymous_3)","decl":{"start":{"line":77,"column":29},"end":{"line":77,"column":30}},"loc":{"start":{"line":77,"column":49},"end":{"line":103,"column":1}},"line":77},"4":{"name":"(anonymous_4)","decl":{"start":{"line":97,"column":29},"end":{"line":97,"column":30}},"loc":{"start":{"line":97,"column":34},"end":{"line":97,"column":46}},"line":97},"5":{"name":"(anonymous_5)","decl":{"start":{"line":106,"column":29},"end":{"line":106,"column":30}},"loc":{"start":{"line":106,"column":49},"end":{"line":143,"column":1}},"line":106},"6":{"name":"(anonymous_6)","decl":{"start":{"line":146,"column":34},"end":{"line":146,"column":35}},"loc":{"start":{"line":146,"column":54},"end":{"line":156,"column":1}},"line":146},"7":{"name":"(anonymous_7)","decl":{"start":{"line":159,"column":34},"end":{"line":159,"column":35}},"loc":{"start":{"line":159,"column":54},"end":{"line":182,"column":1}},"line":159}},"branchMap":{"0":{"loc":{"start":{"line":11,"column":2},"end":{"line":13,"column":3}},"type":"if","locations":[{"start":{"line":11,"column":2},"end":{"line":13,"column":3}},{"start":{},"end":{}}],"line":11},"1":{"loc":{"start":{"line":11,"column":6},"end":{"line":11,"column":92}},"type":"binary-expr","locations":[{"start":{"line":11,"column":6},"end":{"line":11,"column":11}},{"start":{"line":11,"column":15},"end":{"line":11,"column":21}},{"start":{"line":11,"column":25},"end":{"line":11,"column":34}},{"start":{"line":11,"column":38},"end":{"line":11,"column":43}},{"start":{"line":11,"column":47},"end":{"line":11,"column":66}},{"start":{"line":11,"column":70},"end":{"line":11,"column":92}}],"line":11},"2":{"loc":{"start":{"line":16,"column":4},"end":{"line":18,"column":5}},"type":"if","locations":[{"start":{"line":16,"column":4},"end":{"line":18,"column":5}},{"start":{},"end":{}}],"line":16},"3":{"loc":{"start":{"line":33,"column":2},"end":{"line":35,"column":3}},"type":"if","locations":[{"start":{"line":33,"column":2},"end":{"line":35,"column":3}},{"start":{},"end":{}}],"line":33},"4":{"loc":{"start":{"line":33,"column":6},"end":{"line":33,"column":25}},"type":"binary-expr","locations":[{"start":{"line":33,"column":6},"end":{"line":33,"column":12}},{"start":{"line":33,"column":16},"end":{"line":33,"column":25}}],"line":33},"5":{"loc":{"start":{"line":38,"column":4},"end":{"line":40,"column":5}},"type":"if","locations":[{"start":{"line":38,"column":4},"end":{"line":40,"column":5}},{"start":{},"end":{}}],"line":38},"6":{"loc":{"start":{"line":43,"column":4},"end":{"line":45,"column":5}},"type":"if","locations":[{"start":{"line":43,"column":4},"end":{"line":45,"column":5}},{"start":{},"end":{}}],"line":43},"7":{"loc":{"start":{"line":57,"column":2},"end":{"line":59,"column":3}},"type":"if","locations":[{"start":{"line":57,"column":2},"end":{"line":59,"column":3}},{"start":{},"end":{}}],"line":57},"8":{"loc":{"start":{"line":57,"column":6},"end":{"line":57,"column":41}},"type":"binary-expr","locations":[{"start":{"line":57,"column":6},"end":{"line":57,"column":16}},{"start":{"line":57,"column":20},"end":{"line":57,"column":41}}],"line":57},"9":{"loc":{"start":{"line":61,"column":2},"end":{"line":63,"column":3}},"type":"if","locations":[{"start":{"line":61,"column":2},"end":{"line":63,"column":3}},{"start":{},"end":{}}],"line":61},"10":{"loc":{"start":{"line":61,"column":6},"end":{"line":61,"column":67}},"type":"binary-expr","locations":[{"start":{"line":61,"column":6},"end":{"line":61,"column":17}},{"start":{"line":61,"column":21},"end":{"line":61,"column":67}}],"line":61},"11":{"loc":{"start":{"line":65,"column":2},"end":{"line":67,"column":3}},"type":"if","locations":[{"start":{"line":65,"column":2},"end":{"line":67,"column":3}},{"start":{},"end":{}}],"line":65},"12":{"loc":{"start":{"line":65,"column":6},"end":{"line":65,"column":67}},"type":"binary-expr","locations":[{"start":{"line":65,"column":6},"end":{"line":65,"column":16}},{"start":{"line":65,"column":20},"end":{"line":65,"column":67}}],"line":65},"13":{"loc":{"start":{"line":69,"column":2},"end":{"line":71,"column":3}},"type":"if","locations":[{"start":{"line":69,"column":2},"end":{"line":71,"column":3}},{"start":{},"end":{}}],"line":69},"14":{"loc":{"start":{"line":69,"column":6},"end":{"line":69,"column":48}},"type":"binary-expr","locations":[{"start":{"line":69,"column":6},"end":{"line":69,"column":17}},{"start":{"line":69,"column":21},"end":{"line":69,"column":48}}],"line":69},"15":{"loc":{"start":{"line":89,"column":4},"end":{"line":91,"column":5}},"type":"if","locations":[{"start":{"line":89,"column":4},"end":{"line":91,"column":5}},{"start":{},"end":{}}],"line":89},"16":{"loc":{"start":{"line":111,"column":2},"end":{"line":113,"column":3}},"type":"if","locations":[{"start":{"line":111,"column":2},"end":{"line":113,"column":3}},{"start":{},"end":{}}],"line":111},"17":{"loc":{"start":{"line":123,"column":4},"end":{"line":129,"column":5}},"type":"if","locations":[{"start":{"line":123,"column":4},"end":{"line":129,"column":5}},{"start":{},"end":{}}],"line":123},"18":{"loc":{"start":{"line":123,"column":8},"end":{"line":123,"column":39}},"type":"binary-expr","locations":[{"start":{"line":123,"column":8},"end":{"line":123,"column":14}},{"start":{"line":123,"column":18},"end":{"line":123,"column":39}}],"line":123},"19":{"loc":{"start":{"line":132,"column":4},"end":{"line":137,"column":5}},"type":"if","locations":[{"start":{"line":132,"column":4},"end":{"line":137,"column":5}},{"start":{},"end":{}}],"line":132},"20":{"loc":{"start":{"line":162,"column":2},"end":{"line":164,"column":3}},"type":"if","locations":[{"start":{"line":162,"column":2},"end":{"line":164,"column":3}},{"start":{},"end":{}}],"line":162}},"s":{"0":8,"1":8,"2":8,"3":8,"4":8,"5":8,"6":8,"7":3,"8":3,"9":1,"10":2,"11":2,"12":2,"13":1,"14":1,"15":1,"16":1,"17":0,"18":8,"19":2,"20":2,"21":0,"22":2,"23":2,"24":2,"25":1,"26":1,"27":1,"28":1,"29":0,"30":1,"31":1,"32":0,"33":8,"34":2,"35":2,"36":1,"37":2,"38":1,"39":2,"40":1,"41":2,"42":0,"43":2,"44":8,"45":2,"46":2,"47":2,"48":1,"49":1,"50":1,"51":1,"52":1,"53":1,"54":0,"55":8,"56":2,"57":2,"58":2,"59":1,"60":1,"61":1,"62":1,"63":1,"64":1,"65":2,"66":1,"67":1,"68":1,"69":0,"70":8,"71":1,"72":1,"73":1,"74":0,"75":8,"76":3,"77":3,"78":1,"79":2,"80":2,"81":1,"82":2,"83":1,"84":1,"85":8},"f":{"0":3,"1":2,"2":2,"3":2,"4":1,"5":2,"6":1,"7":3},"b":{"0":[1,2],"1":[3,3,2,2,2,2],"2":[1,1],"3":[0,2],"4":[2,2],"5":[1,1],"6":[0,1],"7":[1,1],"8":[2,1],"9":[1,1],"10":[2,2],"11":[1,1],"12":[2,2],"13":[0,2],"14":[2,1],"15":[1,1],"16":[1,1],"17":[1,0],"18":[1,1],"19":[1,0],"20":[1,2]},"_coverageSchema":"1a1c01bbd47fc00a2c39e90264f33305004495a9","hash":"e23595798e7a3aa9e517d21ee081743e9ecb1b50"}
,"C:\\Users\\dogwa\\Documents\\Assignments\\SoftwareDesign\\SOFTWARE_DESIGN_COSC_4353\\server\\routes\\vets.js": {"path":"C:\\Users\\dogwa\\Documents\\Assignments\\SoftwareDesign\\SOFTWARE_DESIGN_COSC_4353\\server\\routes\\vets.js","statementMap":{"0":{"start":{"line":1,"column":16},"end":{"line":1,"column":34}},"1":{"start":{"line":2,"column":15},"end":{"line":2,"column":31}},"2":{"start":{"line":3,"column":13},"end":{"line":3,"column":29}},"3":{"start":{"line":4,"column":13},"end":{"line":4,"column":42}},"4":{"start":{"line":5,"column":19},"end":{"line":5,"column":48}},"5":{"start":{"line":9,"column":0},"end":{"line":32,"column":3}},"6":{"start":{"line":10,"column":68},"end":{"line":10,"column":76}},"7":{"start":{"line":12,"column":2},"end":{"line":14,"column":3}},"8":{"start":{"line":13,"column":4},"end":{"line":13,"column":72}},"9":{"start":{"line":16,"column":2},"end":{"line":31,"column":3}},"10":{"start":{"line":18,"column":19},"end":{"line":18,"column":91}},"11":{"start":{"line":19,"column":19},"end":{"line":19,"column":43}},"12":{"start":{"line":21,"column":4},"end":{"line":26,"column":6}},"13":{"start":{"line":28,"column":4},"end":{"line":28,"column":75}},"14":{"start":{"line":30,"column":4},"end":{"line":30,"column":74}},"15":{"start":{"line":36,"column":0},"end":{"line":49,"column":3}},"16":{"start":{"line":37,"column":20},"end":{"line":37,"column":40}},"17":{"start":{"line":39,"column":2},"end":{"line":48,"column":3}},"18":{"start":{"line":40,"column":22},"end":{"line":43,"column":5}},"19":{"start":{"line":45,"column":4},"end":{"line":45,"column":34}},"20":{"start":{"line":47,"column":4},"end":{"line":47,"column":74}},"21":{"start":{"line":53,"column":0},"end":{"line":72,"column":3}},"22":{"start":{"line":54,"column":20},"end":{"line":54,"column":40}},"23":{"start":{"line":56,"column":2},"end":{"line":71,"column":3}},"24":{"start":{"line":57,"column":21},"end":{"line":62,"column":5}},"25":{"start":{"line":64,"column":4},"end":{"line":66,"column":5}},"26":{"start":{"line":65,"column":6},"end":{"line":65,"column":67}},"27":{"start":{"line":68,"column":4},"end":{"line":68,"column":81}},"28":{"start":{"line":70,"column":4},"end":{"line":70,"column":74}},"29":{"start":{"line":74,"column":0},"end":{"line":74,"column":24}}},"fnMap":{"0":{"name":"(anonymous_0)","decl":{"start":{"line":9,"column":65},"end":{"line":9,"column":66}},"loc":{"start":{"line":9,"column":85},"end":{"line":32,"column":1}},"line":9},"1":{"name":"(anonymous_1)","decl":{"start":{"line":36,"column":76},"end":{"line":36,"column":77}},"loc":{"start":{"line":36,"column":96},"end":{"line":49,"column":1}},"line":36},"2":{"name":"(anonymous_2)","decl":{"start":{"line":53,"column":73},"end":{"line":53,"column":74}},"loc":{"start":{"line":53,"column":93},"end":{"line":72,"column":1}},"line":53}},"branchMap":{"0":{"loc":{"start":{"line":12,"column":2},"end":{"line":14,"column":3}},"type":"if","locations":[{"start":{"line":12,"column":2},"end":{"line":14,"column":3}},{"start":{},"end":{}}],"line":12},"1":{"loc":{"start":{"line":12,"column":6},"end":{"line":12,"column":72}},"type":"binary-expr","locations":[{"start":{"line":12,"column":6},"end":{"line":12,"column":18}},{"start":{"line":12,"column":22},"end":{"line":12,"column":34}},{"start":{"line":12,"column":38},"end":{"line":12,"column":49}},{"start":{"line":12,"column":53},"end":{"line":12,"column":58}},{"start":{"line":12,"column":62},"end":{"line":12,"column":72}}],"line":12},"2":{"loc":{"start":{"line":19,"column":20},"end":{"line":19,"column":38}},"type":"binary-expr","locations":[{"start":{"line":19,"column":20},"end":{"line":19,"column":33}},{"start":{"line":19,"column":37},"end":{"line":19,"column":38}}],"line":19},"3":{"loc":{"start":{"line":64,"column":4},"end":{"line":66,"column":5}},"type":"if","locations":[{"start":{"line":64,"column":4},"end":{"line":66,"column":5}},{"start":{},"end":{}}],"line":64}},"s":{"0":8,"1":8,"2":8,"3":8,"4":8,"5":8,"6":3,"7":3,"8":1,"9":2,"10":2,"11":1,"12":1,"13":1,"14":1,"15":8,"16":2,"17":2,"18":2,"19":1,"20":1,"21":8,"22":3,"23":3,"24":3,"25":2,"26":1,"27":1,"28":1,"29":8},"f":{"0":3,"1":2,"2":3},"b":{"0":[1,2],"1":[3,3,2,2,2],"2":[1,0],"3":[1,1]},"_coverageSchema":"1a1c01bbd47fc00a2c39e90264f33305004495a9","hash":"99a22b6fa787202964e181fc16c5f998a3b70ae8"}
,"C:\\Users\\dogwa\\Documents\\Assignments\\SoftwareDesign\\SOFTWARE_DESIGN_COSC_4353\\server\\routes\\volunteers.js": {"path":"C:\\Users\\dogwa\\Documents\\Assignments\\SoftwareDesign\\SOFTWARE_DESIGN_COSC_4353\\server\\routes\\volunteers.js","statementMap":{"0":{"start":{"line":1,"column":16},"end":{"line":1,"column":34}},"1":{"start":{"line":2,"column":15},"end":{"line":2,"column":31}},"2":{"start":{"line":3,"column":13},"end":{"line":3,"column":29}},"3":{"start":{"line":4,"column":13},"end":{"line":4,"column":42}},"4":{"start":{"line":7,"column":37},"end":{"line":14,"column":1}},"5":{"start":{"line":8,"column":17},"end":{"line":8,"column":19}},"6":{"start":{"line":9,"column":2},"end":{"line":9,"column":76}},"7":{"start":{"line":9,"column":31},"end":{"line":9,"column":76}},"8":{"start":{"line":10,"column":2},"end":{"line":10,"column":76}},"9":{"start":{"line":10,"column":31},"end":{"line":10,"column":76}},"10":{"start":{"line":11,"column":2},"end":{"line":11,"column":90}},"11":{"start":{"line":11,"column":51},"end":{"line":11,"column":90}},"12":{"start":{"line":12,"column":2},"end":{"line":12,"column":72}},"13":{"start":{"line":12,"column":24},"end":{"line":12,"column":72}},"14":{"start":{"line":13,"column":2},"end":{"line":13,"column":16}},"15":{"start":{"line":17,"column":0},"end":{"line":36,"column":3}},"16":{"start":{"line":18,"column":71},"end":{"line":18,"column":79}},"17":{"start":{"line":21,"column":17},"end":{"line":21,"column":107}},"18":{"start":{"line":22,"column":2},"end":{"line":24,"column":3}},"19":{"start":{"line":23,"column":4},"end":{"line":23,"column":80}},"20":{"start":{"line":26,"column":2},"end":{"line":35,"column":3}},"21":{"start":{"line":27,"column":21},"end":{"line":30,"column":5}},"22":{"start":{"line":31,"column":4},"end":{"line":31,"column":94}},"23":{"start":{"line":33,"column":4},"end":{"line":33,"column":66}},"24":{"start":{"line":34,"column":4},"end":{"line":34,"column":74}},"25":{"start":{"line":39,"column":0},"end":{"line":51,"column":3}},"26":{"start":{"line":40,"column":2},"end":{"line":40,"column":89}},"27":{"start":{"line":40,"column":35},"end":{"line":40,"column":89}},"28":{"start":{"line":41,"column":71},"end":{"line":41,"column":79}},"29":{"start":{"line":42,"column":2},"end":{"line":50,"column":3}},"30":{"start":{"line":43,"column":21},"end":{"line":46,"column":5}},"31":{"start":{"line":47,"column":4},"end":{"line":47,"column":76}},"32":{"start":{"line":49,"column":4},"end":{"line":49,"column":74}},"33":{"start":{"line":54,"column":0},"end":{"line":61,"column":3}},"34":{"start":{"line":55,"column":2},"end":{"line":60,"column":3}},"35":{"start":{"line":56,"column":20},"end":{"line":56,"column":113}},"36":{"start":{"line":57,"column":4},"end":{"line":57,"column":20}},"37":{"start":{"line":59,"column":4},"end":{"line":59,"column":74}},"38":{"start":{"line":64,"column":0},"end":{"line":72,"column":3}},"39":{"start":{"line":65,"column":2},"end":{"line":65,"column":89}},"40":{"start":{"line":65,"column":35},"end":{"line":65,"column":89}},"41":{"start":{"line":66,"column":2},"end":{"line":71,"column":3}},"42":{"start":{"line":67,"column":19},"end":{"line":67,"column":71}},"43":{"start":{"line":68,"column":4},"end":{"line":68,"column":19}},"44":{"start":{"line":70,"column":4},"end":{"line":70,"column":74}},"45":{"start":{"line":75,"column":0},"end":{"line":157,"column":3}},"46":{"start":{"line":76,"column":2},"end":{"line":156,"column":3}},"47":{"start":{"line":77,"column":20},"end":{"line":77,"column":38}},"48":{"start":{"line":80,"column":21},"end":{"line":86,"column":17}},"49":{"start":{"line":88,"column":4},"end":{"line":90,"column":5}},"50":{"start":{"line":89,"column":6},"end":{"line":89,"column":66}},"51":{"start":{"line":92,"column":18},"end":{"line":92,"column":27}},"52":{"start":{"line":93,"column":27},"end":{"line":93,"column":88}},"53":{"start":{"line":96,"column":26},"end":{"line":107,"column":5}},"54":{"start":{"line":109,"column":25},"end":{"line":109,"column":76}},"55":{"start":{"line":112,"column":39},"end":{"line":112,"column":41}},"56":{"start":{"line":113,"column":4},"end":{"line":130,"column":5}},"57":{"start":{"line":114,"column":29},"end":{"line":120,"column":65}},"58":{"start":{"line":122,"column":6},"end":{"line":127,"column":7}},"59":{"start":{"line":123,"column":8},"end":{"line":123,"column":35}},"60":{"start":{"line":124,"column":8},"end":{"line":124,"column":49}},"61":{"start":{"line":126,"column":8},"end":{"line":126,"column":36}},"62":{"start":{"line":129,"column":6},"end":{"line":129,"column":49}},"63":{"start":{"line":133,"column":30},"end":{"line":140,"column":62}},"64":{"start":{"line":134,"column":19},"end":{"line":134,"column":30}},"65":{"start":{"line":135,"column":17},"end":{"line":139,"column":7}},"66":{"start":{"line":140,"column":22},"end":{"line":140,"column":61}},"67":{"start":{"line":142,"column":4},"end":{"line":152,"column":7}},"68":{"start":{"line":154,"column":4},"end":{"line":154,"column":53}},"69":{"start":{"line":155,"column":4},"end":{"line":155,"column":74}},"70":{"start":{"line":160,"column":0},"end":{"line":215,"column":3}},"71":{"start":{"line":161,"column":2},"end":{"line":163,"column":3}},"72":{"start":{"line":162,"column":4},"end":{"line":162,"column":84}},"73":{"start":{"line":165,"column":2},"end":{"line":214,"column":3}},"74":{"start":{"line":166,"column":20},"end":{"line":166,"column":38}},"75":{"start":{"line":167,"column":29},"end":{"line":167,"column":37}},"76":{"start":{"line":169,"column":4},"end":{"line":171,"column":5}},"77":{"start":{"line":170,"column":6},"end":{"line":170,"column":81}},"78":{"start":{"line":174,"column":25},"end":{"line":174,"column":90}},"79":{"start":{"line":175,"column":4},"end":{"line":177,"column":5}},"80":{"start":{"line":176,"column":6},"end":{"line":176,"column":66}},"81":{"start":{"line":180,"column":20},"end":{"line":183,"column":5}},"82":{"start":{"line":185,"column":4},"end":{"line":187,"column":5}},"83":{"start":{"line":186,"column":6},"end":{"line":186,"column":85}},"84":{"start":{"line":190,"column":24},"end":{"line":190,"column":26}},"85":{"start":{"line":191,"column":4},"end":{"line":204,"column":5}},"86":{"start":{"line":192,"column":6},"end":{"line":195,"column":8}},"87":{"start":{"line":198,"column":6},"end":{"line":201,"column":8}},"88":{"start":{"line":203,"column":6},"end":{"line":203,"column":36}},"89":{"start":{"line":206,"column":4},"end":{"line":210,"column":7}},"90":{"start":{"line":212,"column":4},"end":{"line":212,"column":54}},"91":{"start":{"line":213,"column":4},"end":{"line":213,"column":74}},"92":{"start":{"line":218,"column":0},"end":{"line":293,"column":3}},"93":{"start":{"line":219,"column":2},"end":{"line":292,"column":3}},"94":{"start":{"line":220,"column":20},"end":{"line":220,"column":38}},"95":{"start":{"line":223,"column":21},"end":{"line":229,"column":17}},"96":{"start":{"line":231,"column":4},"end":{"line":233,"column":5}},"97":{"start":{"line":232,"column":6},"end":{"line":232,"column":66}},"98":{"start":{"line":235,"column":18},"end":{"line":235,"column":27}},"99":{"start":{"line":236,"column":27},"end":{"line":236,"column":88}},"100":{"start":{"line":239,"column":25},"end":{"line":248,"column":6}},"101":{"start":{"line":251,"column":28},"end":{"line":279,"column":56}},"102":{"start":{"line":252,"column":30},"end":{"line":252,"column":81}},"103":{"start":{"line":253,"column":28},"end":{"line":253,"column":107}},"104":{"start":{"line":256,"column":29},"end":{"line":256,"column":92}},"105":{"start":{"line":256,"column":61},"end":{"line":256,"column":91}},"106":{"start":{"line":257,"column":35},"end":{"line":258,"column":65}},"107":{"start":{"line":261,"column":23},"end":{"line":261,"column":52}},"108":{"start":{"line":262,"column":24},"end":{"line":262,"column":56}},"109":{"start":{"line":265,"column":27},"end":{"line":265,"column":76}},"110":{"start":{"line":267,"column":6},"end":{"line":277,"column":8}},"111":{"start":{"line":278,"column":19},"end":{"line":278,"column":38}},"112":{"start":{"line":279,"column":22},"end":{"line":279,"column":55}},"113":{"start":{"line":281,"column":4},"end":{"line":289,"column":7}},"114":{"start":{"line":291,"column":4},"end":{"line":291,"column":74}},"115":{"start":{"line":296,"column":0},"end":{"line":329,"column":3}},"116":{"start":{"line":297,"column":2},"end":{"line":328,"column":3}},"117":{"start":{"line":298,"column":19},"end":{"line":298,"column":36}},"118":{"start":{"line":301,"column":24},"end":{"line":301,"column":97}},"119":{"start":{"line":302,"column":4},"end":{"line":304,"column":5}},"120":{"start":{"line":303,"column":6},"end":{"line":303,"column":65}},"121":{"start":{"line":306,"column":22},"end":{"line":316,"column":16}},"122":{"start":{"line":319,"column":29},"end":{"line":322,"column":7}},"123":{"start":{"line":319,"column":51},"end":{"line":322,"column":5}},"124":{"start":{"line":324,"column":4},"end":{"line":324,"column":31}},"125":{"start":{"line":326,"column":4},"end":{"line":326,"column":60}},"126":{"start":{"line":327,"column":4},"end":{"line":327,"column":74}},"127":{"start":{"line":332,"column":0},"end":{"line":384,"column":3}},"128":{"start":{"line":333,"column":2},"end":{"line":335,"column":3}},"129":{"start":{"line":334,"column":4},"end":{"line":334,"column":91}},"130":{"start":{"line":337,"column":2},"end":{"line":383,"column":3}},"131":{"start":{"line":338,"column":19},"end":{"line":338,"column":36}},"132":{"start":{"line":341,"column":21},"end":{"line":349,"column":16}},"133":{"start":{"line":352,"column":21},"end":{"line":356,"column":16}},"134":{"start":{"line":359,"column":24},"end":{"line":359,"column":37}},"135":{"start":{"line":360,"column":27},"end":{"line":360,"column":88}},"136":{"start":{"line":360,"column":46},"end":{"line":360,"column":80}},"137":{"start":{"line":361,"column":33},"end":{"line":361,"column":101}},"138":{"start":{"line":361,"column":52},"end":{"line":361,"column":93}},"139":{"start":{"line":363,"column":29},"end":{"line":366,"column":10}},"140":{"start":{"line":364,"column":6},"end":{"line":364,"column":57}},"141":{"start":{"line":365,"column":6},"end":{"line":365,"column":17}},"142":{"start":{"line":369,"column":29},"end":{"line":369,"column":99}},"143":{"start":{"line":371,"column":4},"end":{"line":380,"column":7}},"144":{"start":{"line":382,"column":4},"end":{"line":382,"column":74}},"145":{"start":{"line":387,"column":0},"end":{"line":437,"column":3}},"146":{"start":{"line":388,"column":2},"end":{"line":390,"column":3}},"147":{"start":{"line":389,"column":4},"end":{"line":389,"column":82}},"148":{"start":{"line":392,"column":2},"end":{"line":436,"column":3}},"149":{"start":{"line":394,"column":29},"end":{"line":396,"column":5}},"150":{"start":{"line":399,"column":31},"end":{"line":404,"column":6}},"151":{"start":{"line":407,"column":28},"end":{"line":411,"column":6}},"152":{"start":{"line":414,"column":28},"end":{"line":426,"column":6}},"153":{"start":{"line":428,"column":4},"end":{"line":433,"column":7}},"154":{"start":{"line":435,"column":4},"end":{"line":435,"column":74}},"155":{"start":{"line":440,"column":0},"end":{"line":472,"column":3}},"156":{"start":{"line":441,"column":2},"end":{"line":443,"column":3}},"157":{"start":{"line":442,"column":4},"end":{"line":442,"column":81}},"158":{"start":{"line":445,"column":2},"end":{"line":471,"column":3}},"159":{"start":{"line":446,"column":19},"end":{"line":446,"column":36}},"160":{"start":{"line":448,"column":22},"end":{"line":456,"column":16}},"161":{"start":{"line":459,"column":23},"end":{"line":459,"column":101}},"162":{"start":{"line":460,"column":20},"end":{"line":462,"column":16}},"163":{"start":{"line":461,"column":6},"end":{"line":461,"column":153}},"164":{"start":{"line":464,"column":23},"end":{"line":464,"column":43}},"165":{"start":{"line":466,"column":4},"end":{"line":466,"column":46}},"166":{"start":{"line":467,"column":4},"end":{"line":467,"column":99}},"167":{"start":{"line":468,"column":4},"end":{"line":468,"column":25}},"168":{"start":{"line":470,"column":4},"end":{"line":470,"column":74}},"169":{"start":{"line":474,"column":0},"end":{"line":474,"column":24}}},"fnMap":{"0":{"name":"(anonymous_0)","decl":{"start":{"line":7,"column":37},"end":{"line":7,"column":38}},"loc":{"start":{"line":7,"column":47},"end":{"line":14,"column":1}},"line":7},"1":{"name":"(anonymous_1)","decl":{"start":{"line":17,"column":28},"end":{"line":17,"column":29}},"loc":{"start":{"line":17,"column":48},"end":{"line":36,"column":1}},"line":17},"2":{"name":"(anonymous_2)","decl":{"start":{"line":39,"column":28},"end":{"line":39,"column":29}},"loc":{"start":{"line":39,"column":48},"end":{"line":51,"column":1}},"line":39},"3":{"name":"(anonymous_3)","decl":{"start":{"line":54,"column":30},"end":{"line":54,"column":31}},"loc":{"start":{"line":54,"column":50},"end":{"line":61,"column":1}},"line":54},"4":{"name":"(anonymous_4)","decl":{"start":{"line":64,"column":34},"end":{"line":64,"column":35}},"loc":{"start":{"line":64,"column":54},"end":{"line":72,"column":1}},"line":64},"5":{"name":"(anonymous_5)","decl":{"start":{"line":75,"column":38},"end":{"line":75,"column":39}},"loc":{"start":{"line":75,"column":58},"end":{"line":157,"column":1}},"line":75},"6":{"name":"(anonymous_6)","decl":{"start":{"line":134,"column":14},"end":{"line":134,"column":15}},"loc":{"start":{"line":134,"column":19},"end":{"line":134,"column":30}},"line":134},"7":{"name":"(anonymous_7)","decl":{"start":{"line":135,"column":11},"end":{"line":135,"column":12}},"loc":{"start":{"line":135,"column":17},"end":{"line":139,"column":7}},"line":135},"8":{"name":"(anonymous_8)","decl":{"start":{"line":140,"column":12},"end":{"line":140,"column":13}},"loc":{"start":{"line":140,"column":22},"end":{"line":140,"column":61}},"line":140},"9":{"name":"(anonymous_9)","decl":{"start":{"line":160,"column":38},"end":{"line":160,"column":39}},"loc":{"start":{"line":160,"column":58},"end":{"line":215,"column":1}},"line":160},"10":{"name":"(anonymous_10)","decl":{"start":{"line":218,"column":46},"end":{"line":218,"column":47}},"loc":{"start":{"line":218,"column":66},"end":{"line":293,"column":1}},"line":218},"11":{"name":"(anonymous_11)","decl":{"start":{"line":251,"column":43},"end":{"line":251,"column":44}},"loc":{"start":{"line":251,"column":56},"end":{"line":278,"column":5}},"line":251},"12":{"name":"(anonymous_12)","decl":{"start":{"line":256,"column":52},"end":{"line":256,"column":53}},"loc":{"start":{"line":256,"column":61},"end":{"line":256,"column":91}},"line":256},"13":{"name":"(anonymous_13)","decl":{"start":{"line":278,"column":14},"end":{"line":278,"column":15}},"loc":{"start":{"line":278,"column":19},"end":{"line":278,"column":38}},"line":278},"14":{"name":"(anonymous_14)","decl":{"start":{"line":279,"column":12},"end":{"line":279,"column":13}},"loc":{"start":{"line":279,"column":22},"end":{"line":279,"column":55}},"line":279},"15":{"name":"(anonymous_15)","decl":{"start":{"line":296,"column":37},"end":{"line":296,"column":38}},"loc":{"start":{"line":296,"column":57},"end":{"line":329,"column":1}},"line":296},"16":{"name":"(anonymous_16)","decl":{"start":{"line":319,"column":41},"end":{"line":319,"column":42}},"loc":{"start":{"line":319,"column":51},"end":{"line":322,"column":5}},"line":319},"17":{"name":"(anonymous_17)","decl":{"start":{"line":332,"column":41},"end":{"line":332,"column":42}},"loc":{"start":{"line":332,"column":61},"end":{"line":384,"column":1}},"line":332},"18":{"name":"(anonymous_18)","decl":{"start":{"line":360,"column":41},"end":{"line":360,"column":42}},"loc":{"start":{"line":360,"column":46},"end":{"line":360,"column":80}},"line":360},"19":{"name":"(anonymous_19)","decl":{"start":{"line":361,"column":47},"end":{"line":361,"column":48}},"loc":{"start":{"line":361,"column":52},"end":{"line":361,"column":93}},"line":361},"20":{"name":"(anonymous_20)","decl":{"start":{"line":363,"column":43},"end":{"line":363,"column":44}},"loc":{"start":{"line":363,"column":59},"end":{"line":366,"column":5}},"line":363},"21":{"name":"(anonymous_21)","decl":{"start":{"line":387,"column":32},"end":{"line":387,"column":33}},"loc":{"start":{"line":387,"column":52},"end":{"line":437,"column":1}},"line":387},"22":{"name":"(anonymous_22)","decl":{"start":{"line":440,"column":44},"end":{"line":440,"column":45}},"loc":{"start":{"line":440,"column":64},"end":{"line":472,"column":1}},"line":440},"23":{"name":"(anonymous_23)","decl":{"start":{"line":460,"column":32},"end":{"line":460,"column":33}},"loc":{"start":{"line":461,"column":6},"end":{"line":461,"column":153}},"line":461}},"branchMap":{"0":{"loc":{"start":{"line":9,"column":2},"end":{"line":9,"column":76}},"type":"if","locations":[{"start":{"line":9,"column":2},"end":{"line":9,"column":76}},{"start":{},"end":{}}],"line":9},"1":{"loc":{"start":{"line":10,"column":2},"end":{"line":10,"column":76}},"type":"if","locations":[{"start":{"line":10,"column":2},"end":{"line":10,"column":76}},{"start":{},"end":{}}],"line":10},"2":{"loc":{"start":{"line":11,"column":2},"end":{"line":11,"column":90}},"type":"if","locations":[{"start":{"line":11,"column":2},"end":{"line":11,"column":90}},{"start":{},"end":{}}],"line":11},"3":{"loc":{"start":{"line":11,"column":6},"end":{"line":11,"column":49}},"type":"binary-expr","locations":[{"start":{"line":11,"column":6},"end":{"line":11,"column":18}},{"start":{"line":11,"column":22},"end":{"line":11,"column":49}}],"line":11},"4":{"loc":{"start":{"line":12,"column":2},"end":{"line":12,"column":72}},"type":"if","locations":[{"start":{"line":12,"column":2},"end":{"line":12,"column":72}},{"start":{},"end":{}}],"line":12},"5":{"loc":{"start":{"line":22,"column":2},"end":{"line":24,"column":3}},"type":"if","locations":[{"start":{"line":22,"column":2},"end":{"line":24,"column":3}},{"start":{},"end":{}}],"line":22},"6":{"loc":{"start":{"line":29,"column":26},"end":{"line":29,"column":79}},"type":"cond-expr","locations":[{"start":{"line":29,"column":50},"end":{"line":29,"column":72}},{"start":{"line":29,"column":75},"end":{"line":29,"column":79}}],"line":29},"7":{"loc":{"start":{"line":40,"column":2},"end":{"line":40,"column":89}},"type":"if","locations":[{"start":{"line":40,"column":2},"end":{"line":40,"column":89}},{"start":{},"end":{}}],"line":40},"8":{"loc":{"start":{"line":65,"column":2},"end":{"line":65,"column":89}},"type":"if","locations":[{"start":{"line":65,"column":2},"end":{"line":65,"column":89}},{"start":{},"end":{}}],"line":65},"9":{"loc":{"start":{"line":88,"column":4},"end":{"line":90,"column":5}},"type":"if","locations":[{"start":{"line":88,"column":4},"end":{"line":90,"column":5}},{"start":{},"end":{}}],"line":88},"10":{"loc":{"start":{"line":93,"column":27},"end":{"line":93,"column":88}},"type":"cond-expr","locations":[{"start":{"line":93,"column":51},"end":{"line":93,"column":83}},{"start":{"line":93,"column":86},"end":{"line":93,"column":88}}],"line":93},"11":{"loc":{"start":{"line":122,"column":6},"end":{"line":127,"column":7}},"type":"if","locations":[{"start":{"line":122,"column":6},"end":{"line":127,"column":7}},{"start":{"line":125,"column":13},"end":{"line":127,"column":7}}],"line":122},"12":{"loc":{"start":{"line":137,"column":21},"end":{"line":137,"column":66}},"type":"cond-expr","locations":[{"start":{"line":137,"column":37},"end":{"line":137,"column":61}},{"start":{"line":137,"column":64},"end":{"line":137,"column":66}}],"line":137},"13":{"loc":{"start":{"line":161,"column":2},"end":{"line":163,"column":3}},"type":"if","locations":[{"start":{"line":161,"column":2},"end":{"line":163,"column":3}},{"start":{},"end":{}}],"line":161},"14":{"loc":{"start":{"line":169,"column":4},"end":{"line":171,"column":5}},"type":"if","locations":[{"start":{"line":169,"column":4},"end":{"line":171,"column":5}},{"start":{},"end":{}}],"line":169},"15":{"loc":{"start":{"line":175,"column":4},"end":{"line":177,"column":5}},"type":"if","locations":[{"start":{"line":175,"column":4},"end":{"line":177,"column":5}},{"start":{},"end":{}}],"line":175},"16":{"loc":{"start":{"line":185,"column":4},"end":{"line":187,"column":5}},"type":"if","locations":[{"start":{"line":185,"column":4},"end":{"line":187,"column":5}},{"start":{},"end":{}}],"line":185},"17":{"loc":{"start":{"line":231,"column":4},"end":{"line":233,"column":5}},"type":"if","locations":[{"start":{"line":231,"column":4},"end":{"line":233,"column":5}},{"start":{},"end":{}}],"line":231},"18":{"loc":{"start":{"line":236,"column":27},"end":{"line":236,"column":88}},"type":"cond-expr","locations":[{"start":{"line":236,"column":51},"end":{"line":236,"column":83}},{"start":{"line":236,"column":86},"end":{"line":236,"column":88}}],"line":236},"19":{"loc":{"start":{"line":252,"column":30},"end":{"line":252,"column":81}},"type":"cond-expr","locations":[{"start":{"line":252,"column":49},"end":{"line":252,"column":76}},{"start":{"line":252,"column":79},"end":{"line":252,"column":81}}],"line":252},"20":{"loc":{"start":{"line":253,"column":28},"end":{"line":253,"column":107}},"type":"cond-expr","locations":[{"start":{"line":253,"column":55},"end":{"line":253,"column":102}},{"start":{"line":253,"column":105},"end":{"line":253,"column":107}}],"line":253},"21":{"loc":{"start":{"line":257,"column":35},"end":{"line":258,"column":65}},"type":"cond-expr","locations":[{"start":{"line":258,"column":8},"end":{"line":258,"column":61}},{"start":{"line":258,"column":64},"end":{"line":258,"column":65}}],"line":257},"22":{"loc":{"start":{"line":265,"column":57},"end":{"line":265,"column":75}},"type":"cond-expr","locations":[{"start":{"line":265,"column":69},"end":{"line":265,"column":71}},{"start":{"line":265,"column":74},"end":{"line":265,"column":75}}],"line":265},"23":{"loc":{"start":{"line":302,"column":4},"end":{"line":304,"column":5}},"type":"if","locations":[{"start":{"line":302,"column":4},"end":{"line":304,"column":5}},{"start":{},"end":{}}],"line":302},"24":{"loc":{"start":{"line":321,"column":23},"end":{"line":321,"column":84}},"type":"cond-expr","locations":[{"start":{"line":321,"column":47},"end":{"line":321,"column":79}},{"start":{"line":321,"column":82},"end":{"line":321,"column":84}}],"line":321},"25":{"loc":{"start":{"line":333,"column":2},"end":{"line":335,"column":3}},"type":"if","locations":[{"start":{"line":333,"column":2},"end":{"line":335,"column":3}},{"start":{},"end":{}}],"line":333},"26":{"loc":{"start":{"line":364,"column":28},"end":{"line":364,"column":51}},"type":"binary-expr","locations":[{"start":{"line":364,"column":28},"end":{"line":364,"column":46}},{"start":{"line":364,"column":50},"end":{"line":364,"column":51}}],"line":364},"27":{"loc":{"start":{"line":369,"column":29},"end":{"line":369,"column":99}},"type":"cond-expr","locations":[{"start":{"line":369,"column":47},"end":{"line":369,"column":95}},{"start":{"line":369,"column":98},"end":{"line":369,"column":99}}],"line":369},"28":{"loc":{"start":{"line":388,"column":2},"end":{"line":390,"column":3}},"type":"if","locations":[{"start":{"line":388,"column":2},"end":{"line":390,"column":3}},{"start":{},"end":{}}],"line":388},"29":{"loc":{"start":{"line":441,"column":2},"end":{"line":443,"column":3}},"type":"if","locations":[{"start":{"line":441,"column":2},"end":{"line":443,"column":3}},{"start":{},"end":{}}],"line":441}},"s":{"0":8,"1":8,"2":8,"3":8,"4":8,"5":3,"6":3,"7":1,"8":3,"9":1,"10":3,"11":1,"12":3,"13":0,"14":3,"15":8,"16":3,"17":3,"18":3,"19":1,"20":2,"21":2,"22":1,"23":1,"24":1,"25":8,"26":0,"27":0,"28":0,"29":0,"30":0,"31":0,"32":0,"33":8,"34":0,"35":0,"36":0,"37":0,"38":8,"39":0,"40":0,"41":0,"42":0,"43":0,"44":0,"45":8,"46":3,"47":3,"48":3,"49":2,"50":1,"51":1,"52":1,"53":1,"54":1,"55":1,"56":1,"57":1,"58":1,"59":1,"60":1,"61":0,"62":1,"63":1,"64":1,"65":1,"66":0,"67":1,"68":1,"69":1,"70":8,"71":6,"72":1,"73":5,"74":5,"75":5,"76":5,"77":1,"78":4,"79":3,"80":1,"81":2,"82":2,"83":1,"84":1,"85":1,"86":2,"87":2,"88":2,"89":1,"90":1,"91":1,"92":8,"93":0,"94":0,"95":0,"96":0,"97":0,"98":0,"99":0,"100":0,"101":0,"102":0,"103":0,"104":0,"105":0,"106":0,"107":0,"108":0,"109":0,"110":0,"111":0,"112":0,"113":0,"114":0,"115":8,"116":4,"117":4,"118":4,"119":3,"120":1,"121":2,"122":2,"123":1,"124":2,"125":1,"126":1,"127":8,"128":3,"129":1,"130":2,"131":2,"132":2,"133":1,"134":1,"135":1,"136":2,"137":1,"138":2,"139":1,"140":2,"141":2,"142":1,"143":1,"144":1,"145":8,"146":3,"147":1,"148":2,"149":2,"150":1,"151":1,"152":1,"153":1,"154":1,"155":8,"156":0,"157":0,"158":0,"159":0,"160":0,"161":0,"162":0,"163":0,"164":0,"165":0,"166":0,"167":0,"168":0,"169":8},"f":{"0":3,"1":3,"2":0,"3":0,"4":0,"5":3,"6":1,"7":1,"8":0,"9":6,"10":0,"11":0,"12":0,"13":0,"14":0,"15":4,"16":1,"17":3,"18":2,"19":2,"20":2,"21":3,"22":0,"23":0},"b":{"0":[1,2],"1":[1,2],"2":[1,2],"3":[3,3],"4":[0,3],"5":[1,2],"6":[2,0],"7":[0,0],"8":[0,0],"9":[1,1],"10":[1,0],"11":[1,0],"12":[1,0],"13":[1,5],"14":[1,4],"15":[1,2],"16":[1,1],"17":[0,0],"18":[0,0],"19":[0,0],"20":[0,0],"21":[0,0],"22":[0,0],"23":[1,2],"24":[1,0],"25":[1,2],"26":[2,2],"27":[1,0],"28":[1,2],"29":[0,0]},"_coverageSchema":"1a1c01bbd47fc00a2c39e90264f33305004495a9","hash":"744bac181f2f380c88885516c4180efc660724c8"}
}
