{"C:\\Users\\dogwa\\Documents\\Assignments\\SoftwareDesign\\SOFTWARE_DESIGN_COSC_4353\\server\\middleware\\auth.js": {"path":"C:\\Users\\dogwa\\Documents\\Assignments\\SoftwareDesign\\SOFTWARE_DESIGN_COSC_4353\\server\\middleware\\auth.js","statementMap":{"0":{"start":{"line":1,"column":12},"end":{"line":1,"column":35}},"1":{"start":{"line":3,"column":0},"end":{"line":12,"column":2}},"2":{"start":{"line":4,"column":21},"end":{"line":4,"column":49}},"3":{"start":{"line":5,"column":16},"end":{"line":5,"column":54}},"4":{"start":{"line":6,"column":2},"end":{"line":6,"column":76}},"5":{"start":{"line":6,"column":14},"end":{"line":6,"column":76}},"6":{"start":{"line":7,"column":2},"end":{"line":11,"column":5}},"7":{"start":{"line":8,"column":4},"end":{"line":8,"column":71}},"8":{"start":{"line":8,"column":13},"end":{"line":8,"column":71}},"9":{"start":{"line":9,"column":4},"end":{"line":9,"column":20}},"10":{"start":{"line":10,"column":4},"end":{"line":10,"column":11}}},"fnMap":{"0":{"name":"(anonymous_0)","decl":{"start":{"line":3,"column":17},"end":{"line":3,"column":18}},"loc":{"start":{"line":3,"column":43},"end":{"line":12,"column":1}},"line":3},"1":{"name":"(anonymous_1)","decl":{"start":{"line":7,"column":44},"end":{"line":7,"column":45}},"loc":{"start":{"line":7,"column":59},"end":{"line":11,"column":3}},"line":7}},"branchMap":{"0":{"loc":{"start":{"line":5,"column":16},"end":{"line":5,"column":54}},"type":"binary-expr","locations":[{"start":{"line":5,"column":16},"end":{"line":5,"column":26}},{"start":{"line":5,"column":30},"end":{"line":5,"column":54}}],"line":5},"1":{"loc":{"start":{"line":6,"column":2},"end":{"line":6,"column":76}},"type":"if","locations":[{"start":{"line":6,"column":2},"end":{"line":6,"column":76}},{"start":{},"end":{}}],"line":6},"2":{"loc":{"start":{"line":8,"column":4},"end":{"line":8,"column":71}},"type":"if","locations":[{"start":{"line":8,"column":4},"end":{"line":8,"column":71}},{"start":{},"end":{}}],"line":8}},"s":{"0":1,"1":1,"2":10,"3":10,"4":10,"5":3,"6":7,"7":6,"8":2,"9":4,"10":4},"f":{"0":10,"1":6},"b":{"0":[10,8],"1":[3,7],"2":[2,4]},"_coverageSchema":"1a1c01bbd47fc00a2c39e90264f33305004495a9","hash":"2c052123273908b24521de81aa7de9da92271114"}
,"C:\\Users\\dogwa\\Documents\\Assignments\\SoftwareDesign\\SOFTWARE_DESIGN_COSC_4353\\server\\middleware\\role.js": {"path":"C:\\Users\\dogwa\\Documents\\Assignments\\SoftwareDesign\\SOFTWARE_DESIGN_COSC_4353\\server\\middleware\\role.js","statementMap":{"0":{"start":{"line":1,"column":0},"end":{"line":8,"column":2}},"1":{"start":{"line":2,"column":2},"end":{"line":7,"column":4}},"2":{"start":{"line":3,"column":4},"end":{"line":5,"column":5}},"3":{"start":{"line":4,"column":6},"end":{"line":4,"column":84}},"4":{"start":{"line":6,"column":4},"end":{"line":6,"column":11}}},"fnMap":{"0":{"name":"restrictTo","decl":{"start":{"line":1,"column":26},"end":{"line":1,"column":36}},"loc":{"start":{"line":1,"column":47},"end":{"line":8,"column":1}},"line":1},"1":{"name":"(anonymous_1)","decl":{"start":{"line":2,"column":9},"end":{"line":2,"column":10}},"loc":{"start":{"line":2,"column":29},"end":{"line":7,"column":3}},"line":2}},"branchMap":{"0":{"loc":{"start":{"line":3,"column":4},"end":{"line":5,"column":5}},"type":"if","locations":[{"start":{"line":3,"column":4},"end":{"line":5,"column":5}},{"start":{},"end":{}}],"line":3}},"s":{"0":1,"1":11,"2":13,"3":7,"4":5},"f":{"0":11,"1":13},"b":{"0":[7,5]},"_coverageSchema":"1a1c01bbd47fc00a2c39e90264f33305004495a9","hash":"27b2967b877be406c2f4cd6710f621f3aa6b22b4"}
,"C:\\Users\\dogwa\\Documents\\Assignments\\SoftwareDesign\\SOFTWARE_DESIGN_COSC_4353\\server\\routes\\adoption.js": {"path":"C:\\Users\\dogwa\\Documents\\Assignments\\SoftwareDesign\\SOFTWARE_DESIGN_COSC_4353\\server\\routes\\adoption.js","statementMap":{"0":{"start":{"line":1,"column":16},"end":{"line":1,"column":34}},"1":{"start":{"line":2,"column":15},"end":{"line":2,"column":31}},"2":{"start":{"line":3,"column":13},"end":{"line":3,"column":29}},"3":{"start":{"line":4,"column":13},"end":{"line":4,"column":42}},"4":{"start":{"line":7,"column":0},"end":{"line":18,"column":3}},"5":{"start":{"line":8,"column":97},"end":{"line":8,"column":105}},"6":{"start":{"line":9,"column":2},"end":{"line":17,"column":3}},"7":{"start":{"line":10,"column":21},"end":{"line":13,"column":5}},"8":{"start":{"line":14,"column":4},"end":{"line":14,"column":68}},"9":{"start":{"line":16,"column":4},"end":{"line":16,"column":74}},"10":{"start":{"line":21,"column":0},"end":{"line":29,"column":3}},"11":{"start":{"line":22,"column":2},"end":{"line":22,"column":89}},"12":{"start":{"line":22,"column":35},"end":{"line":22,"column":89}},"13":{"start":{"line":23,"column":2},"end":{"line":28,"column":3}},"14":{"start":{"line":24,"column":23},"end":{"line":24,"column":74}},"15":{"start":{"line":25,"column":4},"end":{"line":25,"column":23}},"16":{"start":{"line":27,"column":4},"end":{"line":27,"column":74}},"17":{"start":{"line":32,"column":0},"end":{"line":41,"column":3}},"18":{"start":{"line":33,"column":2},"end":{"line":33,"column":89}},"19":{"start":{"line":33,"column":35},"end":{"line":33,"column":89}},"20":{"start":{"line":34,"column":36},"end":{"line":34,"column":44}},"21":{"start":{"line":35,"column":2},"end":{"line":40,"column":3}},"22":{"start":{"line":36,"column":4},"end":{"line":36,"column":130}},"23":{"start":{"line":37,"column":4},"end":{"line":37,"column":54}},"24":{"start":{"line":39,"column":4},"end":{"line":39,"column":74}},"25":{"start":{"line":44,"column":0},"end":{"line":51,"column":3}},"26":{"start":{"line":45,"column":2},"end":{"line":50,"column":3}},"27":{"start":{"line":46,"column":23},"end":{"line":46,"column":117}},"28":{"start":{"line":47,"column":4},"end":{"line":47,"column":23}},"29":{"start":{"line":49,"column":4},"end":{"line":49,"column":74}},"30":{"start":{"line":53,"column":0},"end":{"line":53,"column":24}}},"fnMap":{"0":{"name":"(anonymous_0)","decl":{"start":{"line":7,"column":23},"end":{"line":7,"column":24}},"loc":{"start":{"line":7,"column":43},"end":{"line":18,"column":1}},"line":7},"1":{"name":"(anonymous_1)","decl":{"start":{"line":21,"column":22},"end":{"line":21,"column":23}},"loc":{"start":{"line":21,"column":42},"end":{"line":29,"column":1}},"line":21},"2":{"name":"(anonymous_2)","decl":{"start":{"line":32,"column":25},"end":{"line":32,"column":26}},"loc":{"start":{"line":32,"column":45},"end":{"line":41,"column":1}},"line":32},"3":{"name":"(anonymous_3)","decl":{"start":{"line":44,"column":34},"end":{"line":44,"column":35}},"loc":{"start":{"line":44,"column":54},"end":{"line":51,"column":1}},"line":44}},"branchMap":{"0":{"loc":{"start":{"line":22,"column":2},"end":{"line":22,"column":89}},"type":"if","locations":[{"start":{"line":22,"column":2},"end":{"line":22,"column":89}},{"start":{},"end":{}}],"line":22},"1":{"loc":{"start":{"line":33,"column":2},"end":{"line":33,"column":89}},"type":"if","locations":[{"start":{"line":33,"column":2},"end":{"line":33,"column":89}},{"start":{},"end":{}}],"line":33}},"s":{"0":1,"1":1,"2":1,"3":1,"4":1,"5":1,"6":1,"7":1,"8":1,"9":0,"10":1,"11":2,"12":0,"13":2,"14":2,"15":1,"16":1,"17":1,"18":1,"19":0,"20":1,"21":1,"22":1,"23":1,"24":0,"25":1,"26":0,"27":0,"28":0,"29":0,"30":1},"f":{"0":1,"1":2,"2":1,"3":0},"b":{"0":[0,2],"1":[0,1]},"_coverageSchema":"1a1c01bbd47fc00a2c39e90264f33305004495a9","hash":"073703a8c48f17711b83f376a2b06613691cc1c0"}
,"C:\\Users\\dogwa\\Documents\\Assignments\\SoftwareDesign\\SOFTWARE_DESIGN_COSC_4353\\server\\routes\\animals.js": {"path":"C:\\Users\\dogwa\\Documents\\Assignments\\SoftwareDesign\\SOFTWARE_DESIGN_COSC_4353\\server\\routes\\animals.js","statementMap":{"0":{"start":{"line":1,"column":16},"end":{"line":1,"column":34}},"1":{"start":{"line":2,"column":15},"end":{"line":2,"column":31}},"2":{"start":{"line":3,"column":13},"end":{"line":3,"column":29}},"3":{"start":{"line":4,"column":13},"end":{"line":4,"column":42}},"4":{"start":{"line":7,"column":27},"end":{"line":47,"column":1}},"5":{"start":{"line":8,"column":17},"end":{"line":8,"column":19}},"6":{"start":{"line":10,"column":2},"end":{"line":12,"column":3}},"7":{"start":{"line":11,"column":4},"end":{"line":11,"column":76}},"8":{"start":{"line":14,"column":2},"end":{"line":16,"column":3}},"9":{"start":{"line":15,"column":4},"end":{"line":15,"column":72}},"10":{"start":{"line":18,"column":2},"end":{"line":20,"column":3}},"11":{"start":{"line":19,"column":4},"end":{"line":19,"column":63}},"12":{"start":{"line":22,"column":2},"end":{"line":24,"column":3}},"13":{"start":{"line":23,"column":4},"end":{"line":23,"column":69}},"14":{"start":{"line":26,"column":2},"end":{"line":28,"column":3}},"15":{"start":{"line":27,"column":4},"end":{"line":27,"column":52}},"16":{"start":{"line":30,"column":2},"end":{"line":32,"column":3}},"17":{"start":{"line":31,"column":4},"end":{"line":31,"column":56}},"18":{"start":{"line":34,"column":2},"end":{"line":36,"column":3}},"19":{"start":{"line":35,"column":4},"end":{"line":35,"column":54}},"20":{"start":{"line":38,"column":2},"end":{"line":40,"column":3}},"21":{"start":{"line":39,"column":4},"end":{"line":39,"column":53}},"22":{"start":{"line":42,"column":2},"end":{"line":44,"column":3}},"23":{"start":{"line":43,"column":4},"end":{"line":43,"column":54}},"24":{"start":{"line":46,"column":2},"end":{"line":46,"column":16}},"25":{"start":{"line":50,"column":0},"end":{"line":57,"column":3}},"26":{"start":{"line":51,"column":2},"end":{"line":56,"column":3}},"27":{"start":{"line":52,"column":22},"end":{"line":52,"column":63}},"28":{"start":{"line":53,"column":4},"end":{"line":53,"column":22}},"29":{"start":{"line":55,"column":4},"end":{"line":55,"column":74}},"30":{"start":{"line":60,"column":0},"end":{"line":68,"column":3}},"31":{"start":{"line":61,"column":2},"end":{"line":67,"column":3}},"32":{"start":{"line":62,"column":22},"end":{"line":62,"column":100}},"33":{"start":{"line":63,"column":4},"end":{"line":63,"column":91}},"34":{"start":{"line":63,"column":30},"end":{"line":63,"column":91}},"35":{"start":{"line":64,"column":4},"end":{"line":64,"column":25}},"36":{"start":{"line":66,"column":4},"end":{"line":66,"column":74}},"37":{"start":{"line":71,"column":0},"end":{"line":89,"column":3}},"38":{"start":{"line":72,"column":225},"end":{"line":72,"column":233}},"39":{"start":{"line":75,"column":17},"end":{"line":75,"column":113}},"40":{"start":{"line":76,"column":2},"end":{"line":78,"column":3}},"41":{"start":{"line":77,"column":4},"end":{"line":77,"column":74}},"42":{"start":{"line":80,"column":2},"end":{"line":88,"column":3}},"43":{"start":{"line":81,"column":21},"end":{"line":84,"column":5}},"44":{"start":{"line":85,"column":4},"end":{"line":85,"column":77}},"45":{"start":{"line":87,"column":4},"end":{"line":87,"column":74}},"46":{"start":{"line":92,"column":0},"end":{"line":110,"column":3}},"47":{"start":{"line":93,"column":98},"end":{"line":93,"column":106}},"48":{"start":{"line":96,"column":17},"end":{"line":96,"column":113}},"49":{"start":{"line":97,"column":2},"end":{"line":99,"column":3}},"50":{"start":{"line":98,"column":4},"end":{"line":98,"column":74}},"51":{"start":{"line":101,"column":2},"end":{"line":109,"column":3}},"52":{"start":{"line":102,"column":21},"end":{"line":105,"column":5}},"53":{"start":{"line":106,"column":4},"end":{"line":106,"column":44}},"54":{"start":{"line":108,"column":4},"end":{"line":108,"column":74}},"55":{"start":{"line":113,"column":0},"end":{"line":120,"column":3}},"56":{"start":{"line":114,"column":2},"end":{"line":119,"column":3}},"57":{"start":{"line":115,"column":4},"end":{"line":115,"column":81}},"58":{"start":{"line":116,"column":4},"end":{"line":116,"column":44}},"59":{"start":{"line":118,"column":4},"end":{"line":118,"column":74}},"60":{"start":{"line":122,"column":0},"end":{"line":122,"column":24}}},"fnMap":{"0":{"name":"(anonymous_0)","decl":{"start":{"line":7,"column":27},"end":{"line":7,"column":28}},"loc":{"start":{"line":7,"column":37},"end":{"line":47,"column":1}},"line":7},"1":{"name":"(anonymous_1)","decl":{"start":{"line":50,"column":16},"end":{"line":50,"column":17}},"loc":{"start":{"line":50,"column":36},"end":{"line":57,"column":1}},"line":50},"2":{"name":"(anonymous_2)","decl":{"start":{"line":60,"column":19},"end":{"line":60,"column":20}},"loc":{"start":{"line":60,"column":39},"end":{"line":68,"column":1}},"line":60},"3":{"name":"(anonymous_3)","decl":{"start":{"line":71,"column":23},"end":{"line":71,"column":24}},"loc":{"start":{"line":71,"column":43},"end":{"line":89,"column":1}},"line":71},"4":{"name":"(anonymous_4)","decl":{"start":{"line":92,"column":25},"end":{"line":92,"column":26}},"loc":{"start":{"line":92,"column":45},"end":{"line":110,"column":1}},"line":92},"5":{"name":"(anonymous_5)","decl":{"start":{"line":113,"column":28},"end":{"line":113,"column":29}},"loc":{"start":{"line":113,"column":48},"end":{"line":120,"column":1}},"line":113}},"branchMap":{"0":{"loc":{"start":{"line":10,"column":2},"end":{"line":12,"column":3}},"type":"if","locations":[{"start":{"line":10,"column":2},"end":{"line":12,"column":3}},{"start":{},"end":{}}],"line":10},"1":{"loc":{"start":{"line":10,"column":6},"end":{"line":10,"column":42}},"type":"binary-expr","locations":[{"start":{"line":10,"column":6},"end":{"line":10,"column":16}},{"start":{"line":10,"column":20},"end":{"line":10,"column":42}}],"line":10},"2":{"loc":{"start":{"line":14,"column":2},"end":{"line":16,"column":3}},"type":"if","locations":[{"start":{"line":14,"column":2},"end":{"line":16,"column":3}},{"start":{},"end":{}}],"line":14},"3":{"loc":{"start":{"line":14,"column":6},"end":{"line":14,"column":48}},"type":"binary-expr","locations":[{"start":{"line":14,"column":6},"end":{"line":14,"column":19}},{"start":{"line":14,"column":23},"end":{"line":14,"column":48}}],"line":14},"4":{"loc":{"start":{"line":18,"column":2},"end":{"line":20,"column":3}},"type":"if","locations":[{"start":{"line":18,"column":2},"end":{"line":20,"column":3}},{"start":{},"end":{}}],"line":18},"5":{"loc":{"start":{"line":18,"column":6},"end":{"line":18,"column":82}},"type":"binary-expr","locations":[{"start":{"line":18,"column":6},"end":{"line":18,"column":28}},{"start":{"line":18,"column":33},"end":{"line":18,"column":48}},{"start":{"line":18,"column":52},"end":{"line":18,"column":64}},{"start":{"line":18,"column":68},"end":{"line":18,"column":81}}],"line":18},"6":{"loc":{"start":{"line":22,"column":2},"end":{"line":24,"column":3}},"type":"if","locations":[{"start":{"line":22,"column":2},"end":{"line":24,"column":3}},{"start":{},"end":{}}],"line":22},"7":{"loc":{"start":{"line":22,"column":6},"end":{"line":22,"column":84}},"type":"binary-expr","locations":[{"start":{"line":22,"column":6},"end":{"line":22,"column":18}},{"start":{"line":22,"column":22},"end":{"line":22,"column":84}}],"line":22},"8":{"loc":{"start":{"line":26,"column":2},"end":{"line":28,"column":3}},"type":"if","locations":[{"start":{"line":26,"column":2},"end":{"line":28,"column":3}},{"start":{},"end":{}}],"line":26},"9":{"loc":{"start":{"line":26,"column":6},"end":{"line":26,"column":55}},"type":"binary-expr","locations":[{"start":{"line":26,"column":6},"end":{"line":26,"column":22}},{"start":{"line":26,"column":26},"end":{"line":26,"column":55}}],"line":26},"10":{"loc":{"start":{"line":30,"column":2},"end":{"line":32,"column":3}},"type":"if","locations":[{"start":{"line":30,"column":2},"end":{"line":32,"column":3}},{"start":{},"end":{}}],"line":30},"11":{"loc":{"start":{"line":30,"column":6},"end":{"line":30,"column":81}},"type":"binary-expr","locations":[{"start":{"line":30,"column":6},"end":{"line":30,"column":14}},{"start":{"line":30,"column":18},"end":{"line":30,"column":81}}],"line":30},"12":{"loc":{"start":{"line":34,"column":2},"end":{"line":36,"column":3}},"type":"if","locations":[{"start":{"line":34,"column":2},"end":{"line":36,"column":3}},{"start":{},"end":{}}],"line":34},"13":{"loc":{"start":{"line":34,"column":6},"end":{"line":34,"column":42}},"type":"binary-expr","locations":[{"start":{"line":34,"column":6},"end":{"line":34,"column":15}},{"start":{"line":34,"column":19},"end":{"line":34,"column":42}}],"line":34},"14":{"loc":{"start":{"line":38,"column":2},"end":{"line":40,"column":3}},"type":"if","locations":[{"start":{"line":38,"column":2},"end":{"line":40,"column":3}},{"start":{},"end":{}}],"line":38},"15":{"loc":{"start":{"line":38,"column":6},"end":{"line":38,"column":42}},"type":"binary-expr","locations":[{"start":{"line":38,"column":6},"end":{"line":38,"column":16}},{"start":{"line":38,"column":20},"end":{"line":38,"column":42}}],"line":38},"16":{"loc":{"start":{"line":42,"column":2},"end":{"line":44,"column":3}},"type":"if","locations":[{"start":{"line":42,"column":2},"end":{"line":44,"column":3}},{"start":{},"end":{}}],"line":42},"17":{"loc":{"start":{"line":42,"column":6},"end":{"line":42,"column":59}},"type":"binary-expr","locations":[{"start":{"line":42,"column":6},"end":{"line":42,"column":24}},{"start":{"line":42,"column":28},"end":{"line":42,"column":59}}],"line":42},"18":{"loc":{"start":{"line":63,"column":4},"end":{"line":63,"column":91}},"type":"if","locations":[{"start":{"line":63,"column":4},"end":{"line":63,"column":91}},{"start":{},"end":{}}],"line":63},"19":{"loc":{"start":{"line":76,"column":2},"end":{"line":78,"column":3}},"type":"if","locations":[{"start":{"line":76,"column":2},"end":{"line":78,"column":3}},{"start":{},"end":{}}],"line":76},"20":{"loc":{"start":{"line":97,"column":2},"end":{"line":99,"column":3}},"type":"if","locations":[{"start":{"line":97,"column":2},"end":{"line":99,"column":3}},{"start":{},"end":{}}],"line":97}},"s":{"0":1,"1":1,"2":1,"3":1,"4":1,"5":9,"6":9,"7":2,"8":9,"9":1,"10":9,"11":2,"12":9,"13":2,"14":9,"15":0,"16":9,"17":1,"18":9,"19":0,"20":9,"21":0,"22":9,"23":0,"24":9,"25":1,"26":2,"27":2,"28":1,"29":1,"30":1,"31":0,"32":0,"33":0,"34":0,"35":0,"36":0,"37":1,"38":7,"39":7,"40":7,"41":5,"42":2,"43":2,"44":2,"45":0,"46":1,"47":2,"48":2,"49":2,"50":1,"51":1,"52":1,"53":1,"54":0,"55":1,"56":1,"57":1,"58":1,"59":0,"60":1},"f":{"0":9,"1":2,"2":0,"3":7,"4":2,"5":1},"b":{"0":[2,7],"1":[9,7],"2":[1,8],"3":[9,8],"4":[2,7],"5":[9,9,9,8],"6":[2,7],"7":[9,9],"8":[0,9],"9":[9,0],"10":[1,8],"11":[9,3],"12":[0,9],"13":[9,0],"14":[0,9],"15":[9,0],"16":[0,9],"17":[9,0],"18":[0,0],"19":[5,2],"20":[1,1]},"_coverageSchema":"1a1c01bbd47fc00a2c39e90264f33305004495a9","hash":"b1849759d95a3bb83d9340a38f0658e3ea258bc7"}
,"C:\\Users\\dogwa\\Documents\\Assignments\\SoftwareDesign\\SOFTWARE_DESIGN_COSC_4353\\server\\routes\\donations.js": {"path":"C:\\Users\\dogwa\\Documents\\Assignments\\SoftwareDesign\\SOFTWARE_DESIGN_COSC_4353\\server\\routes\\donations.js","statementMap":{"0":{"start":{"line":1,"column":16},"end":{"line":1,"column":34}},"1":{"start":{"line":2,"column":15},"end":{"line":2,"column":31}},"2":{"start":{"line":3,"column":13},"end":{"line":3,"column":29}},"3":{"start":{"line":4,"column":13},"end":{"line":4,"column":42}},"4":{"start":{"line":7,"column":29},"end":{"line":37,"column":1}},"5":{"start":{"line":8,"column":17},"end":{"line":8,"column":19}},"6":{"start":{"line":10,"column":2},"end":{"line":12,"column":3}},"7":{"start":{"line":11,"column":4},"end":{"line":11,"column":77}},"8":{"start":{"line":14,"column":2},"end":{"line":16,"column":3}},"9":{"start":{"line":15,"column":4},"end":{"line":15,"column":70}},"10":{"start":{"line":18,"column":2},"end":{"line":20,"column":3}},"11":{"start":{"line":19,"column":4},"end":{"line":19,"column":54}},"12":{"start":{"line":22,"column":2},"end":{"line":24,"column":3}},"13":{"start":{"line":23,"column":4},"end":{"line":23,"column":54}},"14":{"start":{"line":26,"column":2},"end":{"line":28,"column":3}},"15":{"start":{"line":27,"column":4},"end":{"line":27,"column":66}},"16":{"start":{"line":31,"column":29},"end":{"line":31,"column":78}},"17":{"start":{"line":32,"column":2},"end":{"line":34,"column":3}},"18":{"start":{"line":33,"column":4},"end":{"line":33,"column":82}},"19":{"start":{"line":36,"column":2},"end":{"line":36,"column":16}},"20":{"start":{"line":40,"column":0},"end":{"line":84,"column":3}},"21":{"start":{"line":41,"column":78},"end":{"line":41,"column":86}},"22":{"start":{"line":44,"column":17},"end":{"line":44,"column":93}},"23":{"start":{"line":45,"column":2},"end":{"line":47,"column":3}},"24":{"start":{"line":46,"column":4},"end":{"line":46,"column":74}},"25":{"start":{"line":49,"column":15},"end":{"line":49,"column":19}},"26":{"start":{"line":51,"column":2},"end":{"line":83,"column":3}},"27":{"start":{"line":53,"column":4},"end":{"line":57,"column":5}},"28":{"start":{"line":54,"column":20},"end":{"line":54,"column":59}},"29":{"start":{"line":55,"column":22},"end":{"line":55,"column":63}},"30":{"start":{"line":56,"column":6},"end":{"line":56,"column":31}},"31":{"start":{"line":60,"column":4},"end":{"line":63,"column":5}},"32":{"start":{"line":61,"column":21},"end":{"line":61,"column":91}},"33":{"start":{"line":62,"column":6},"end":{"line":62,"column":52}},"34":{"start":{"line":62,"column":27},"end":{"line":62,"column":52}},"35":{"start":{"line":66,"column":21},"end":{"line":69,"column":5}},"36":{"start":{"line":72,"column":4},"end":{"line":77,"column":5}},"37":{"start":{"line":73,"column":6},"end":{"line":76,"column":8}},"38":{"start":{"line":79,"column":4},"end":{"line":79,"column":88}},"39":{"start":{"line":81,"column":4},"end":{"line":81,"column":23}},"40":{"start":{"line":82,"column":4},"end":{"line":82,"column":74}},"41":{"start":{"line":87,"column":0},"end":{"line":97,"column":3}},"42":{"start":{"line":88,"column":2},"end":{"line":96,"column":3}},"43":{"start":{"line":89,"column":24},"end":{"line":92,"column":5}},"44":{"start":{"line":93,"column":4},"end":{"line":93,"column":24}},"45":{"start":{"line":95,"column":4},"end":{"line":95,"column":74}},"46":{"start":{"line":100,"column":0},"end":{"line":108,"column":3}},"47":{"start":{"line":101,"column":2},"end":{"line":101,"column":89}},"48":{"start":{"line":101,"column":35},"end":{"line":101,"column":89}},"49":{"start":{"line":102,"column":2},"end":{"line":107,"column":3}},"50":{"start":{"line":103,"column":24},"end":{"line":103,"column":67}},"51":{"start":{"line":104,"column":4},"end":{"line":104,"column":24}},"52":{"start":{"line":106,"column":4},"end":{"line":106,"column":74}},"53":{"start":{"line":110,"column":0},"end":{"line":110,"column":24}}},"fnMap":{"0":{"name":"(anonymous_0)","decl":{"start":{"line":7,"column":29},"end":{"line":7,"column":30}},"loc":{"start":{"line":7,"column":39},"end":{"line":37,"column":1}},"line":7},"1":{"name":"(anonymous_1)","decl":{"start":{"line":40,"column":17},"end":{"line":40,"column":18}},"loc":{"start":{"line":40,"column":37},"end":{"line":84,"column":1}},"line":40},"2":{"name":"(anonymous_2)","decl":{"start":{"line":87,"column":24},"end":{"line":87,"column":25}},"loc":{"start":{"line":87,"column":44},"end":{"line":97,"column":1}},"line":87},"3":{"name":"(anonymous_3)","decl":{"start":{"line":100,"column":22},"end":{"line":100,"column":23}},"loc":{"start":{"line":100,"column":42},"end":{"line":108,"column":1}},"line":100}},"branchMap":{"0":{"loc":{"start":{"line":10,"column":2},"end":{"line":12,"column":3}},"type":"if","locations":[{"start":{"line":10,"column":2},"end":{"line":12,"column":3}},{"start":{},"end":{}}],"line":10},"1":{"loc":{"start":{"line":10,"column":6},"end":{"line":10,"column":59}},"type":"binary-expr","locations":[{"start":{"line":10,"column":6},"end":{"line":10,"column":25}},{"start":{"line":10,"column":29},"end":{"line":10,"column":59}}],"line":10},"2":{"loc":{"start":{"line":14,"column":2},"end":{"line":16,"column":3}},"type":"if","locations":[{"start":{"line":14,"column":2},"end":{"line":16,"column":3}},{"start":{},"end":{}}],"line":14},"3":{"loc":{"start":{"line":14,"column":6},"end":{"line":14,"column":45}},"type":"binary-expr","locations":[{"start":{"line":14,"column":6},"end":{"line":14,"column":18}},{"start":{"line":14,"column":22},"end":{"line":14,"column":45}}],"line":14},"4":{"loc":{"start":{"line":18,"column":2},"end":{"line":20,"column":3}},"type":"if","locations":[{"start":{"line":18,"column":2},"end":{"line":20,"column":3}},{"start":{},"end":{}}],"line":18},"5":{"loc":{"start":{"line":18,"column":6},"end":{"line":18,"column":59}},"type":"binary-expr","locations":[{"start":{"line":18,"column":6},"end":{"line":18,"column":24}},{"start":{"line":18,"column":28},"end":{"line":18,"column":59}}],"line":18},"6":{"loc":{"start":{"line":22,"column":2},"end":{"line":24,"column":3}},"type":"if","locations":[{"start":{"line":22,"column":2},"end":{"line":24,"column":3}},{"start":{},"end":{}}],"line":22},"7":{"loc":{"start":{"line":22,"column":6},"end":{"line":22,"column":66}},"type":"binary-expr","locations":[{"start":{"line":22,"column":6},"end":{"line":22,"column":16}},{"start":{"line":22,"column":20},"end":{"line":22,"column":66}}],"line":22},"8":{"loc":{"start":{"line":26,"column":2},"end":{"line":28,"column":3}},"type":"if","locations":[{"start":{"line":26,"column":2},"end":{"line":28,"column":3}},{"start":{},"end":{}}],"line":26},"9":{"loc":{"start":{"line":26,"column":6},"end":{"line":26,"column":43}},"type":"binary-expr","locations":[{"start":{"line":26,"column":6},"end":{"line":26,"column":16}},{"start":{"line":26,"column":20},"end":{"line":26,"column":43}}],"line":26},"10":{"loc":{"start":{"line":32,"column":2},"end":{"line":34,"column":3}},"type":"if","locations":[{"start":{"line":32,"column":2},"end":{"line":34,"column":3}},{"start":{},"end":{}}],"line":32},"11":{"loc":{"start":{"line":32,"column":6},"end":{"line":32,"column":90}},"type":"binary-expr","locations":[{"start":{"line":32,"column":6},"end":{"line":32,"column":24}},{"start":{"line":32,"column":28},"end":{"line":32,"column":90}}],"line":32},"12":{"loc":{"start":{"line":41,"column":33},"end":{"line":41,"column":59}},"type":"default-arg","locations":[{"start":{"line":41,"column":49},"end":{"line":41,"column":59}}],"line":41},"13":{"loc":{"start":{"line":45,"column":2},"end":{"line":47,"column":3}},"type":"if","locations":[{"start":{"line":45,"column":2},"end":{"line":47,"column":3}},{"start":{},"end":{}}],"line":45},"14":{"loc":{"start":{"line":53,"column":4},"end":{"line":57,"column":5}},"type":"if","locations":[{"start":{"line":53,"column":4},"end":{"line":57,"column":5}},{"start":{},"end":{}}],"line":53},"15":{"loc":{"start":{"line":60,"column":4},"end":{"line":63,"column":5}},"type":"if","locations":[{"start":{"line":60,"column":4},"end":{"line":63,"column":5}},{"start":{},"end":{}}],"line":60},"16":{"loc":{"start":{"line":60,"column":8},"end":{"line":60,"column":24}},"type":"binary-expr","locations":[{"start":{"line":60,"column":8},"end":{"line":60,"column":15}},{"start":{"line":60,"column":19},"end":{"line":60,"column":24}}],"line":60},"17":{"loc":{"start":{"line":62,"column":6},"end":{"line":62,"column":52}},"type":"if","locations":[{"start":{"line":62,"column":6},"end":{"line":62,"column":52}},{"start":{},"end":{}}],"line":62},"18":{"loc":{"start":{"line":72,"column":4},"end":{"line":77,"column":5}},"type":"if","locations":[{"start":{"line":72,"column":4},"end":{"line":77,"column":5}},{"start":{},"end":{}}],"line":72},"19":{"loc":{"start":{"line":101,"column":2},"end":{"line":101,"column":89}},"type":"if","locations":[{"start":{"line":101,"column":2},"end":{"line":101,"column":89}},{"start":{},"end":{}}],"line":101}},"s":{"0":1,"1":1,"2":1,"3":1,"4":1,"5":5,"6":5,"7":1,"8":5,"9":1,"10":5,"11":0,"12":5,"13":1,"14":5,"15":0,"16":5,"17":5,"18":1,"19":5,"20":1,"21":5,"22":5,"23":5,"24":4,"25":1,"26":1,"27":1,"28":0,"29":0,"30":0,"31":1,"32":1,"33":1,"34":0,"35":1,"36":1,"37":0,"38":1,"39":0,"40":0,"41":1,"42":0,"43":0,"44":0,"45":0,"46":1,"47":2,"48":0,"49":2,"50":2,"51":1,"52":1,"53":1},"f":{"0":5,"1":5,"2":0,"3":2},"b":{"0":[1,4],"1":[5,4],"2":[1,4],"3":[5,4],"4":[0,5],"5":[5,5],"6":[1,4],"7":[5,2],"8":[0,5],"9":[5,0],"10":[1,4],"11":[5,4],"12":[5],"13":[4,1],"14":[0,1],"15":[1,0],"16":[1,1],"17":[0,1],"18":[0,1],"19":[0,2]},"_coverageSchema":"1a1c01bbd47fc00a2c39e90264f33305004495a9","hash":"e6ef2158f8a619e3fc356a72faa3a70dd1b0ed41"}
,"C:\\Users\\dogwa\\Documents\\Assignments\\SoftwareDesign\\SOFTWARE_DESIGN_COSC_4353\\server\\routes\\events.js": {"path":"C:\\Users\\dogwa\\Documents\\Assignments\\SoftwareDesign\\SOFTWARE_DESIGN_COSC_4353\\server\\routes\\events.js","statementMap":{"0":{"start":{"line":1,"column":16},"end":{"line":1,"column":34}},"1":{"start":{"line":2,"column":15},"end":{"line":2,"column":31}},"2":{"start":{"line":3,"column":13},"end":{"line":3,"column":29}},"3":{"start":{"line":4,"column":13},"end":{"line":4,"column":42}},"4":{"start":{"line":7,"column":26},"end":{"line":35,"column":1}},"5":{"start":{"line":8,"column":17},"end":{"line":8,"column":19}},"6":{"start":{"line":10,"column":2},"end":{"line":12,"column":3}},"7":{"start":{"line":11,"column":4},"end":{"line":11,"column":76}},"8":{"start":{"line":14,"column":2},"end":{"line":16,"column":3}},"9":{"start":{"line":15,"column":4},"end":{"line":15,"column":82}},"10":{"start":{"line":18,"column":2},"end":{"line":20,"column":3}},"11":{"start":{"line":19,"column":4},"end":{"line":19,"column":48}},"12":{"start":{"line":22,"column":2},"end":{"line":24,"column":3}},"13":{"start":{"line":23,"column":4},"end":{"line":23,"column":79}},"14":{"start":{"line":26,"column":2},"end":{"line":28,"column":3}},"15":{"start":{"line":27,"column":4},"end":{"line":27,"column":66}},"16":{"start":{"line":30,"column":2},"end":{"line":32,"column":3}},"17":{"start":{"line":31,"column":4},"end":{"line":31,"column":52}},"18":{"start":{"line":34,"column":2},"end":{"line":34,"column":16}},"19":{"start":{"line":38,"column":0},"end":{"line":60,"column":3}},"20":{"start":{"line":39,"column":2},"end":{"line":59,"column":3}},"21":{"start":{"line":40,"column":21},"end":{"line":47,"column":6}},"22":{"start":{"line":50,"column":29},"end":{"line":53,"column":7}},"23":{"start":{"line":50,"column":50},"end":{"line":53,"column":5}},"24":{"start":{"line":55,"column":4},"end":{"line":55,"column":31}},"25":{"start":{"line":57,"column":4},"end":{"line":57,"column":46}},"26":{"start":{"line":58,"column":4},"end":{"line":58,"column":74}},"27":{"start":{"line":63,"column":0},"end":{"line":87,"column":3}},"28":{"start":{"line":64,"column":2},"end":{"line":86,"column":3}},"29":{"start":{"line":65,"column":21},"end":{"line":74,"column":23}},"30":{"start":{"line":76,"column":4},"end":{"line":78,"column":5}},"31":{"start":{"line":77,"column":6},"end":{"line":77,"column":66}},"32":{"start":{"line":80,"column":18},"end":{"line":80,"column":27}},"33":{"start":{"line":81,"column":4},"end":{"line":81,"column":90}},"34":{"start":{"line":83,"column":4},"end":{"line":83,"column":20}},"35":{"start":{"line":85,"column":4},"end":{"line":85,"column":74}},"36":{"start":{"line":90,"column":0},"end":{"line":130,"column":3}},"37":{"start":{"line":91,"column":2},"end":{"line":93,"column":3}},"38":{"start":{"line":92,"column":4},"end":{"line":92,"column":80}},"39":{"start":{"line":95,"column":97},"end":{"line":95,"column":105}},"40":{"start":{"line":98,"column":17},"end":{"line":98,"column":100}},"41":{"start":{"line":99,"column":2},"end":{"line":101,"column":3}},"42":{"start":{"line":100,"column":4},"end":{"line":100,"column":74}},"43":{"start":{"line":103,"column":2},"end":{"line":129,"column":3}},"44":{"start":{"line":105,"column":21},"end":{"line":108,"column":5}},"45":{"start":{"line":110,"column":20},"end":{"line":110,"column":35}},"46":{"start":{"line":113,"column":4},"end":{"line":120,"column":5}},"47":{"start":{"line":114,"column":6},"end":{"line":119,"column":7}},"48":{"start":{"line":115,"column":8},"end":{"line":118,"column":10}},"49":{"start":{"line":122,"column":4},"end":{"line":125,"column":7}},"50":{"start":{"line":127,"column":4},"end":{"line":127,"column":48}},"51":{"start":{"line":128,"column":4},"end":{"line":128,"column":74}},"52":{"start":{"line":133,"column":0},"end":{"line":168,"column":3}},"53":{"start":{"line":134,"column":2},"end":{"line":136,"column":3}},"54":{"start":{"line":135,"column":4},"end":{"line":135,"column":80}},"55":{"start":{"line":138,"column":97},"end":{"line":138,"column":105}},"56":{"start":{"line":141,"column":17},"end":{"line":141,"column":100}},"57":{"start":{"line":142,"column":2},"end":{"line":144,"column":3}},"58":{"start":{"line":143,"column":4},"end":{"line":143,"column":74}},"59":{"start":{"line":146,"column":2},"end":{"line":167,"column":3}},"60":{"start":{"line":148,"column":4},"end":{"line":151,"column":6}},"61":{"start":{"line":154,"column":4},"end":{"line":162,"column":5}},"62":{"start":{"line":155,"column":6},"end":{"line":155,"column":87}},"63":{"start":{"line":156,"column":6},"end":{"line":161,"column":7}},"64":{"start":{"line":157,"column":8},"end":{"line":160,"column":10}},"65":{"start":{"line":164,"column":4},"end":{"line":164,"column":56}},"66":{"start":{"line":166,"column":4},"end":{"line":166,"column":74}},"67":{"start":{"line":171,"column":0},"end":{"line":183,"column":3}},"68":{"start":{"line":172,"column":2},"end":{"line":174,"column":3}},"69":{"start":{"line":173,"column":4},"end":{"line":173,"column":80}},"70":{"start":{"line":176,"column":2},"end":{"line":182,"column":3}},"71":{"start":{"line":177,"column":4},"end":{"line":177,"column":85}},"72":{"start":{"line":178,"column":4},"end":{"line":178,"column":73}},"73":{"start":{"line":179,"column":4},"end":{"line":179,"column":56}},"74":{"start":{"line":181,"column":4},"end":{"line":181,"column":74}},"75":{"start":{"line":186,"column":0},"end":{"line":228,"column":3}},"76":{"start":{"line":187,"column":2},"end":{"line":227,"column":3}},"77":{"start":{"line":188,"column":20},"end":{"line":188,"column":33}},"78":{"start":{"line":191,"column":21},"end":{"line":191,"column":85}},"79":{"start":{"line":192,"column":4},"end":{"line":194,"column":5}},"80":{"start":{"line":193,"column":6},"end":{"line":193,"column":66}},"81":{"start":{"line":196,"column":18},"end":{"line":196,"column":27}},"82":{"start":{"line":199,"column":28},"end":{"line":202,"column":5}},"83":{"start":{"line":204,"column":4},"end":{"line":206,"column":5}},"84":{"start":{"line":205,"column":6},"end":{"line":205,"column":84}},"85":{"start":{"line":209,"column":25},"end":{"line":212,"column":5}},"86":{"start":{"line":215,"column":4},"end":{"line":218,"column":6}},"87":{"start":{"line":220,"column":4},"end":{"line":223,"column":7}},"88":{"start":{"line":225,"column":4},"end":{"line":225,"column":52}},"89":{"start":{"line":226,"column":4},"end":{"line":226,"column":74}},"90":{"start":{"line":231,"column":0},"end":{"line":247,"column":3}},"91":{"start":{"line":232,"column":2},"end":{"line":246,"column":3}},"92":{"start":{"line":233,"column":21},"end":{"line":240,"column":26}},"93":{"start":{"line":242,"column":4},"end":{"line":242,"column":21}},"94":{"start":{"line":244,"column":4},"end":{"line":244,"column":43}},"95":{"start":{"line":245,"column":4},"end":{"line":245,"column":74}},"96":{"start":{"line":249,"column":0},"end":{"line":249,"column":24}}},"fnMap":{"0":{"name":"(anonymous_0)","decl":{"start":{"line":7,"column":26},"end":{"line":7,"column":27}},"loc":{"start":{"line":7,"column":36},"end":{"line":35,"column":1}},"line":7},"1":{"name":"(anonymous_1)","decl":{"start":{"line":38,"column":16},"end":{"line":38,"column":17}},"loc":{"start":{"line":38,"column":36},"end":{"line":60,"column":1}},"line":38},"2":{"name":"(anonymous_2)","decl":{"start":{"line":50,"column":40},"end":{"line":50,"column":41}},"loc":{"start":{"line":50,"column":50},"end":{"line":53,"column":5}},"line":50},"3":{"name":"(anonymous_3)","decl":{"start":{"line":63,"column":19},"end":{"line":63,"column":20}},"loc":{"start":{"line":63,"column":39},"end":{"line":87,"column":1}},"line":63},"4":{"name":"(anonymous_4)","decl":{"start":{"line":90,"column":23},"end":{"line":90,"column":24}},"loc":{"start":{"line":90,"column":43},"end":{"line":130,"column":1}},"line":90},"5":{"name":"(anonymous_5)","decl":{"start":{"line":133,"column":25},"end":{"line":133,"column":26}},"loc":{"start":{"line":133,"column":45},"end":{"line":168,"column":1}},"line":133},"6":{"name":"(anonymous_6)","decl":{"start":{"line":171,"column":28},"end":{"line":171,"column":29}},"loc":{"start":{"line":171,"column":48},"end":{"line":183,"column":1}},"line":171},"7":{"name":"(anonymous_7)","decl":{"start":{"line":186,"column":35},"end":{"line":186,"column":36}},"loc":{"start":{"line":186,"column":55},"end":{"line":228,"column":1}},"line":186},"8":{"name":"(anonymous_8)","decl":{"start":{"line":231,"column":35},"end":{"line":231,"column":36}},"loc":{"start":{"line":231,"column":55},"end":{"line":247,"column":1}},"line":231}},"branchMap":{"0":{"loc":{"start":{"line":10,"column":2},"end":{"line":12,"column":3}},"type":"if","locations":[{"start":{"line":10,"column":2},"end":{"line":12,"column":3}},{"start":{},"end":{}}],"line":10},"1":{"loc":{"start":{"line":10,"column":6},"end":{"line":10,"column":44}},"type":"binary-expr","locations":[{"start":{"line":10,"column":6},"end":{"line":10,"column":17}},{"start":{"line":10,"column":21},"end":{"line":10,"column":44}}],"line":10},"2":{"loc":{"start":{"line":14,"column":2},"end":{"line":16,"column":3}},"type":"if","locations":[{"start":{"line":14,"column":2},"end":{"line":16,"column":3}},{"start":{},"end":{}}],"line":14},"3":{"loc":{"start":{"line":14,"column":6},"end":{"line":14,"column":56}},"type":"binary-expr","locations":[{"start":{"line":14,"column":6},"end":{"line":14,"column":23}},{"start":{"line":14,"column":27},"end":{"line":14,"column":56}}],"line":14},"4":{"loc":{"start":{"line":18,"column":2},"end":{"line":20,"column":3}},"type":"if","locations":[{"start":{"line":18,"column":2},"end":{"line":20,"column":3}},{"start":{},"end":{}}],"line":18},"5":{"loc":{"start":{"line":18,"column":6},"end":{"line":18,"column":42}},"type":"binary-expr","locations":[{"start":{"line":18,"column":6},"end":{"line":18,"column":16}},{"start":{"line":18,"column":20},"end":{"line":18,"column":42}}],"line":18},"6":{"loc":{"start":{"line":22,"column":2},"end":{"line":24,"column":3}},"type":"if","locations":[{"start":{"line":22,"column":2},"end":{"line":24,"column":3}},{"start":{},"end":{}}],"line":22},"7":{"loc":{"start":{"line":22,"column":6},"end":{"line":22,"column":50}},"type":"binary-expr","locations":[{"start":{"line":22,"column":6},"end":{"line":22,"column":20}},{"start":{"line":22,"column":24},"end":{"line":22,"column":50}}],"line":22},"8":{"loc":{"start":{"line":26,"column":2},"end":{"line":28,"column":3}},"type":"if","locations":[{"start":{"line":26,"column":2},"end":{"line":28,"column":3}},{"start":{},"end":{}}],"line":26},"9":{"loc":{"start":{"line":26,"column":6},"end":{"line":26,"column":84}},"type":"binary-expr","locations":[{"start":{"line":26,"column":6},"end":{"line":26,"column":19}},{"start":{"line":26,"column":23},"end":{"line":26,"column":84}}],"line":26},"10":{"loc":{"start":{"line":30,"column":2},"end":{"line":32,"column":3}},"type":"if","locations":[{"start":{"line":30,"column":2},"end":{"line":32,"column":3}},{"start":{},"end":{}}],"line":30},"11":{"loc":{"start":{"line":30,"column":6},"end":{"line":30,"column":66}},"type":"binary-expr","locations":[{"start":{"line":30,"column":6},"end":{"line":30,"column":26}},{"start":{"line":30,"column":30},"end":{"line":30,"column":66}}],"line":30},"12":{"loc":{"start":{"line":52,"column":23},"end":{"line":52,"column":84}},"type":"cond-expr","locations":[{"start":{"line":52,"column":47},"end":{"line":52,"column":79}},{"start":{"line":52,"column":82},"end":{"line":52,"column":84}}],"line":52},"13":{"loc":{"start":{"line":76,"column":4},"end":{"line":78,"column":5}},"type":"if","locations":[{"start":{"line":76,"column":4},"end":{"line":78,"column":5}},{"start":{},"end":{}}],"line":76},"14":{"loc":{"start":{"line":81,"column":28},"end":{"line":81,"column":89}},"type":"cond-expr","locations":[{"start":{"line":81,"column":52},"end":{"line":81,"column":84}},{"start":{"line":81,"column":87},"end":{"line":81,"column":89}}],"line":81},"15":{"loc":{"start":{"line":91,"column":2},"end":{"line":93,"column":3}},"type":"if","locations":[{"start":{"line":91,"column":2},"end":{"line":93,"column":3}},{"start":{},"end":{}}],"line":91},"16":{"loc":{"start":{"line":99,"column":2},"end":{"line":101,"column":3}},"type":"if","locations":[{"start":{"line":99,"column":2},"end":{"line":101,"column":3}},{"start":{},"end":{}}],"line":99},"17":{"loc":{"start":{"line":113,"column":4},"end":{"line":120,"column":5}},"type":"if","locations":[{"start":{"line":113,"column":4},"end":{"line":120,"column":5}},{"start":{},"end":{}}],"line":113},"18":{"loc":{"start":{"line":113,"column":8},"end":{"line":113,"column":57}},"type":"binary-expr","locations":[{"start":{"line":113,"column":8},"end":{"line":113,"column":23}},{"start":{"line":113,"column":27},"end":{"line":113,"column":57}}],"line":113},"19":{"loc":{"start":{"line":134,"column":2},"end":{"line":136,"column":3}},"type":"if","locations":[{"start":{"line":134,"column":2},"end":{"line":136,"column":3}},{"start":{},"end":{}}],"line":134},"20":{"loc":{"start":{"line":142,"column":2},"end":{"line":144,"column":3}},"type":"if","locations":[{"start":{"line":142,"column":2},"end":{"line":144,"column":3}},{"start":{},"end":{}}],"line":142},"21":{"loc":{"start":{"line":154,"column":4},"end":{"line":162,"column":5}},"type":"if","locations":[{"start":{"line":154,"column":4},"end":{"line":162,"column":5}},{"start":{},"end":{}}],"line":154},"22":{"loc":{"start":{"line":154,"column":8},"end":{"line":154,"column":57}},"type":"binary-expr","locations":[{"start":{"line":154,"column":8},"end":{"line":154,"column":23}},{"start":{"line":154,"column":27},"end":{"line":154,"column":57}}],"line":154},"23":{"loc":{"start":{"line":172,"column":2},"end":{"line":174,"column":3}},"type":"if","locations":[{"start":{"line":172,"column":2},"end":{"line":174,"column":3}},{"start":{},"end":{}}],"line":172},"24":{"loc":{"start":{"line":192,"column":4},"end":{"line":194,"column":5}},"type":"if","locations":[{"start":{"line":192,"column":4},"end":{"line":194,"column":5}},{"start":{},"end":{}}],"line":192},"25":{"loc":{"start":{"line":204,"column":4},"end":{"line":206,"column":5}},"type":"if","locations":[{"start":{"line":204,"column":4},"end":{"line":206,"column":5}},{"start":{},"end":{}}],"line":204}},"s":{"0":1,"1":1,"2":1,"3":1,"4":1,"5":3,"6":3,"7":1,"8":3,"9":0,"10":3,"11":1,"12":3,"13":1,"14":3,"15":1,"16":3,"17":0,"18":3,"19":1,"20":2,"21":2,"22":1,"23":2,"24":1,"25":1,"26":1,"27":1,"28":2,"29":2,"30":2,"31":1,"32":1,"33":1,"34":1,"35":0,"36":1,"37":3,"38":1,"39":2,"40":2,"41":2,"42":1,"43":1,"44":1,"45":1,"46":1,"47":1,"48":2,"49":1,"50":0,"51":0,"52":1,"53":2,"54":1,"55":1,"56":1,"57":1,"58":0,"59":1,"60":1,"61":1,"62":1,"63":1,"64":2,"65":1,"66":0,"67":1,"68":2,"69":1,"70":1,"71":1,"72":1,"73":1,"74":0,"75":1,"76":3,"77":3,"78":3,"79":3,"80":1,"81":2,"82":2,"83":2,"84":1,"85":1,"86":1,"87":1,"88":0,"89":0,"90":1,"91":1,"92":1,"93":1,"94":0,"95":0,"96":1},"f":{"0":3,"1":2,"2":2,"3":2,"4":3,"5":2,"6":2,"7":3,"8":1},"b":{"0":[1,2],"1":[3,2],"2":[0,3],"3":[3,3],"4":[1,2],"5":[3,3],"6":[1,2],"7":[3,2],"8":[1,2],"9":[3,2],"10":[0,3],"11":[3,2],"12":[2,0],"13":[1,1],"14":[1,0],"15":[1,2],"16":[1,1],"17":[1,0],"18":[1,1],"19":[1,1],"20":[0,1],"21":[1,0],"22":[1,1],"23":[1,1],"24":[1,2],"25":[1,1]},"_coverageSchema":"1a1c01bbd47fc00a2c39e90264f33305004495a9","hash":"45a14305835a11cbfc5d317bda5c1784beab1025"}
,"C:\\Users\\dogwa\\Documents\\Assignments\\SoftwareDesign\\SOFTWARE_DESIGN_COSC_4353\\server\\routes\\notifications.js": {"path":"C:\\Users\\dogwa\\Documents\\Assignments\\SoftwareDesign\\SOFTWARE_DESIGN_COSC_4353\\server\\routes\\notifications.js","statementMap":{"0":{"start":{"line":1,"column":16},"end":{"line":1,"column":34}},"1":{"start":{"line":2,"column":15},"end":{"line":2,"column":31}},"2":{"start":{"line":3,"column":13},"end":{"line":3,"column":29}},"3":{"start":{"line":4,"column":13},"end":{"line":4,"column":42}},"4":{"start":{"line":7,"column":0},"end":{"line":14,"column":3}},"5":{"start":{"line":8,"column":2},"end":{"line":13,"column":3}},"6":{"start":{"line":9,"column":28},"end":{"line":9,"column":75}},"7":{"start":{"line":10,"column":4},"end":{"line":10,"column":28}},"8":{"start":{"line":12,"column":4},"end":{"line":12,"column":74}},"9":{"start":{"line":16,"column":0},"end":{"line":24,"column":3}},"10":{"start":{"line":17,"column":2},"end":{"line":23,"column":3}},"11":{"start":{"line":18,"column":28},"end":{"line":18,"column":119}},"12":{"start":{"line":19,"column":4},"end":{"line":19,"column":103}},"13":{"start":{"line":19,"column":36},"end":{"line":19,"column":103}},"14":{"start":{"line":20,"column":4},"end":{"line":20,"column":31}},"15":{"start":{"line":22,"column":4},"end":{"line":22,"column":74}},"16":{"start":{"line":26,"column":0},"end":{"line":38,"column":3}},"17":{"start":{"line":27,"column":38},"end":{"line":27,"column":46}},"18":{"start":{"line":28,"column":2},"end":{"line":28,"column":97}},"19":{"start":{"line":28,"column":29},"end":{"line":28,"column":97}},"20":{"start":{"line":29,"column":2},"end":{"line":37,"column":3}},"21":{"start":{"line":30,"column":21},"end":{"line":33,"column":5}},"22":{"start":{"line":34,"column":4},"end":{"line":34,"column":83}},"23":{"start":{"line":36,"column":4},"end":{"line":36,"column":74}},"24":{"start":{"line":40,"column":0},"end":{"line":52,"column":3}},"25":{"start":{"line":41,"column":37},"end":{"line":41,"column":45}},"26":{"start":{"line":42,"column":2},"end":{"line":51,"column":3}},"27":{"start":{"line":43,"column":21},"end":{"line":46,"column":5}},"28":{"start":{"line":47,"column":4},"end":{"line":47,"column":102}},"29":{"start":{"line":47,"column":35},"end":{"line":47,"column":102}},"30":{"start":{"line":48,"column":4},"end":{"line":48,"column":50}},"31":{"start":{"line":50,"column":4},"end":{"line":50,"column":74}},"32":{"start":{"line":54,"column":0},"end":{"line":62,"column":3}},"33":{"start":{"line":55,"column":2},"end":{"line":61,"column":3}},"34":{"start":{"line":56,"column":21},"end":{"line":56,"column":108}},"35":{"start":{"line":57,"column":4},"end":{"line":57,"column":102}},"36":{"start":{"line":57,"column":35},"end":{"line":57,"column":102}},"37":{"start":{"line":58,"column":4},"end":{"line":58,"column":50}},"38":{"start":{"line":60,"column":4},"end":{"line":60,"column":74}},"39":{"start":{"line":65,"column":0},"end":{"line":76,"column":3}},"40":{"start":{"line":66,"column":2},"end":{"line":75,"column":3}},"41":{"start":{"line":67,"column":28},"end":{"line":71,"column":26}},"42":{"start":{"line":72,"column":4},"end":{"line":72,"column":28}},"43":{"start":{"line":74,"column":4},"end":{"line":74,"column":74}},"44":{"start":{"line":79,"column":0},"end":{"line":86,"column":3}},"45":{"start":{"line":80,"column":2},"end":{"line":85,"column":3}},"46":{"start":{"line":81,"column":4},"end":{"line":81,"column":140}},"47":{"start":{"line":82,"column":4},"end":{"line":82,"column":57}},"48":{"start":{"line":84,"column":4},"end":{"line":84,"column":74}},"49":{"start":{"line":89,"column":0},"end":{"line":96,"column":3}},"50":{"start":{"line":90,"column":2},"end":{"line":95,"column":3}},"51":{"start":{"line":91,"column":4},"end":{"line":91,"column":100}},"52":{"start":{"line":92,"column":4},"end":{"line":92,"column":62}},"53":{"start":{"line":94,"column":4},"end":{"line":94,"column":74}},"54":{"start":{"line":99,"column":25},"end":{"line":110,"column":1}},"55":{"start":{"line":100,"column":2},"end":{"line":109,"column":3}},"56":{"start":{"line":101,"column":4},"end":{"line":104,"column":6}},"57":{"start":{"line":105,"column":4},"end":{"line":105,"column":16}},"58":{"start":{"line":107,"column":4},"end":{"line":107,"column":55}},"59":{"start":{"line":108,"column":4},"end":{"line":108,"column":17}},"60":{"start":{"line":113,"column":0},"end":{"line":132,"column":3}},"61":{"start":{"line":114,"column":2},"end":{"line":116,"column":3}},"62":{"start":{"line":115,"column":4},"end":{"line":115,"column":85}},"63":{"start":{"line":118,"column":42},"end":{"line":118,"column":50}},"64":{"start":{"line":120,"column":2},"end":{"line":131,"column":3}},"65":{"start":{"line":121,"column":20},"end":{"line":121,"column":68}},"66":{"start":{"line":122,"column":20},"end":{"line":122,"column":79}},"67":{"start":{"line":124,"column":4},"end":{"line":128,"column":5}},"68":{"start":{"line":125,"column":6},"end":{"line":125,"column":66}},"69":{"start":{"line":127,"column":6},"end":{"line":127,"column":71}},"70":{"start":{"line":130,"column":4},"end":{"line":130,"column":74}},"71":{"start":{"line":135,"column":0},"end":{"line":174,"column":3}},"72":{"start":{"line":136,"column":2},"end":{"line":138,"column":3}},"73":{"start":{"line":137,"column":4},"end":{"line":137,"column":81}},"74":{"start":{"line":140,"column":2},"end":{"line":173,"column":3}},"75":{"start":{"line":141,"column":20},"end":{"line":141,"column":38}},"76":{"start":{"line":144,"column":21},"end":{"line":144,"column":101}},"77":{"start":{"line":145,"column":4},"end":{"line":147,"column":5}},"78":{"start":{"line":146,"column":6},"end":{"line":146,"column":66}},"79":{"start":{"line":149,"column":18},"end":{"line":149,"column":27}},"80":{"start":{"line":152,"column":25},"end":{"line":157,"column":17}},"81":{"start":{"line":160,"column":22},"end":{"line":160,"column":23}},"82":{"start":{"line":161,"column":4},"end":{"line":165,"column":5}},"83":{"start":{"line":162,"column":22},"end":{"line":162,"column":118}},"84":{"start":{"line":163,"column":6},"end":{"line":163,"column":75}},"85":{"start":{"line":164,"column":6},"end":{"line":164,"column":18}},"86":{"start":{"line":167,"column":4},"end":{"line":170,"column":7}},"87":{"start":{"line":172,"column":4},"end":{"line":172,"column":74}},"88":{"start":{"line":177,"column":0},"end":{"line":218,"column":3}},"89":{"start":{"line":178,"column":2},"end":{"line":180,"column":3}},"90":{"start":{"line":179,"column":4},"end":{"line":179,"column":79}},"91":{"start":{"line":182,"column":28},"end":{"line":182,"column":36}},"92":{"start":{"line":184,"column":2},"end":{"line":217,"column":3}},"93":{"start":{"line":185,"column":20},"end":{"line":185,"column":38}},"94":{"start":{"line":188,"column":21},"end":{"line":188,"column":89}},"95":{"start":{"line":189,"column":4},"end":{"line":191,"column":5}},"96":{"start":{"line":190,"column":6},"end":{"line":190,"column":66}},"97":{"start":{"line":193,"column":23},"end":{"line":193,"column":38}},"98":{"start":{"line":196,"column":25},"end":{"line":201,"column":17}},"99":{"start":{"line":204,"column":22},"end":{"line":204,"column":23}},"100":{"start":{"line":205,"column":4},"end":{"line":209,"column":5}},"101":{"start":{"line":206,"column":22},"end":{"line":206,"column":72}},"102":{"start":{"line":207,"column":6},"end":{"line":207,"column":73}},"103":{"start":{"line":208,"column":6},"end":{"line":208,"column":18}},"104":{"start":{"line":211,"column":4},"end":{"line":214,"column":7}},"105":{"start":{"line":216,"column":4},"end":{"line":216,"column":74}},"106":{"start":{"line":221,"column":0},"end":{"line":231,"column":3}},"107":{"start":{"line":222,"column":2},"end":{"line":230,"column":3}},"108":{"start":{"line":223,"column":21},"end":{"line":226,"column":5}},"109":{"start":{"line":227,"column":4},"end":{"line":227,"column":48}},"110":{"start":{"line":229,"column":4},"end":{"line":229,"column":74}},"111":{"start":{"line":234,"column":0},"end":{"line":244,"column":3}},"112":{"start":{"line":235,"column":2},"end":{"line":243,"column":3}},"113":{"start":{"line":236,"column":4},"end":{"line":239,"column":6}},"114":{"start":{"line":240,"column":4},"end":{"line":240,"column":50}},"115":{"start":{"line":242,"column":4},"end":{"line":242,"column":74}},"116":{"start":{"line":246,"column":0},"end":{"line":246,"column":24}}},"fnMap":{"0":{"name":"(anonymous_0)","decl":{"start":{"line":7,"column":25},"end":{"line":7,"column":26}},"loc":{"start":{"line":7,"column":45},"end":{"line":14,"column":1}},"line":7},"1":{"name":"(anonymous_1)","decl":{"start":{"line":16,"column":31},"end":{"line":16,"column":32}},"loc":{"start":{"line":16,"column":51},"end":{"line":24,"column":1}},"line":16},"2":{"name":"(anonymous_2)","decl":{"start":{"line":26,"column":26},"end":{"line":26,"column":27}},"loc":{"start":{"line":26,"column":46},"end":{"line":38,"column":1}},"line":26},"3":{"name":"(anonymous_3)","decl":{"start":{"line":40,"column":31},"end":{"line":40,"column":32}},"loc":{"start":{"line":40,"column":51},"end":{"line":52,"column":1}},"line":40},"4":{"name":"(anonymous_4)","decl":{"start":{"line":54,"column":34},"end":{"line":54,"column":35}},"loc":{"start":{"line":54,"column":54},"end":{"line":62,"column":1}},"line":54},"5":{"name":"(anonymous_5)","decl":{"start":{"line":65,"column":22},"end":{"line":65,"column":23}},"loc":{"start":{"line":65,"column":42},"end":{"line":76,"column":1}},"line":65},"6":{"name":"(anonymous_6)","decl":{"start":{"line":79,"column":30},"end":{"line":79,"column":31}},"loc":{"start":{"line":79,"column":50},"end":{"line":86,"column":1}},"line":79},"7":{"name":"(anonymous_7)","decl":{"start":{"line":89,"column":30},"end":{"line":89,"column":31}},"loc":{"start":{"line":89,"column":50},"end":{"line":96,"column":1}},"line":89},"8":{"name":"(anonymous_8)","decl":{"start":{"line":99,"column":25},"end":{"line":99,"column":26}},"loc":{"start":{"line":99,"column":70},"end":{"line":110,"column":1}},"line":99},"9":{"name":"(anonymous_9)","decl":{"start":{"line":113,"column":39},"end":{"line":113,"column":40}},"loc":{"start":{"line":113,"column":59},"end":{"line":132,"column":1}},"line":113},"10":{"name":"(anonymous_10)","decl":{"start":{"line":135,"column":46},"end":{"line":135,"column":47}},"loc":{"start":{"line":135,"column":66},"end":{"line":174,"column":1}},"line":135},"11":{"name":"(anonymous_11)","decl":{"start":{"line":177,"column":44},"end":{"line":177,"column":45}},"loc":{"start":{"line":177,"column":64},"end":{"line":218,"column":1}},"line":177},"12":{"name":"(anonymous_12)","decl":{"start":{"line":221,"column":34},"end":{"line":221,"column":35}},"loc":{"start":{"line":221,"column":54},"end":{"line":231,"column":1}},"line":221},"13":{"name":"(anonymous_13)","decl":{"start":{"line":234,"column":28},"end":{"line":234,"column":29}},"loc":{"start":{"line":234,"column":48},"end":{"line":244,"column":1}},"line":234}},"branchMap":{"0":{"loc":{"start":{"line":19,"column":4},"end":{"line":19,"column":103}},"type":"if","locations":[{"start":{"line":19,"column":4},"end":{"line":19,"column":103}},{"start":{},"end":{}}],"line":19},"1":{"loc":{"start":{"line":28,"column":2},"end":{"line":28,"column":97}},"type":"if","locations":[{"start":{"line":28,"column":2},"end":{"line":28,"column":97}},{"start":{},"end":{}}],"line":28},"2":{"loc":{"start":{"line":28,"column":6},"end":{"line":28,"column":27}},"type":"binary-expr","locations":[{"start":{"line":28,"column":6},"end":{"line":28,"column":15}},{"start":{"line":28,"column":19},"end":{"line":28,"column":27}}],"line":28},"3":{"loc":{"start":{"line":32,"column":26},"end":{"line":32,"column":43}},"type":"binary-expr","locations":[{"start":{"line":32,"column":26},"end":{"line":32,"column":30}},{"start":{"line":32,"column":34},"end":{"line":32,"column":43}}],"line":32},"4":{"loc":{"start":{"line":47,"column":4},"end":{"line":47,"column":102}},"type":"if","locations":[{"start":{"line":47,"column":4},"end":{"line":47,"column":102}},{"start":{},"end":{}}],"line":47},"5":{"loc":{"start":{"line":57,"column":4},"end":{"line":57,"column":102}},"type":"if","locations":[{"start":{"line":57,"column":4},"end":{"line":57,"column":102}},{"start":{},"end":{}}],"line":57},"6":{"loc":{"start":{"line":99,"column":49},"end":{"line":99,"column":65}},"type":"default-arg","locations":[{"start":{"line":99,"column":56},"end":{"line":99,"column":65}}],"line":99},"7":{"loc":{"start":{"line":114,"column":2},"end":{"line":116,"column":3}},"type":"if","locations":[{"start":{"line":114,"column":2},"end":{"line":116,"column":3}},{"start":{},"end":{}}],"line":114},"8":{"loc":{"start":{"line":124,"column":4},"end":{"line":128,"column":5}},"type":"if","locations":[{"start":{"line":124,"column":4},"end":{"line":128,"column":5}},{"start":{"line":126,"column":11},"end":{"line":128,"column":5}}],"line":124},"9":{"loc":{"start":{"line":136,"column":2},"end":{"line":138,"column":3}},"type":"if","locations":[{"start":{"line":136,"column":2},"end":{"line":138,"column":3}},{"start":{},"end":{}}],"line":136},"10":{"loc":{"start":{"line":145,"column":4},"end":{"line":147,"column":5}},"type":"if","locations":[{"start":{"line":145,"column":4},"end":{"line":147,"column":5}},{"start":{},"end":{}}],"line":145},"11":{"loc":{"start":{"line":178,"column":2},"end":{"line":180,"column":3}},"type":"if","locations":[{"start":{"line":178,"column":2},"end":{"line":180,"column":3}},{"start":{},"end":{}}],"line":178},"12":{"loc":{"start":{"line":189,"column":4},"end":{"line":191,"column":5}},"type":"if","locations":[{"start":{"line":189,"column":4},"end":{"line":191,"column":5}},{"start":{},"end":{}}],"line":189}},"s":{"0":1,"1":1,"2":1,"3":1,"4":1,"5":2,"6":2,"7":1,"8":1,"9":1,"10":2,"11":2,"12":2,"13":1,"14":1,"15":0,"16":1,"17":4,"18":4,"19":1,"20":3,"21":3,"22":2,"23":1,"24":1,"25":3,"26":3,"27":3,"28":2,"29":1,"30":1,"31":1,"32":1,"33":3,"34":3,"35":2,"36":1,"37":1,"38":1,"39":1,"40":1,"41":1,"42":1,"43":0,"44":1,"45":2,"46":2,"47":1,"48":1,"49":1,"50":2,"51":2,"52":1,"53":1,"54":1,"55":1,"56":1,"57":1,"58":0,"59":0,"60":1,"61":2,"62":1,"63":1,"64":1,"65":1,"66":1,"67":1,"68":1,"69":0,"70":0,"71":1,"72":3,"73":1,"74":2,"75":2,"76":2,"77":2,"78":1,"79":1,"80":1,"81":1,"82":1,"83":0,"84":0,"85":0,"86":1,"87":0,"88":1,"89":0,"90":0,"91":0,"92":0,"93":0,"94":0,"95":0,"96":0,"97":0,"98":0,"99":0,"100":0,"101":0,"102":0,"103":0,"104":0,"105":0,"106":1,"107":0,"108":0,"109":0,"110":0,"111":1,"112":0,"113":0,"114":0,"115":0,"116":1},"f":{"0":2,"1":2,"2":4,"3":3,"4":3,"5":1,"6":2,"7":2,"8":1,"9":2,"10":3,"11":0,"12":0,"13":0},"b":{"0":[1,1],"1":[1,3],"2":[4,4],"3":[3,2],"4":[1,1],"5":[1,1],"6":[0],"7":[1,1],"8":[1,0],"9":[1,2],"10":[1,1],"11":[0,0],"12":[0,0]},"_coverageSchema":"1a1c01bbd47fc00a2c39e90264f33305004495a9","hash":"46a57e3e7d40affefdc4eab78ceab5b11eb932b7"}
,"C:\\Users\\dogwa\\Documents\\Assignments\\SoftwareDesign\\SOFTWARE_DESIGN_COSC_4353\\server\\routes\\users.js": {"path":"C:\\Users\\dogwa\\Documents\\Assignments\\SoftwareDesign\\SOFTWARE_DESIGN_COSC_4353\\server\\routes\\users.js","statementMap":{"0":{"start":{"line":1,"column":13},"end":{"line":1,"column":42}},"1":{"start":{"line":2,"column":16},"end":{"line":2,"column":34}},"2":{"start":{"line":3,"column":15},"end":{"line":3,"column":31}},"3":{"start":{"line":4,"column":13},"end":{"line":4,"column":29}},"4":{"start":{"line":5,"column":15},"end":{"line":5,"column":32}},"5":{"start":{"line":6,"column":12},"end":{"line":6,"column":35}},"6":{"start":{"line":9,"column":0},"end":{"line":153,"column":3}},"7":{"start":{"line":10,"column":2},"end":{"line":10,"column":52}},"8":{"start":{"line":11,"column":2},"end":{"line":11,"column":47}},"9":{"start":{"line":12,"column":2},"end":{"line":12,"column":66}},"10":{"start":{"line":13,"column":2},"end":{"line":13,"column":56}},"11":{"start":{"line":14,"column":2},"end":{"line":14,"column":45}},"12":{"start":{"line":15,"column":2},"end":{"line":15,"column":57}},"13":{"start":{"line":16,"column":2},"end":{"line":16,"column":61}},"14":{"start":{"line":17,"column":2},"end":{"line":17,"column":63}},"15":{"start":{"line":36,"column":6},"end":{"line":36,"column":14}},"16":{"start":{"line":38,"column":2},"end":{"line":38,"column":42}},"17":{"start":{"line":39,"column":2},"end":{"line":39,"column":105}},"18":{"start":{"line":40,"column":2},"end":{"line":40,"column":111}},"19":{"start":{"line":41,"column":2},"end":{"line":41,"column":151}},"20":{"start":{"line":42,"column":2},"end":{"line":42,"column":123}},"21":{"start":{"line":43,"column":2},"end":{"line":43,"column":105}},"22":{"start":{"line":44,"column":2},"end":{"line":44,"column":111}},"23":{"start":{"line":45,"column":2},"end":{"line":45,"column":98}},"24":{"start":{"line":46,"column":2},"end":{"line":46,"column":118}},"25":{"start":{"line":47,"column":2},"end":{"line":47,"column":66}},"26":{"start":{"line":48,"column":2},"end":{"line":48,"column":70}},"27":{"start":{"line":51,"column":24},"end":{"line":51,"column":26}},"28":{"start":{"line":52,"column":2},"end":{"line":52,"column":62}},"29":{"start":{"line":52,"column":35},"end":{"line":52,"column":62}},"30":{"start":{"line":53,"column":2},"end":{"line":53,"column":65}},"31":{"start":{"line":53,"column":37},"end":{"line":53,"column":65}},"32":{"start":{"line":54,"column":2},"end":{"line":54,"column":74}},"33":{"start":{"line":54,"column":43},"end":{"line":54,"column":74}},"34":{"start":{"line":55,"column":2},"end":{"line":55,"column":71}},"35":{"start":{"line":55,"column":41},"end":{"line":55,"column":71}},"36":{"start":{"line":56,"column":2},"end":{"line":56,"column":62}},"37":{"start":{"line":56,"column":35},"end":{"line":56,"column":62}},"38":{"start":{"line":57,"column":2},"end":{"line":57,"column":65}},"39":{"start":{"line":57,"column":37},"end":{"line":57,"column":65}},"40":{"start":{"line":59,"column":2},"end":{"line":59,"column":42}},"41":{"start":{"line":60,"column":2},"end":{"line":60,"column":54}},"42":{"start":{"line":61,"column":2},"end":{"line":61,"column":42}},"43":{"start":{"line":62,"column":2},"end":{"line":62,"column":76}},"44":{"start":{"line":63,"column":2},"end":{"line":63,"column":80}},"45":{"start":{"line":64,"column":2},"end":{"line":64,"column":116}},"46":{"start":{"line":65,"column":2},"end":{"line":65,"column":88}},"47":{"start":{"line":66,"column":2},"end":{"line":66,"column":76}},"48":{"start":{"line":67,"column":2},"end":{"line":67,"column":80}},"49":{"start":{"line":69,"column":2},"end":{"line":85,"column":3}},"50":{"start":{"line":70,"column":4},"end":{"line":70,"column":45}},"51":{"start":{"line":71,"column":4},"end":{"line":71,"column":50}},"52":{"start":{"line":72,"column":4},"end":{"line":79,"column":7}},"53":{"start":{"line":80,"column":4},"end":{"line":84,"column":7}},"54":{"start":{"line":87,"column":2},"end":{"line":87,"column":43}},"55":{"start":{"line":88,"column":2},"end":{"line":88,"column":45}},"56":{"start":{"line":90,"column":2},"end":{"line":152,"column":3}},"57":{"start":{"line":92,"column":23},"end":{"line":92,"column":87}},"58":{"start":{"line":93,"column":4},"end":{"line":95,"column":5}},"59":{"start":{"line":94,"column":6},"end":{"line":94,"column":75}},"60":{"start":{"line":98,"column":17},"end":{"line":98,"column":48}},"61":{"start":{"line":101,"column":24},"end":{"line":104,"column":47}},"62":{"start":{"line":106,"column":25},"end":{"line":107,"column":72}},"63":{"start":{"line":109,"column":4},"end":{"line":109,"column":43}},"64":{"start":{"line":110,"column":4},"end":{"line":110,"column":39}},"65":{"start":{"line":111,"column":4},"end":{"line":111,"column":45}},"66":{"start":{"line":113,"column":25},"end":{"line":113,"column":68}},"67":{"start":{"line":115,"column":19},"end":{"line":115,"column":38}},"68":{"start":{"line":118,"column":4},"end":{"line":125,"column":5}},"69":{"start":{"line":119,"column":6},"end":{"line":124,"column":7}},"70":{"start":{"line":120,"column":8},"end":{"line":123,"column":10}},"71":{"start":{"line":128,"column":4},"end":{"line":133,"column":5}},"72":{"start":{"line":129,"column":6},"end":{"line":132,"column":8}},"73":{"start":{"line":136,"column":4},"end":{"line":143,"column":5}},"74":{"start":{"line":137,"column":6},"end":{"line":142,"column":7}},"75":{"start":{"line":138,"column":8},"end":{"line":141,"column":10}},"76":{"start":{"line":145,"column":4},"end":{"line":148,"column":7}},"77":{"start":{"line":150,"column":4},"end":{"line":150,"column":46}},"78":{"start":{"line":151,"column":4},"end":{"line":151,"column":74}},"79":{"start":{"line":156,"column":0},"end":{"line":176,"column":3}},"80":{"start":{"line":157,"column":30},"end":{"line":157,"column":38}},"81":{"start":{"line":158,"column":2},"end":{"line":160,"column":3}},"82":{"start":{"line":159,"column":4},"end":{"line":159,"column":74}},"83":{"start":{"line":161,"column":2},"end":{"line":175,"column":3}},"84":{"start":{"line":162,"column":20},"end":{"line":162,"column":84}},"85":{"start":{"line":163,"column":4},"end":{"line":165,"column":5}},"86":{"start":{"line":164,"column":6},"end":{"line":164,"column":70}},"87":{"start":{"line":166,"column":17},"end":{"line":166,"column":25}},"88":{"start":{"line":167,"column":18},"end":{"line":167,"column":68}},"89":{"start":{"line":168,"column":4},"end":{"line":170,"column":5}},"90":{"start":{"line":169,"column":6},"end":{"line":169,"column":70}},"91":{"start":{"line":171,"column":18},"end":{"line":171,"column":115}},"92":{"start":{"line":172,"column":4},"end":{"line":172,"column":110}},"93":{"start":{"line":174,"column":4},"end":{"line":174,"column":74}},"94":{"start":{"line":179,"column":0},"end":{"line":189,"column":3}},"95":{"start":{"line":180,"column":2},"end":{"line":188,"column":5}},"96":{"start":{"line":192,"column":25},"end":{"line":212,"column":1}},"97":{"start":{"line":193,"column":17},"end":{"line":193,"column":19}},"98":{"start":{"line":195,"column":2},"end":{"line":197,"column":3}},"99":{"start":{"line":196,"column":4},"end":{"line":196,"column":68}},"100":{"start":{"line":199,"column":2},"end":{"line":201,"column":3}},"101":{"start":{"line":200,"column":4},"end":{"line":200,"column":43}},"102":{"start":{"line":203,"column":2},"end":{"line":205,"column":3}},"103":{"start":{"line":204,"column":4},"end":{"line":204,"column":43}},"104":{"start":{"line":207,"column":2},"end":{"line":209,"column":3}},"105":{"start":{"line":208,"column":4},"end":{"line":208,"column":43}},"106":{"start":{"line":211,"column":2},"end":{"line":211,"column":16}},"107":{"start":{"line":215,"column":0},"end":{"line":241,"column":3}},"108":{"start":{"line":216,"column":2},"end":{"line":240,"column":3}},"109":{"start":{"line":217,"column":20},"end":{"line":225,"column":26}},"110":{"start":{"line":227,"column":4},"end":{"line":229,"column":5}},"111":{"start":{"line":228,"column":6},"end":{"line":228,"column":65}},"112":{"start":{"line":232,"column":21},"end":{"line":232,"column":104}},"113":{"start":{"line":234,"column":17},"end":{"line":234,"column":25}},"114":{"start":{"line":235,"column":4},"end":{"line":235,"column":48}},"115":{"start":{"line":235,"column":34},"end":{"line":235,"column":46}},"116":{"start":{"line":237,"column":4},"end":{"line":237,"column":19}},"117":{"start":{"line":239,"column":4},"end":{"line":239,"column":74}},"118":{"start":{"line":244,"column":0},"end":{"line":281,"column":3}},"119":{"start":{"line":245,"column":68},"end":{"line":245,"column":76}},"120":{"start":{"line":248,"column":17},"end":{"line":248,"column":65}},"121":{"start":{"line":249,"column":2},"end":{"line":251,"column":3}},"122":{"start":{"line":250,"column":4},"end":{"line":250,"column":74}},"123":{"start":{"line":253,"column":2},"end":{"line":280,"column":3}},"124":{"start":{"line":255,"column":4},"end":{"line":258,"column":6}},"125":{"start":{"line":261,"column":4},"end":{"line":267,"column":5}},"126":{"start":{"line":262,"column":6},"end":{"line":262,"column":88}},"127":{"start":{"line":263,"column":6},"end":{"line":266,"column":7}},"128":{"start":{"line":264,"column":8},"end":{"line":265,"column":37}},"129":{"start":{"line":270,"column":4},"end":{"line":275,"column":5}},"130":{"start":{"line":271,"column":6},"end":{"line":274,"column":8}},"131":{"start":{"line":277,"column":4},"end":{"line":277,"column":58}},"132":{"start":{"line":279,"column":4},"end":{"line":279,"column":74}},"133":{"start":{"line":284,"column":0},"end":{"line":294,"column":3}},"134":{"start":{"line":285,"column":2},"end":{"line":293,"column":3}},"135":{"start":{"line":286,"column":27},"end":{"line":289,"column":5}},"136":{"start":{"line":290,"column":4},"end":{"line":290,"column":27}},"137":{"start":{"line":292,"column":4},"end":{"line":292,"column":74}},"138":{"start":{"line":297,"column":0},"end":{"line":320,"column":3}},"139":{"start":{"line":298,"column":27},"end":{"line":298,"column":35}},"140":{"start":{"line":300,"column":2},"end":{"line":302,"column":3}},"141":{"start":{"line":301,"column":4},"end":{"line":301,"column":78}},"142":{"start":{"line":304,"column":2},"end":{"line":319,"column":3}},"143":{"start":{"line":306,"column":4},"end":{"line":306,"column":92}},"144":{"start":{"line":309,"column":4},"end":{"line":314,"column":5}},"145":{"start":{"line":310,"column":6},"end":{"line":313,"column":8}},"146":{"start":{"line":316,"column":4},"end":{"line":316,"column":50}},"147":{"start":{"line":318,"column":4},"end":{"line":318,"column":74}},"148":{"start":{"line":322,"column":0},"end":{"line":322,"column":24}}},"fnMap":{"0":{"name":"(anonymous_0)","decl":{"start":{"line":9,"column":25},"end":{"line":9,"column":26}},"loc":{"start":{"line":9,"column":45},"end":{"line":153,"column":1}},"line":9},"1":{"name":"(anonymous_1)","decl":{"start":{"line":156,"column":22},"end":{"line":156,"column":23}},"loc":{"start":{"line":156,"column":42},"end":{"line":176,"column":1}},"line":156},"2":{"name":"(anonymous_2)","decl":{"start":{"line":179,"column":25},"end":{"line":179,"column":26}},"loc":{"start":{"line":179,"column":39},"end":{"line":189,"column":1}},"line":179},"3":{"name":"(anonymous_3)","decl":{"start":{"line":192,"column":25},"end":{"line":192,"column":26}},"loc":{"start":{"line":192,"column":35},"end":{"line":212,"column":1}},"line":192},"4":{"name":"(anonymous_4)","decl":{"start":{"line":215,"column":29},"end":{"line":215,"column":30}},"loc":{"start":{"line":215,"column":49},"end":{"line":241,"column":1}},"line":215},"5":{"name":"(anonymous_5)","decl":{"start":{"line":235,"column":29},"end":{"line":235,"column":30}},"loc":{"start":{"line":235,"column":34},"end":{"line":235,"column":46}},"line":235},"6":{"name":"(anonymous_6)","decl":{"start":{"line":244,"column":29},"end":{"line":244,"column":30}},"loc":{"start":{"line":244,"column":49},"end":{"line":281,"column":1}},"line":244},"7":{"name":"(anonymous_7)","decl":{"start":{"line":284,"column":34},"end":{"line":284,"column":35}},"loc":{"start":{"line":284,"column":54},"end":{"line":294,"column":1}},"line":284},"8":{"name":"(anonymous_8)","decl":{"start":{"line":297,"column":34},"end":{"line":297,"column":35}},"loc":{"start":{"line":297,"column":54},"end":{"line":320,"column":1}},"line":297}},"branchMap":{"0":{"loc":{"start":{"line":15,"column":40},"end":{"line":15,"column":54}},"type":"binary-expr","locations":[{"start":{"line":15,"column":40},"end":{"line":15,"column":48}},{"start":{"line":15,"column":52},"end":{"line":15,"column":54}}],"line":15},"1":{"loc":{"start":{"line":16,"column":44},"end":{"line":16,"column":58}},"type":"binary-expr","locations":[{"start":{"line":16,"column":44},"end":{"line":16,"column":52}},{"start":{"line":16,"column":56},"end":{"line":16,"column":58}}],"line":16},"2":{"loc":{"start":{"line":17,"column":46},"end":{"line":17,"column":60}},"type":"binary-expr","locations":[{"start":{"line":17,"column":46},"end":{"line":17,"column":54}},{"start":{"line":17,"column":58},"end":{"line":17,"column":60}}],"line":17},"3":{"loc":{"start":{"line":23,"column":4},"end":{"line":23,"column":19}},"type":"default-arg","locations":[{"start":{"line":23,"column":11},"end":{"line":23,"column":19}}],"line":23},"4":{"loc":{"start":{"line":39,"column":62},"end":{"line":39,"column":84}},"type":"cond-expr","locations":[{"start":{"line":39,"column":69},"end":{"line":39,"column":80}},{"start":{"line":39,"column":83},"end":{"line":39,"column":84}}],"line":39},"5":{"loc":{"start":{"line":40,"column":65},"end":{"line":40,"column":89}},"type":"cond-expr","locations":[{"start":{"line":40,"column":73},"end":{"line":40,"column":85}},{"start":{"line":40,"column":88},"end":{"line":40,"column":89}}],"line":40},"6":{"loc":{"start":{"line":41,"column":27},"end":{"line":41,"column":57}},"type":"cond-expr","locations":[{"start":{"line":41,"column":38},"end":{"line":41,"column":48}},{"start":{"line":41,"column":51},"end":{"line":41,"column":57}}],"line":41},"7":{"loc":{"start":{"line":41,"column":96},"end":{"line":41,"column":126}},"type":"cond-expr","locations":[{"start":{"line":41,"column":107},"end":{"line":41,"column":122}},{"start":{"line":41,"column":125},"end":{"line":41,"column":126}}],"line":41},"8":{"loc":{"start":{"line":42,"column":71},"end":{"line":42,"column":99}},"type":"cond-expr","locations":[{"start":{"line":42,"column":81},"end":{"line":42,"column":95}},{"start":{"line":42,"column":98},"end":{"line":42,"column":99}}],"line":42},"9":{"loc":{"start":{"line":43,"column":62},"end":{"line":43,"column":84}},"type":"cond-expr","locations":[{"start":{"line":43,"column":69},"end":{"line":43,"column":80}},{"start":{"line":43,"column":83},"end":{"line":43,"column":84}}],"line":43},"10":{"loc":{"start":{"line":44,"column":65},"end":{"line":44,"column":89}},"type":"cond-expr","locations":[{"start":{"line":44,"column":73},"end":{"line":44,"column":85}},{"start":{"line":44,"column":88},"end":{"line":44,"column":89}}],"line":44},"11":{"loc":{"start":{"line":52,"column":2},"end":{"line":52,"column":62}},"type":"if","locations":[{"start":{"line":52,"column":2},"end":{"line":52,"column":62}},{"start":{},"end":{}}],"line":52},"12":{"loc":{"start":{"line":52,"column":6},"end":{"line":52,"column":33}},"type":"binary-expr","locations":[{"start":{"line":52,"column":6},"end":{"line":52,"column":11}},{"start":{"line":52,"column":15},"end":{"line":52,"column":33}}],"line":52},"13":{"loc":{"start":{"line":53,"column":2},"end":{"line":53,"column":65}},"type":"if","locations":[{"start":{"line":53,"column":2},"end":{"line":53,"column":65}},{"start":{},"end":{}}],"line":53},"14":{"loc":{"start":{"line":53,"column":6},"end":{"line":53,"column":35}},"type":"binary-expr","locations":[{"start":{"line":53,"column":6},"end":{"line":53,"column":12}},{"start":{"line":53,"column":16},"end":{"line":53,"column":35}}],"line":53},"15":{"loc":{"start":{"line":54,"column":2},"end":{"line":54,"column":74}},"type":"if","locations":[{"start":{"line":54,"column":2},"end":{"line":54,"column":74}},{"start":{},"end":{}}],"line":54},"16":{"loc":{"start":{"line":54,"column":6},"end":{"line":54,"column":41}},"type":"binary-expr","locations":[{"start":{"line":54,"column":6},"end":{"line":54,"column":15}},{"start":{"line":54,"column":19},"end":{"line":54,"column":41}}],"line":54},"17":{"loc":{"start":{"line":55,"column":2},"end":{"line":55,"column":71}},"type":"if","locations":[{"start":{"line":55,"column":2},"end":{"line":55,"column":71}},{"start":{},"end":{}}],"line":55},"18":{"loc":{"start":{"line":55,"column":6},"end":{"line":55,"column":39}},"type":"binary-expr","locations":[{"start":{"line":55,"column":6},"end":{"line":55,"column":14}},{"start":{"line":55,"column":18},"end":{"line":55,"column":39}}],"line":55},"19":{"loc":{"start":{"line":56,"column":2},"end":{"line":56,"column":62}},"type":"if","locations":[{"start":{"line":56,"column":2},"end":{"line":56,"column":62}},{"start":{},"end":{}}],"line":56},"20":{"loc":{"start":{"line":56,"column":6},"end":{"line":56,"column":33}},"type":"binary-expr","locations":[{"start":{"line":56,"column":6},"end":{"line":56,"column":11}},{"start":{"line":56,"column":15},"end":{"line":56,"column":33}}],"line":56},"21":{"loc":{"start":{"line":57,"column":2},"end":{"line":57,"column":65}},"type":"if","locations":[{"start":{"line":57,"column":2},"end":{"line":57,"column":65}},{"start":{},"end":{}}],"line":57},"22":{"loc":{"start":{"line":57,"column":6},"end":{"line":57,"column":35}},"type":"binary-expr","locations":[{"start":{"line":57,"column":6},"end":{"line":57,"column":12}},{"start":{"line":57,"column":16},"end":{"line":57,"column":35}}],"line":57},"23":{"loc":{"start":{"line":62,"column":31},"end":{"line":62,"column":58}},"type":"binary-expr","locations":[{"start":{"line":62,"column":31},"end":{"line":62,"column":36}},{"start":{"line":62,"column":40},"end":{"line":62,"column":58}}],"line":62},"24":{"loc":{"start":{"line":63,"column":32},"end":{"line":63,"column":61}},"type":"binary-expr","locations":[{"start":{"line":63,"column":32},"end":{"line":63,"column":38}},{"start":{"line":63,"column":42},"end":{"line":63,"column":61}}],"line":63},"25":{"loc":{"start":{"line":64,"column":35},"end":{"line":64,"column":70}},"type":"binary-expr","locations":[{"start":{"line":64,"column":35},"end":{"line":64,"column":44}},{"start":{"line":64,"column":48},"end":{"line":64,"column":70}}],"line":64},"26":{"loc":{"start":{"line":64,"column":82},"end":{"line":64,"column":114}},"type":"cond-expr","locations":[{"start":{"line":64,"column":93},"end":{"line":64,"column":103}},{"start":{"line":64,"column":106},"end":{"line":64,"column":114}}],"line":64},"27":{"loc":{"start":{"line":65,"column":34},"end":{"line":65,"column":67}},"type":"binary-expr","locations":[{"start":{"line":65,"column":34},"end":{"line":65,"column":42}},{"start":{"line":65,"column":46},"end":{"line":65,"column":67}}],"line":65},"28":{"loc":{"start":{"line":66,"column":31},"end":{"line":66,"column":58}},"type":"binary-expr","locations":[{"start":{"line":66,"column":31},"end":{"line":66,"column":36}},{"start":{"line":66,"column":40},"end":{"line":66,"column":58}}],"line":66},"29":{"loc":{"start":{"line":67,"column":32},"end":{"line":67,"column":61}},"type":"binary-expr","locations":[{"start":{"line":67,"column":32},"end":{"line":67,"column":38}},{"start":{"line":67,"column":42},"end":{"line":67,"column":61}}],"line":67},"30":{"loc":{"start":{"line":69,"column":2},"end":{"line":85,"column":3}},"type":"if","locations":[{"start":{"line":69,"column":2},"end":{"line":85,"column":3}},{"start":{},"end":{}}],"line":69},"31":{"loc":{"start":{"line":73,"column":12},"end":{"line":73,"column":26}},"type":"binary-expr","locations":[{"start":{"line":73,"column":12},"end":{"line":73,"column":16}},{"start":{"line":73,"column":20},"end":{"line":73,"column":26}}],"line":73},"32":{"loc":{"start":{"line":74,"column":13},"end":{"line":74,"column":28}},"type":"binary-expr","locations":[{"start":{"line":74,"column":13},"end":{"line":74,"column":18}},{"start":{"line":74,"column":22},"end":{"line":74,"column":28}}],"line":74},"33":{"loc":{"start":{"line":75,"column":16},"end":{"line":75,"column":46}},"type":"cond-expr","locations":[{"start":{"line":75,"column":27},"end":{"line":75,"column":37}},{"start":{"line":75,"column":40},"end":{"line":75,"column":46}}],"line":75},"34":{"loc":{"start":{"line":76,"column":15},"end":{"line":76,"column":32}},"type":"binary-expr","locations":[{"start":{"line":76,"column":15},"end":{"line":76,"column":22}},{"start":{"line":76,"column":26},"end":{"line":76,"column":32}}],"line":76},"35":{"loc":{"start":{"line":77,"column":12},"end":{"line":77,"column":26}},"type":"binary-expr","locations":[{"start":{"line":77,"column":12},"end":{"line":77,"column":16}},{"start":{"line":77,"column":20},"end":{"line":77,"column":26}}],"line":77},"36":{"loc":{"start":{"line":78,"column":13},"end":{"line":78,"column":28}},"type":"binary-expr","locations":[{"start":{"line":78,"column":13},"end":{"line":78,"column":18}},{"start":{"line":78,"column":22},"end":{"line":78,"column":28}}],"line":78},"37":{"loc":{"start":{"line":83,"column":34},"end":{"line":83,"column":48}},"type":"binary-expr","locations":[{"start":{"line":83,"column":34},"end":{"line":83,"column":42}},{"start":{"line":83,"column":46},"end":{"line":83,"column":48}}],"line":83},"38":{"loc":{"start":{"line":93,"column":4},"end":{"line":95,"column":5}},"type":"if","locations":[{"start":{"line":93,"column":4},"end":{"line":95,"column":5}},{"start":{},"end":{}}],"line":93},"39":{"loc":{"start":{"line":106,"column":51},"end":{"line":106,"column":62}},"type":"binary-expr","locations":[{"start":{"line":106,"column":51},"end":{"line":106,"column":54}},{"start":{"line":106,"column":58},"end":{"line":106,"column":62}}],"line":106},"40":{"loc":{"start":{"line":106,"column":64},"end":{"line":10
[...]
column":38}},"94":{"start":{"line":207,"column":29},"end":{"line":207,"column":37}},"95":{"start":{"line":209,"column":4},"end":{"line":211,"column":5}},"96":{"start":{"line":210,"column":6},"end":{"line":210,"column":81}},"97":{"start":{"line":214,"column":20},"end":{"line":217,"column":5}},"98":{"start":{"line":219,"column":4},"end":{"line":221,"column":5}},"99":{"start":{"line":220,"column":6},"end":{"line":220,"column":85}},"100":{"start":{"line":224,"column":24},"end":{"line":224,"column":26}},"101":{"start":{"line":225,"column":4},"end":{"line":238,"column":5}},"102":{"start":{"line":226,"column":6},"end":{"line":229,"column":8}},"103":{"start":{"line":232,"column":6},"end":{"line":235,"column":8}},"104":{"start":{"line":237,"column":6},"end":{"line":237,"column":36}},"105":{"start":{"line":240,"column":4},"end":{"line":244,"column":7}},"106":{"start":{"line":246,"column":4},"end":{"line":246,"column":74}},"107":{"start":{"line":251,"column":0},"end":{"line":326,"column":3}},"108":{"start":{"line":252,"column":2},"end":{"line":325,"column":3}},"109":{"start":{"line":253,"column":20},"end":{"line":253,"column":38}},"110":{"start":{"line":256,"column":21},"end":{"line":262,"column":17}},"111":{"start":{"line":264,"column":4},"end":{"line":266,"column":5}},"112":{"start":{"line":265,"column":6},"end":{"line":265,"column":66}},"113":{"start":{"line":268,"column":18},"end":{"line":268,"column":27}},"114":{"start":{"line":269,"column":27},"end":{"line":269,"column":88}},"115":{"start":{"line":272,"column":25},"end":{"line":281,"column":6}},"116":{"start":{"line":284,"column":28},"end":{"line":312,"column":56}},"117":{"start":{"line":285,"column":30},"end":{"line":285,"column":81}},"118":{"start":{"line":286,"column":28},"end":{"line":286,"column":107}},"119":{"start":{"line":289,"column":29},"end":{"line":289,"column":92}},"120":{"start":{"line":289,"column":61},"end":{"line":289,"column":91}},"121":{"start":{"line":290,"column":35},"end":{"line":291,"column":65}},"122":{"start":{"line":294,"column":23},"end":{"line":294,"column":52}},"123":{"start":{"line":295,"column":24},"end":{"line":295,"column":56}},"124":{"start":{"line":298,"column":27},"end":{"line":298,"column":76}},"125":{"start":{"line":300,"column":6},"end":{"line":310,"column":8}},"126":{"start":{"line":311,"column":19},"end":{"line":311,"column":38}},"127":{"start":{"line":312,"column":22},"end":{"line":312,"column":55}},"128":{"start":{"line":314,"column":4},"end":{"line":322,"column":7}},"129":{"start":{"line":324,"column":4},"end":{"line":324,"column":74}},"130":{"start":{"line":329,"column":0},"end":{"line":373,"column":3}},"131":{"start":{"line":330,"column":2},"end":{"line":372,"column":3}},"132":{"start":{"line":331,"column":19},"end":{"line":331,"column":36}},"133":{"start":{"line":334,"column":4},"end":{"line":336,"column":5}},"134":{"start":{"line":335,"column":6},"end":{"line":335,"column":86}},"135":{"start":{"line":339,"column":22},"end":{"line":352,"column":16}},"136":{"start":{"line":355,"column":24},"end":{"line":355,"column":38}},"137":{"start":{"line":356,"column":23},"end":{"line":359,"column":9}},"138":{"start":{"line":358,"column":6},"end":{"line":358,"column":21}},"139":{"start":{"line":361,"column":23},"end":{"line":361,"column":72}},"140":{"start":{"line":361,"column":56},"end":{"line":361,"column":69}},"141":{"start":{"line":363,"column":4},"end":{"line":369,"column":7}},"142":{"start":{"line":371,"column":4},"end":{"line":371,"column":74}},"143":{"start":{"line":376,"column":0},"end":{"line":428,"column":3}},"144":{"start":{"line":377,"column":2},"end":{"line":379,"column":3}},"145":{"start":{"line":378,"column":4},"end":{"line":378,"column":91}},"146":{"start":{"line":381,"column":2},"end":{"line":427,"column":3}},"147":{"start":{"line":382,"column":19},"end":{"line":382,"column":36}},"148":{"start":{"line":385,"column":21},"end":{"line":393,"column":16}},"149":{"start":{"line":396,"column":21},"end":{"line":400,"column":16}},"150":{"start":{"line":403,"column":24},"end":{"line":403,"column":37}},"151":{"start":{"line":404,"column":27},"end":{"line":404,"column":88}},"152":{"start":{"line":404,"column":46},"end":{"line":404,"column":80}},"153":{"start":{"line":405,"column":33},"end":{"line":405,"column":101}},"154":{"start":{"line":405,"column":52},"end":{"line":405,"column":93}},"155":{"start":{"line":407,"column":29},"end":{"line":410,"column":10}},"156":{"start":{"line":408,"column":6},"end":{"line":408,"column":57}},"157":{"start":{"line":409,"column":6},"end":{"line":409,"column":17}},"158":{"start":{"line":413,"column":29},"end":{"line":413,"column":99}},"159":{"start":{"line":415,"column":4},"end":{"line":424,"column":7}},"160":{"start":{"line":426,"column":4},"end":{"line":426,"column":74}},"161":{"start":{"line":431,"column":0},"end":{"line":481,"column":3}},"162":{"start":{"line":432,"column":2},"end":{"line":434,"column":3}},"163":{"start":{"line":433,"column":4},"end":{"line":433,"column":82}},"164":{"start":{"line":436,"column":2},"end":{"line":480,"column":3}},"165":{"start":{"line":438,"column":29},"end":{"line":440,"column":5}},"166":{"start":{"line":443,"column":31},"end":{"line":448,"column":6}},"167":{"start":{"line":451,"column":28},"end":{"line":455,"column":6}},"168":{"start":{"line":458,"column":28},"end":{"line":470,"column":6}},"169":{"start":{"line":472,"column":4},"end":{"line":477,"column":7}},"170":{"start":{"line":479,"column":4},"end":{"line":479,"column":74}},"171":{"start":{"line":484,"column":0},"end":{"line":516,"column":3}},"172":{"start":{"line":485,"column":2},"end":{"line":487,"column":3}},"173":{"start":{"line":486,"column":4},"end":{"line":486,"column":81}},"174":{"start":{"line":489,"column":2},"end":{"line":515,"column":3}},"175":{"start":{"line":490,"column":19},"end":{"line":490,"column":36}},"176":{"start":{"line":492,"column":22},"end":{"line":500,"column":16}},"177":{"start":{"line":503,"column":23},"end":{"line":503,"column":101}},"178":{"start":{"line":504,"column":20},"end":{"line":506,"column":16}},"179":{"start":{"line":505,"column":6},"end":{"line":505,"column":153}},"180":{"start":{"line":508,"column":23},"end":{"line":508,"column":43}},"181":{"start":{"line":510,"column":4},"end":{"line":510,"column":46}},"182":{"start":{"line":511,"column":4},"end":{"line":511,"column":99}},"183":{"start":{"line":512,"column":4},"end":{"line":512,"column":25}},"184":{"start":{"line":514,"column":4},"end":{"line":514,"column":74}},"185":{"start":{"line":518,"column":0},"end":{"line":518,"column":24}}},"fnMap":{"0":{"name":"(anonymous_0)","decl":{"start":{"line":7,"column":22},"end":{"line":7,"column":23}},"loc":{"start":{"line":7,"column":42},"end":{"line":14,"column":1}},"line":7},"1":{"name":"(anonymous_1)","decl":{"start":{"line":16,"column":25},"end":{"line":16,"column":26}},"loc":{"start":{"line":16,"column":45},"end":{"line":24,"column":1}},"line":16},"2":{"name":"(anonymous_2)","decl":{"start":{"line":26,"column":23},"end":{"line":26,"column":24}},"loc":{"start":{"line":26,"column":43},"end":{"line":39,"column":1}},"line":26},"3":{"name":"(anonymous_3)","decl":{"start":{"line":41,"column":25},"end":{"line":41,"column":26}},"loc":{"start":{"line":41,"column":45},"end":{"line":53,"column":1}},"line":41},"4":{"name":"(anonymous_4)","decl":{"start":{"line":55,"column":28},"end":{"line":55,"column":29}},"loc":{"start":{"line":55,"column":48},"end":{"line":63,"column":1}},"line":55},"5":{"name":"(anonymous_5)","decl":{"start":{"line":66,"column":28},"end":{"line":66,"column":29}},"loc":{"start":{"line":66,"column":48},"end":{"line":77,"column":1}},"line":66},"6":{"name":"(anonymous_6)","decl":{"start":{"line":80,"column":28},"end":{"line":80,"column":29}},"loc":{"start":{"line":80,"column":48},"end":{"line":92,"column":1}},"line":80},"7":{"name":"(anonymous_7)","decl":{"start":{"line":95,"column":30},"end":{"line":95,"column":31}},"loc":{"start":{"line":95,"column":50},"end":{"line":102,"column":1}},"line":95},"8":{"name":"(anonymous_8)","decl":{"start":{"line":105,"column":34},"end":{"line":105,"column":35}},"loc":{"start":{"line":105,"column":54},"end":{"line":113,"column":1}},"line":105},"9":{"name":"(anonymous_9)","decl":{"start":{"line":116,"column":36},"end":{"line":116,"column":37}},"loc":{"start":{"line":116,"column":56},"end":{"line":197,"column":1}},"line":116},"10":{"name":"(anonymous_10)","decl":{"start":{"line":175,"column":14},"end":{"line":175,"column":15}},"loc":{"start":{"line":175,"column":19},"end":{"line":175,"column":30}},"line":175},"11":{"name":"(anonymous_11)","decl":{"start":{"line":176,"column":11},"end":{"line":176,"column":12}},"loc":{"start":{"line":176,"column":17},"end":{"line":180,"column":7}},"line":176},"12":{"name":"(anonymous_12)","decl":{"start":{"line":181,"column":12},"end":{"line":181,"column":13}},"loc":{"start":{"line":181,"column":22},"end":{"line":181,"column":61}},"line":181},"13":{"name":"(anonymous_13)","decl":{"start":{"line":200,"column":38},"end":{"line":200,"column":39}},"loc":{"start":{"line":200,"column":58},"end":{"line":248,"column":1}},"line":200},"14":{"name":"(anonymous_14)","decl":{"start":{"line":251,"column":46},"end":{"line":251,"column":47}},"loc":{"start":{"line":251,"column":66},"end":{"line":326,"column":1}},"line":251},"15":{"name":"(anonymous_15)","decl":{"start":{"line":284,"column":43},"end":{"line":284,"column":44}},"loc":{"start":{"line":284,"column":56},"end":{"line":311,"column":5}},"line":284},"16":{"name":"(anonymous_16)","decl":{"start":{"line":289,"column":52},"end":{"line":289,"column":53}},"loc":{"start":{"line":289,"column":61},"end":{"line":289,"column":91}},"line":289},"17":{"name":"(anonymous_17)","decl":{"start":{"line":311,"column":14},"end":{"line":311,"column":15}},"loc":{"start":{"line":311,"column":19},"end":{"line":311,"column":38}},"line":311},"18":{"name":"(anonymous_18)","decl":{"start":{"line":312,"column":12},"end":{"line":312,"column":13}},"loc":{"start":{"line":312,"column":22},"end":{"line":312,"column":55}},"line":312},"19":{"name":"(anonymous_19)","decl":{"start":{"line":329,"column":37},"end":{"line":329,"column":38}},"loc":{"start":{"line":329,"column":57},"end":{"line":373,"column":1}},"line":329},"20":{"name":"(anonymous_20)","decl":{"start":{"line":356,"column":38},"end":{"line":356,"column":39}},"loc":{"start":{"line":356,"column":54},"end":{"line":359,"column":5}},"line":356},"21":{"name":"(anonymous_21)","decl":{"start":{"line":361,"column":47},"end":{"line":361,"column":48}},"loc":{"start":{"line":361,"column":56},"end":{"line":361,"column":69}},"line":361},"22":{"name":"(anonymous_22)","decl":{"start":{"line":376,"column":41},"end":{"line":376,"column":42}},"loc":{"start":{"line":376,"column":61},"end":{"line":428,"column":1}},"line":376},"23":{"name":"(anonymous_23)","decl":{"start":{"line":404,"column":41},"end":{"line":404,"column":42}},"loc":{"start":{"line":404,"column":46},"end":{"line":404,"column":80}},"line":404},"24":{"name":"(anonymous_24)","decl":{"start":{"line":405,"column":47},"end":{"line":405,"column":48}},"loc":{"start":{"line":405,"column":52},"end":{"line":405,"column":93}},"line":405},"25":{"name":"(anonymous_25)","decl":{"start":{"line":407,"column":43},"end":{"line":407,"column":44}},"loc":{"start":{"line":407,"column":59},"end":{"line":410,"column":5}},"line":407},"26":{"name":"(anonymous_26)","decl":{"start":{"line":431,"column":32},"end":{"line":431,"column":33}},"loc":{"start":{"line":431,"column":52},"end":{"line":481,"column":1}},"line":431},"27":{"name":"(anonymous_27)","decl":{"start":{"line":484,"column":44},"end":{"line":484,"column":45}},"loc":{"start":{"line":484,"column":64},"end":{"line":516,"column":1}},"line":484},"28":{"name":"(anonymous_28)","decl":{"start":{"line":504,"column":32},"end":{"line":504,"column":33}},"loc":{"start":{"line":505,"column":6},"end":{"line":505,"column":153}},"line":505}},"branchMap":{"0":{"loc":{"start":{"line":19,"column":4},"end":{"line":19,"column":97}},"type":"if","locations":[{"start":{"line":19,"column":4},"end":{"line":19,"column":97}},{"start":{},"end":{}}],"line":19},"1":{"loc":{"start":{"line":28,"column":2},"end":{"line":28,"column":104}},"type":"if","locations":[{"start":{"line":28,"column":2},"end":{"line":28,"column":104}},{"start":{},"end":{}}],"line":28},"2":{"loc":{"start":{"line":28,"column":6},"end":{"line":28,"column":34}},"type":"binary-expr","locations":[{"start":{"line":28,"column":6},"end":{"line":28,"column":11}},{"start":{"line":28,"column":15},"end":{"line":28,"column":21}},{"start":{"line":28,"column":25},"end":{"line":28,"column":34}}],"line":28},"3":{"loc":{"start":{"line":48,"column":4},"end":{"line":48,"column":99}},"type":"if","locations":[{"start":{"line":48,"column":4},"end":{"line":48,"column":99}},{"start":{},"end":{}}],"line":48},"4":{"loc":{"start":{"line":58,"column":4},"end":{"line":58,"column":99}},"type":"if","locations":[{"start":{"line":58,"column":4},"end":{"line":58,"column":99}},{"start":{},"end":{}}],"line":58},"5":{"loc":{"start":{"line":81,"column":2},"end":{"line":81,"column":89}},"type":"if","locations":[{"start":{"line":81,"column":2},"end":{"line":81,"column":89}},{"start":{},"end":{}}],"line":81},"6":{"loc":{"start":{"line":106,"column":2},"end":{"line":106,"column":89}},"type":"if","locations":[{"start":{"line":106,"column":2},"end":{"line":106,"column":89}},{"start":{},"end":{}}],"line":106},"7":{"loc":{"start":{"line":129,"column":4},"end":{"line":131,"column":5}},"type":"if","locations":[{"start":{"line":129,"column":4},"end":{"line":131,"column":5}},{"start":{},"end":{}}],"line":129},"8":{"loc":{"start":{"line":134,"column":27},"end":{"line":134,"column":88}},"type":"cond-expr","locations":[{"start":{"line":134,"column":51},"end":{"line":134,"column":83}},{"start":{"line":134,"column":86},"end":{"line":134,"column":88}}],"line":134},"9":{"loc":{"start":{"line":163,"column":6},"end":{"line":168,"column":7}},"type":"if","locations":[{"start":{"line":163,"column":6},"end":{"line":168,"column":7}},{"start":{"line":166,"column":13},"end":{"line":168,"column":7}}],"line":163},"10":{"loc":{"start":{"line":178,"column":21},"end":{"line":178,"column":66}},"type":"cond-expr","locations":[{"start":{"line":178,"column":37},"end":{"line":178,"column":61}},{"start":{"line":178,"column":64},"end":{"line":178,"column":66}}],"line":178},"11":{"loc":{"start":{"line":201,"column":2},"end":{"line":203,"column":3}},"type":"if","locations":[{"start":{"line":201,"column":2},"end":{"line":203,"column":3}},{"start":{},"end":{}}],"line":201},"12":{"loc":{"start":{"line":209,"column":4},"end":{"line":211,"column":5}},"type":"if","locations":[{"start":{"line":209,"column":4},"end":{"line":211,"column":5}},{"start":{},"end":{}}],"line":209},"13":{"loc":{"start":{"line":219,"column":4},"end":{"line":221,"column":5}},"type":"if","locations":[{"start":{"line":219,"column":4},"end":{"line":221,"column":5}},{"start":{},"end":{}}],"line":219},"14":{"loc":{"start":{"line":264,"column":4},"end":{"line":266,"column":5}},"type":"if","locations":[{"start":{"line":264,"column":4},"end":{"line":266,"column":5}},{"start":{},"end":{}}],"line":264},"15":{"loc":{"start":{"line":269,"column":27},"end":{"line":269,"column":88}},"type":"cond-expr","locations":[{"start":{"line":269,"column":51},"end":{"line":269,"column":83}},{"start":{"line":269,"column":86},"end":{"line":269,"column":88}}],"line":269},"16":{"loc":{"start":{"line":285,"column":30},"end":{"line":285,"column":81}},"type":"cond-expr","locations":[{"start":{"line":285,"column":49},"end":{"line":285,"column":76}},{"start":{"line":285,"column":79},"end":{"line":285,"column":81}}],"line":285},"17":{"loc":{"start":{"line":286,"column":28},"end":{"line":286,"column":107}},"type":"cond-expr","locations":[{"start":{"line":286,"column":55},"end":{"line":286,"column":102}},{"start":{"line":286,"column":105},"end":{"line":286,"column":107}}],"line":286},"18":{"loc":{"start":{"line":290,"column":35},"end":{"line":291,"column":65}},"type":"cond-expr","locations":[{"start":{"line":291,"column":8},"end":{"line":291,"column":61}},{"start":{"line":291,"column":64},"end":{"line":291,"column":65}}],"line":290},"19":{"loc":{"start":{"line":298,"column":57},"end":{"line":298,"column":75}},"type":"cond-expr","locations":[{"start":{"line":298,"column":69},"end":{"line":298,"column":71}},{"start":{"line":298,"column":74},"end":{"line":298,"column":75}}],"line":298},"20":{"loc":{"start":{"line":334,"column":4},"end":{"line":336,"column":5}},"type":"if","locations":[{"start":{"line":334,"column":4},"end":{"line":336,"column":5}},{"start":{},"end":{}}],"line":334},"21":{"loc":{"start":{"line":334,"column":8},"end":{"line":334,"column":65}},"type":"binary-expr","locations":[{"start":{"line":334,"column":8},"end":{"line":334,"column":34}},{"start":{"line":334,"column":38},"end":{"line":334,"column":65}}],"line":334},"22":{"loc":{"start":{"line":377,"column":2},"end":{"line":379,"column":3}},"type":"if","locations":[{"start":{"line":377,"column":2},"end":{"line":379,"column":3}},{"start":{},"end":{}}],"line":377},"23":{"loc":{"start":{"line":408,"column":28},"end":{"line":408,"column":51}},"type":"binary-expr","locations":[{"start":{"line":408,"column":28},"end":{"line":408,"column":46}},{"start":{"line":408,"column":50},"end":{"line":408,"column":51}}],"line":408},"24":{"loc":{"start":{"line":413,"column":29},"end":{"line":413,"column":99}},"type":"cond-expr","locations":[{"start":{"line":413,"column":47},"end":{"line":413,"column":95}},{"start":{"line":413,"column":98},"end":{"line":413,"column":99}}],"line":413},"25":{"loc":{"start":{"line":432,"column":2},"end":{"line":434,"column":3}},"type":"if","locations":[{"start":{"line":432,"column":2},"end":{"line":434,"column":3}},{"start":{},"end":{}}],"line":432},"26":{"loc":{"start":{"line":485,"column":2},"end":{"line":487,"column":3}},"type":"if","locations":[{"start":{"line":485,"column":2},"end":{"line":487,"column":3}},{"start":{},"end":{}}],"line":485}},"s":{"0":1,"1":1,"2":1,"3":1,"4":1,"5":1,"6":1,"7":1,"8":0,"9":1,"10":4,"11":4,"12":4,"13":1,"14":3,"15":0,"16":1,"17":2,"18":2,"19":1,"20":1,"21":1,"22":1,"23":0,"24":1,"25":3,"26":3,"27":3,"28":3,"29":1,"30":2,"31":0,"32":1,"33":3,"34":3,"35":3,"36":1,"37":2,"38":0,"39":1,"40":2,"41":2,"42":2,"43":2,"44":0,"45":1,"46":2,"47":0,"48":2,"49":2,"50":2,"51":2,"52":0,"53":1,"54":2,"55":2,"56":2,"57":0,"58":1,"59":0,"60":0,"61":0,"62":0,"63":0,"64":0,"65":1,"66":3,"67":3,"68":3,"69":3,"70":1,"71":2,"72":2,"73":2,"74":2,"75":2,"76":2,"77":1,"78":1,"79":1,"80":1,"81":0,"82":1,"83":2,"84":1,"85":1,"86":0,"87":2,"88":0,"89":1,"90":3,"91":0,"92":3,"93":3,"94":3,"95":3,"96":1,"97":2,"98":2,"99":1,"100":1,"101":1,"102":2,"103":2,"104":2,"105":1,"106":0,"107":1,"108":2,"109":2,"110":2,"111":2,"112":1,"113":1,"114":1,"115":1,"116":1,"117":1,"118":1,"119":1,"120":2,"121":1,"122":1,"123":1,"124":1,"125":1,"126":1,"127":0,"128":1,"129":0,"130":1,"131":1,"132":1,"133":1,"134":0,"135":1,"136":1,"137":1,"138":1,"139":1,"140":1,"141":1,"142":0,"143":1,"144":1,"145":0,"146":1,"147":1,"148":1,"149":1,"150":1,"151":1,"152":1,"153":1,"154":1,"155":1,"156":1,"157":1,"158":1,"159":1,"160":0,"161":1,"162":0,"163":0,"164":0,"165":0,"166":0,"167":0,"168":0,"169":0,"170":0,"171":1,"172":1,"173":0,"174":1,"175":1,"176":1,"177":1,"178":1,"179":1,"180":1,"181":1,"182":1,"183":1,"184":0,"185":1},"f":{"0":1,"1":4,"2":2,"3":3,"4":3,"5":2,"6":2,"7":2,"8":0,"9":3,"10":1,"11":1,"12":0,"13":3,"14":2,"15":1,"16":2,"17":1,"18":0,"19":1,"20":1,"21":1,"22":1,"23":1,"24":1,"25":1,"26":0,"27":1,"28":1},"b":{"0":[1,3],"1":[1,1],"2":[2,2,2],"3":[1,2],"4":[1,2],"5":[0,2],"6":[0,0],"7":[1,2],"8":[2,0],"9":[1,0],"10":[1,0],"11":[0,3],"12":[1,2],"13":[1,1],"14":[1,1],"15":[1,0],"16":[1,0],"17":[1,0],"18":[1,0],"19":[0,1],"20":[0,1],"21":[1,0],"22":[0,1],"23":[1,1],"24":[1,0],"25":[0,0],"26":[0,1]},"_coverageSchema":"1a1c01bbd47fc00a2c39e90264f33305004495a9","hash":"6bf89d63510cfc83bf8093d756f33beb6f8ceaa4"}
}
